  WARNING:  'chease_input.xml' file missing,
             now will see if namelist given in file: 'chease_namelist'
 
 
 
 
 
 
 
 
 
 

 &EQDATA                                                                         
 

  RELAX= 0.,  NDIAGOP= 1,  NBSEXPQ=1111,                                         
 

  NPROPT=2,                                                                      
 

  NIDEAL=9,                                                                      
  namelist read from file chease_namelist
 nitmshot=           -1          -1
 NITMOPT=            0
 NITMSHOT=           -1          -1
 equilibrium not taken from ITM structure, thus eqchease_in not allocated
  parameters not associated
 NITMOPT =            0

 CPU TIME USED SO FAR =  1.300000E-05 SECS



 ******************

 NAMELIST VARIABLES

 ******************


&EQDATA
 AFBS= 15*0.0000000000000000       ,
 AFBS2= 15*0.0000000000000000       ,
 AP= 0.10000000000000001     , 0.50000000000000000     , 13*0.0000000000000000       ,
 APLACE= 10*0.0000000000000000       ,
 AP2= 0.10000000000000001     , 0.50000000000000000     , 13*0.0000000000000000       ,
 ASPCT= 0.74459980536479420     ,
 AT= 0.10000000000000001     , 0.50000000000000000     , 13*0.0000000000000000       ,
 AT2= 0.10000000000000001     , 0.50000000000000000     , 13*0.0000000000000000       ,
 AT3= 0.10000000000000001     , 0.50000000000000000     , 13*0.0000000000000000       ,
 AT4= 0.10000000000000001     , 0.50000000000000000     , 13*0.0000000000000000       ,
 AWIDTH= 10*0.0000000000000000       ,
 BEANS=  0.0000000000000000     ,
 BENTAXIS=  1.0149999999999999     ,
 BENTQPROFILE=  0.0000000000000000     ,
 BENTRADIUS= 0.50000000000000000     ,
 BPLACE= 10*0.0000000000000000       ,
 BSFRAC= 0.50000000000000000     ,
 BWIDTH= 10*0.0000000000000000       ,
 B0EXP= 0.47550937999999998     ,
 CETA=  0.0000000000000000     ,
 CFBAL=  1.0000000000000000     ,
 CFNRESS=  1.0000000000000000     ,
 CFNRESSO=  1.0000000000000000     ,
 COCOS_IN=2          ,
 COCOS_OUT=2          ,
 CPLACE= 0.94999999999999996     , 0.98999999999999999     ,  1.0000000000000000     , 7*0.0000000000000000       ,
 CPRESS=  1.0000000000000000     ,
 CPRESSO=  1.0000000000000000     ,
 CQ0= 0.75000000000000000     ,
 CSSPEC=  0.0000000000000000     ,
 CURRT=  2.9415494379002287     ,
 CWIDTH= 0.10000000000000001     ,  2.0000000000000000E-002,  5.0000000000000003E-002, 7*0.0000000000000000       ,
 DELTA=  0.0000000000000000     ,
 DPLACE= 10*0.0000000000000000       ,
 DWIDTH= 10*0.0000000000000000       ,
 ELONG=  1.0000000000000000     ,
 EPLACE= 10*0.0000000000000000       ,
 ETAEI= 0.33000000000000002     ,
 EWIDTH= 10*0.0000000000000000       ,
 EPSLON=  1.0000000000000000E-010,
 GAMMA=  1.6666666667000001     ,
 PANGLE=  0.0000000000000000     ,
 PPRIME_BAL_MAX=  6.0000000000000000     ,
 PREDGE=  1.3104598997431933E-003,
 PSIBNDEXP= -9.0000000000000006E+040,
 PSISCL=  1.0000000000000000     ,
 QSPEC=  1.0000000010000001     ,
 QPLACE= 10*0.0000000000000000       ,
 QWIDTH= 10*0.0000000000000000       ,
 QVALNEO=  0.0000000000000000     ,  1.0000000000000000     ,  1.5000000000000000     ,  2.0000000000000000     ,  3.0000000000000000     ,
   4.0000000000000000     , 4*0.0000000000000000       ,
 RBOXLEN=  1.3565839040000001     ,
 RBOXLFT= 0.14985751999999999     ,
 RC=  1.0000000000000000     ,
 RELAX=  0.0000000000000000     ,
 REXT=  1.0000000000000000     ,
 RNU=  0.0000000000000000     ,
 RODABYROD0=  1.0000000000000000     ,
 RPEOP= 0.50000000000000000     ,
 RZION=  1.5000000000000000     ,
 RZ0= -9.8283924376066811E-002,
 RZ0C=  0.0000000000000000     ,
 RZ0W=  0.0000000000000000     ,
 R0=  1.1131116734117648     ,
 R0EXP= 0.84999999999999998     ,
 R0W=  1.0000000000000000     ,
 SCALNE=  0.0000000000000000     ,
 SCEXP=  1.0000000000000000     ,
 SIGNB0XP=  1.0000000000000000     ,
 SIGNIPXP=  1.0000000000000000     ,
 SGMA=  0.0000000000000000     ,
 SLIMIT=  100000.00000000000     ,
 SNUMBER=  10000000.000000000     ,
 SOLPDA=  0.0000000000000000     ,
 SOLPDB=  0.0000000000000000     ,
 SOLPDC= 0.69999999999999996     ,
 SOLPDD=  0.0000000000000000     ,
 SOLPDE=  0.0000000000000000     ,
 SOLPDPOL= 0.25000000000000000     ,
 SHIFT_P=0          ,
 TENSPROF=  0.0000000000000000     ,
 TENSBND=-0.29999999999999999     ,
 THETA0=  0.0000000000000000     ,
 TIME_REF= 20*-999.00000000000000      ,
 TREEITM= 2*"euitm                                                                                                                   ",
 TREE_USER= 2*"joeschm                         ",
 TREE_TOKAMAK= 2*"test                            ",
 TREE_MAJORVERSION= 2*"3",
 TRIANG=  0.0000000000000000     ,
 TRIPLT=  0.0000000000000000     ,
 XI=  0.0000000000000000     ,
 ZBOXLEN=  2.5465978119999999     ,
 ZBOXMID= -7.9665898199999998E-003,
 MDT=1          ,
 MSMAX=1          ,
 N0JEDGE=0          ,
 NANAL=0          ,
 NBAL=1          ,
 NBLC0=16         ,
 NBLOPT=0          ,
 NBPSOUT=300        ,
 NBSEXPQ=1111       ,
 NBSFUN=1          ,
 NBSOPT=0          ,
 NBSTRP=1          ,
 NCHI=220        ,
 NCSCAL=1          ,
 NDIAGOP=1          ,
 NDIFPS=0          ,
 NDIFT=1          ,
 NEGP=0          ,
 NEONBQS=7          ,
 NEQDSK=1          ,
 NER=2          ,
 NIDSBOUND=0          ,
 NITMOCC= 2*0          ,
 NITMOPT=0          ,
 NITMRUN= 2*-1         ,
 NITMSHOT= 2*-1         ,
 NFFTOPT=1          ,
 NFIXAXIS=0          ,
 NFIXWALL=1          ,
 NFUNC=4          ,
 NFUNRHO=0          ,
 NIDEAL=9          ,
 NINBLOPT=20         ,
 NINMAP=40         ,
 NINSCA=40         ,
 NIPR=1          ,
 NISO=220        ,
 NMESHA=0          ,
 NMESHB=0          ,
 NMESHC=1          ,
 NMESHD=0          ,
 NMESHE=0          ,
 NMESHPOL=0          ,
 NMESHPOLEXP=6          ,
 NMGAUS=4          ,
 NOPT=0          ,
 NOUTXTOR=0          ,
 NPLOT=0          ,
 NPOIDA=0          ,
 NPOIDB=0          ,
 NPOIDC=2          ,
 NPOIDD=0          ,
 NPOIDE=0          ,
 NPOIDQ=0          ,
 NPP=1          ,
 NPPFUN=4          ,
 NPPR=24         ,
 NPROF2D=0          ,
 NPROFZ=0          ,
 NPROPT=2          ,
 NPRPSI=0          ,
 NPSI=220        ,
 NRBOX=513        ,
 NRBOX_XTOR= 10*401        ,
 NRFP=0          ,
 NRHOMESH=0          ,
 NRSCAL=0          ,
 NS=60         ,
 NSGAUS=4          ,
 NSMOOTH=1          ,
 NSOUR=2          ,
 NSTTP=1          ,
 NSURF=6          ,
 NSYM=0          ,
 NT=60         ,
 NTCASE=0          ,
 NTGAUS=4          ,
 NTEST=0          ,
 NTMF0=0          ,
 NTNOVA=12         ,
 NTURN=20         ,
 NV=60         ,
 NVEXP=0          ,
 NZBOX=513        ,
 NZBOX_XTOR= 10*401        ,
 NEQDXTPO=1          ,
 NVERBOSE=1          ,
 COMMENTS="&EQDATA                                                                                                                 "," RELAX= 0.,  NDIAGOP= 1,  NBSEXPQ=1111,                                                                                 "," NPROPT=2,                                                                                                              "," NIDEAL=9,                                                                                                              ",
 /


  NS =   40     NT =   40     NPSI =  220     NCHI =  220     NINSCA =   40
 
 SIGMA - MESH
    0.0000E+00   3.5198E-02   7.0357E-02   1.0547E-01   1.4053E-01   1.7554E-01   2.1048E-01   2.4535E-01
    2.8014E-01   3.1483E-01   3.4941E-01   3.8387E-01   4.1817E-01   4.5229E-01   4.8620E-01   5.1986E-01
    5.5322E-01   5.8621E-01   6.1874E-01   6.5072E-01   6.8202E-01   7.1247E-01   7.4189E-01   7.7005E-01
    7.9671E-01   8.2166E-01   8.4473E-01   8.6584E-01   8.8504E-01   9.0244E-01   9.1822E-01   9.3250E-01
    9.4524E-01   9.5632E-01   9.6562E-01   9.7321E-01   9.7945E-01   9.8481E-01   9.8973E-01   9.9465E-01
    1.0000E+00
 
 THETA - MESH
   -2.0780E-01   1.8787E-01   5.3544E-01   8.2776E-01   1.0686E+00   1.2652E+00   1.4266E+00   1.5598E+00
    1.6704E+00   1.7628E+00   1.8414E+00   1.9116E+00   1.9788E+00   2.0478E+00   2.1218E+00   2.2035E+00
    2.2954E+00   2.4002E+00   2.5203E+00   2.6575E+00   2.8119E+00   2.9809E+00   3.1586E+00   3.3367E+00
    3.5066E+00   3.6625E+00   3.8014E+00   3.9234E+00   4.0301E+00   4.1235E+00   4.2059E+00   4.2792E+00
    4.3472E+00   4.4202E+00   4.5131E+00   4.6377E+00   4.8032E+00   5.0221E+00   5.3090E+00   5.6694E+00
    6.0754E+00
 
 RHOS - MESH
    5.6710E-01   5.9713E-01   6.4802E-01   7.1069E-01   7.8742E-01   8.7055E-01   9.5979E-01   1.0542E+00
    1.1556E+00   1.2629E+00   1.3602E+00   1.4162E+00   1.4181E+00   1.3803E+00   1.3203E+00   1.2491E+00
    1.1729E+00   1.0961E+00   1.0232E+00   9.5883E-01   9.0815E-01   8.7525E-01   8.6341E-01   8.7376E-01
    9.0478E-01   9.5372E-01   1.0158E+00   1.0865E+00   1.1622E+00   1.2400E+00   1.3182E+00   1.3958E+00
    1.4293E+00   1.3025E+00   1.1180E+00   9.6851E-01   8.4197E-01   7.3251E-01   6.4142E-01   5.8015E-01
    5.6710E-01



 *****************************************

 POSITION OF THE CALCULATION MESH CENTER : R0 =   1.11311167E+00   Z0 =  -9.82839244E-02

 *****************************************
 

 CPU TIME USED SO FAR =  1.160720E+00 SECS


  NS =   60     NT =   60     NPSI =  220     NCHI =  220     NINSCA =   40
 
 SIGMA - MESH
    0.0000E+00   2.3470E-02   4.6922E-02   7.0357E-02   9.3771E-02   1.1716E-01   1.4053E-01   1.6388E-01
    1.8720E-01   2.1048E-01   2.3374E-01   2.5696E-01   2.8014E-01   3.0328E-01   3.2637E-01   3.4941E-01
    3.7240E-01   3.9532E-01   4.1817E-01   4.4094E-01   4.6362E-01   4.8620E-01   5.0867E-01   5.3102E-01
    5.5322E-01   5.7526E-01   5.9711E-01   6.1874E-01   6.4013E-01   6.6124E-01   6.8202E-01   7.0243E-01
    7.2240E-01   7.4189E-01   7.6081E-01   7.7911E-01   7.9671E-01   8.1355E-01   8.2957E-01   8.4473E-01
    8.5902E-01   8.7245E-01   8.8504E-01   8.9683E-01   9.0787E-01   9.1822E-01   9.2790E-01   9.3691E-01
    9.4524E-01   9.5283E-01   9.5963E-01   9.6562E-01   9.7085E-01   9.7542E-01   9.7945E-01   9.8309E-01
    9.8647E-01   9.8973E-01   9.9298E-01   9.9637E-01   1.0000E+00
 
 THETA - MESH
   -1.3065E-01   1.2861E-01   3.7957E-01   6.1481E-01   8.2850E-01   1.0173E+00   1.1814E+00   1.3230E+00
    1.4450E+00   1.5501E+00   1.6408E+00   1.7193E+00   1.7875E+00   1.8475E+00   1.9018E+00   1.9530E+00
    2.0032E+00   2.0542E+00   2.1074E+00   2.1638E+00   2.2242E+00   2.2895E+00   2.3606E+00   2.4381E+00
    2.5228E+00   2.6150E+00   2.7150E+00   2.8222E+00   2.9355E+00   3.0531E+00   3.1727E+00   3.2916E+00
    3.4071E+00   3.5171E+00   3.6203E+00   3.7158E+00   3.8034E+00   3.8835E+00   3.9565E+00   4.0232E+00
    4.0841E+00   4.1401E+00   4.1916E+00   4.2392E+00   4.2834E+00   4.3247E+00   4.3645E+00   4.4053E+00
    4.4505E+00   4.5035E+00   4.5661E+00   4.6397E+00   4.7257E+00   4.8262E+00   4.9437E+00   5.0815E+00
    5.2433E+00   5.4330E+00   5.6517E+00   5.8950E+00   6.1525E+00
 
 RHOS - MESH
    5.8558E-01   5.9018E-01   6.0507E-01   6.2962E-01   6.6640E-01   7.1335E-01   7.6696E-01   8.2645E-01
    8.9070E-01   9.5902E-01   1.0317E+00   1.1091E+00   1.1882E+00   1.2607E+00   1.3137E+00   1.3388E+00
    1.3374E+00   1.3166E+00   1.2831E+00   1.2420E+00   1.1963E+00   1.1485E+00   1.1000E+00   1.0524E+00
    1.0071E+00   9.6555E-01   9.2933E-01   9.0014E-01   8.7898E-01   8.6697E-01   8.6462E-01   8.7238E-01
    8.8966E-01   9.1567E-01   9.4933E-01   9.8950E-01   1.0346E+00   1.0833E+00   1.1344E+00   1.1869E+00
    1.2402E+00   1.2937E+00   1.3467E+00   1.3993E+00   1.4519E+00   1.4981E+00   1.5140E+00   1.4658E+00
    1.3589E+00   1.2468E+00   1.1488E+00   1.0617E+00   9.8235E-01   9.0927E-01   8.4054E-01   7.7583E-01
    7.1539E-01   6.6155E-01   6.1964E-01   5.9389E-01   5.8558E-01



 *****************************************

 POSITION OF THE CALCULATION MESH CENTER : R0 =   1.11307966E+00   Z0 =  -9.37007070E-03

 *****************************************
 

 CPU TIME USED SO FAR =  3.710057E+00 SECS

 BEFORE MAPPING: 

 CPU TIME USED SO FAR =  3.940446E+00 SECS


 WARNING: SOME INPUT VALUES OF QVALNEO WERE OUT OF Q PROFILE, NEONBQS CHANGED FROM  7 TO  6


 AFTER MAPPING: 

 CPU TIME USED SO FAR =  1.658235E+01 SECS



 ******************************

 FINAL OUTPUT : PSI SOLUTION   

 VALUES ON (SIGMA, THETA) NODES

 ******************************

 SCALE                    =   1.00074367E+00

 PSI - MIN                =  -2.54491910E-01

 R OF MAGAXE              =   1.11310171E+00

 Z OF MAGAXE              =  -9.37262557E-03

 CHECK OF SOLUTION        =   9.19277360E-16

 POLOIDAL MAGNETIC ENERGY =   1.85078472E-01

 AFTER ERATO STUFF: 

 CPU TIME USED SO FAR =  1.715904E+01 SECS

 *************************************

 SOME QUANTITIES AND THEIR MKSA VALUES

 *************************************


    2.54491910E-01 abs(PSI-AXIS) --> [T M**2]    -8.74321022E-02
    1.11310171E+00 R OF MAGAXE --> [M]       9.46136454E-01
   -9.37262557E-03 Z OF MAGAXE --> [M]      -7.96673174E-03
   -9.37007070E-03 Z0 --> [M]      -7.96456010E-03
    8.50000000E-01 R0 [M] USED FOR CONVERTING TO MKSA
    4.75509380E-01 B0 [T] USED FOR CONVERTING TO MKSA
    1.00000000E+00 SIGN OF B0 IN EXPERIMENT (CHEASE ASSUMES 1.0) 
    2.94420056E+00 TOTAL CURRENT --> [A]     9.46968519E+05
    1.00000000E+00 SIGN OF IP IN EXPERIMENT (CHEASE ASSUMES 1.0) 
    1.84030696E+00 b/a
    1.00000000E+00 Q_ZERO, USING SIGNS OF IP AND B0, WOULD GIVE:     1.00000000E+00
    1.17286049E+01 Q_EDGE, USING SIGNS OF IP AND B0, WOULD GIVE:     1.17286049E+01
    4.07738453E-01 POLOIDAL BETA
    1.08881024E-01 BETA_EXP=<P>*2*MU0/B0**2
    5.50773757E-01 LI
    1.19052365E-01 PRESSURE ON AXIS --> [Pa]     2.14213255E+04  --> [10**19 M**-3 KEV]:     1.33716139E+01
    6.36863101E-02 BETA
    7.40202615E-02 BETA* (SQRT(<P**2>))
    2.08401157E-01 BETA-AXIS=2p0/(T0/Rmag)^2;      with Rmag->Rgeo(LCFS):    1.59663413E-01
   -2.54491910E-01 PSI-AXIS --> [T M**2]    -8.74321022E-02
   -1.59901983E+00 2*PI*PSI-AXIS -->        -5.49352100E-01
   -2.54491910E-01 IP_SIGN*PSI-AXIS --> [T M**2]    -8.74321022E-02
   -1.59901983E+00 IP_SIGN*2*PI*PSI-AXIS -->        -5.49352100E-01
    1.34300228E+00 ASPECT RATIO ; a/R=     7.44600375E-01
    1.50100994E+01 VOLUME ->     9.21807727E+00
    2.69233811E+00 AREA   ->     1.94521429E+00
    3.51324958E+01 SURFACE   ->     2.53832282E+01
    6.47652473E+00 LENGTH ->     5.50504602E+00
    2.48834823E-01 RMIN -> RMIN [m]     2.11509599E-01
    1.69974148E+00 RMAX -> RMAX [m]     1.44478026E+00
   -1.43339862E+00 ZMIN -> ZMIN [m]    -1.21838883E+00
    1.23649542E+00 ZMAX -> ZMAX [m]     1.05102110E+00
    9.74288152E-01 RGEOM -> RGEOM [m]     8.28144929E-01
    7.25453330E-01 MINOR RADIUS -> A [m]     6.16635330E-01
git hash 9dcbf8a86934ee91d9d31924d30c81df343eef5e_branch_master
          30

 CPU TIME USED SO FAR =  1.782785E+01 SECS
