 
 
 
 
 
 
 
 
 
 

 &EQDATA                                                                         
 

  RELAX= 0.,  NDIAGOP= 1,  NBSEXPQ=0,                                            
 

  NPROPT=2,                                                                      
 

  NIDEAL=6,                                                                      
  namelist read from file chease_namelist
 nitmshot=           -1          -1
 NITMOPT=            0
 NITMSHOT=           -1          -1
 equilibrium not taken from ITM structure, thus eqchease_in not allocated

 CPU TIME USED SO FAR =  1.400000E-05 SECS

 Read EXPEQ, predge =   1.31045990E-03
 RZ0C seems incorrect in EXPEQ, changed to :  -0.10005180000000002     
 NFUNRHO, NRHOMESH=            0           0
 
 FCSM
    0.0000E+00   4.5455E-03   9.0909E-03   1.3636E-02   1.8182E-02   2.2727E-02   2.7273E-02   3.1818E-02
    3.6364E-02   4.0909E-02   4.5455E-02   5.0000E-02   5.4545E-02   5.9091E-02   6.3636E-02   6.8182E-02
    7.2727E-02   7.7273E-02   8.1818E-02   8.6364E-02   9.0909E-02   9.5455E-02   1.0000E-01   1.0455E-01
    1.0909E-01   1.1364E-01   1.1818E-01   1.2273E-01   1.2727E-01   1.3182E-01   1.3636E-01   1.4091E-01
    1.4545E-01   1.5000E-01   1.5455E-01   1.5909E-01   1.6364E-01   1.6818E-01   1.7273E-01   1.7727E-01
    1.8182E-01   1.8636E-01   1.9091E-01   1.9545E-01   2.0000E-01   2.0455E-01   2.0909E-01   2.1364E-01
    2.1818E-01   2.2273E-01   2.2727E-01   2.3182E-01   2.3636E-01   2.4091E-01   2.4545E-01   2.5000E-01
    2.5455E-01   2.5909E-01   2.6364E-01   2.6818E-01   2.7273E-01   2.7727E-01   2.8182E-01   2.8636E-01
    2.9091E-01   2.9545E-01   3.0000E-01   3.0455E-01   3.0909E-01   3.1364E-01   3.1818E-01   3.2273E-01
    3.2727E-01   3.3182E-01   3.3636E-01   3.4091E-01   3.4545E-01   3.5000E-01   3.5455E-01   3.5909E-01
    3.6364E-01   3.6818E-01   3.7273E-01   3.7727E-01   3.8182E-01   3.8636E-01   3.9091E-01   3.9545E-01
    4.0000E-01   4.0455E-01   4.0909E-01   4.1364E-01   4.1818E-01   4.2273E-01   4.2727E-01   4.3182E-01
    4.3636E-01   4.4091E-01   4.4545E-01   4.5000E-01   4.5455E-01   4.5909E-01   4.6364E-01   4.6818E-01
    4.7273E-01   4.7727E-01   4.8182E-01   4.8636E-01   4.9091E-01   4.9545E-01   5.0000E-01   5.0455E-01
    5.0909E-01   5.1364E-01   5.1818E-01   5.2273E-01   5.2727E-01   5.3182E-01   5.3636E-01   5.4091E-01
    5.4545E-01   5.5000E-01   5.5455E-01   5.5909E-01   5.6364E-01   5.6818E-01   5.7273E-01   5.7727E-01
    5.8182E-01   5.8636E-01   5.9091E-01   5.9545E-01   6.0000E-01   6.0455E-01   6.0909E-01   6.1364E-01
    6.1818E-01   6.2273E-01   6.2727E-01   6.3182E-01   6.3636E-01   6.4091E-01   6.4545E-01   6.5000E-01
    6.5455E-01   6.5909E-01   6.6364E-01   6.6818E-01   6.7273E-01   6.7727E-01   6.8182E-01   6.8636E-01
    6.9091E-01   6.9545E-01   7.0000E-01   7.0455E-01   7.0909E-01   7.1364E-01   7.1818E-01   7.2273E-01
    7.2727E-01   7.3182E-01   7.3636E-01   7.4091E-01   7.4545E-01   7.5000E-01   7.5455E-01   7.5909E-01
    7.6364E-01   7.6818E-01   7.7273E-01   7.7727E-01   7.8182E-01   7.8636E-01   7.9091E-01   7.9545E-01
    8.0000E-01   8.0455E-01   8.0909E-01   8.1364E-01   8.1818E-01   8.2273E-01   8.2727E-01   8.3182E-01
    8.3636E-01   8.4091E-01   8.4545E-01   8.5000E-01   8.5455E-01   8.5909E-01   8.6364E-01   8.6818E-01
    8.7273E-01   8.7727E-01   8.8182E-01   8.8636E-01   8.9091E-01   8.9545E-01   9.0000E-01   9.0455E-01
    9.0909E-01   9.1364E-01   9.1818E-01   9.2273E-01   9.2727E-01   9.3182E-01   9.3636E-01   9.4091E-01
    9.4545E-01   9.5000E-01   9.5455E-01   9.5909E-01   9.6364E-01   9.6818E-01   9.7273E-01   9.7727E-01
    9.8182E-01   9.8636E-01   9.9091E-01   9.9545E-01   1.0000E+00
 
 RFUN
    1.5982E+00   1.5958E+00   1.5957E+00   1.5955E+00   1.5952E+00   1.5948E+00   1.5944E+00   1.5938E+00
    1.5932E+00   1.5925E+00   1.5917E+00   1.5908E+00   1.5899E+00   1.5889E+00   1.5878E+00   1.5867E+00
    1.5855E+00   1.5842E+00   1.5828E+00   1.5814E+00   1.5800E+00   1.5784E+00   1.5768E+00   1.5752E+00
    1.5735E+00   1.5717E+00   1.5699E+00   1.5681E+00   1.5662E+00   1.5642E+00   1.5622E+00   1.5602E+00
    1.5582E+00   1.5561E+00   1.5539E+00   1.5518E+00   1.5496E+00   1.5473E+00   1.5451E+00   1.5428E+00
    1.5405E+00   1.5382E+00   1.5359E+00   1.5335E+00   1.5311E+00   1.5287E+00   1.5263E+00   1.5239E+00
    1.5214E+00   1.5190E+00   1.5165E+00   1.5140E+00   1.5115E+00   1.5090E+00   1.5065E+00   1.5040E+00
    1.5014E+00   1.4989E+00   1.4963E+00   1.4937E+00   1.4911E+00   1.4885E+00   1.4859E+00   1.4833E+00
    1.4807E+00   1.4780E+00   1.4753E+00   1.4727E+00   1.4700E+00   1.4673E+00   1.4645E+00   1.4618E+00
    1.4590E+00   1.4562E+00   1.4534E+00   1.4506E+00   1.4478E+00   1.4449E+00   1.4420E+00   1.4391E+00
    1.4362E+00   1.4332E+00   1.4302E+00   1.4272E+00   1.4242E+00   1.4211E+00   1.4180E+00   1.4149E+00
    1.4117E+00   1.4085E+00   1.4052E+00   1.4020E+00   1.3986E+00   1.3953E+00   1.3919E+00   1.3885E+00
    1.3850E+00   1.3815E+00   1.3779E+00   1.3743E+00   1.3706E+00   1.3669E+00   1.3632E+00   1.3594E+00
    1.3555E+00   1.3516E+00   1.3476E+00   1.3436E+00   1.3395E+00   1.3354E+00   1.3312E+00   1.3270E+00
    1.3227E+00   1.3183E+00   1.3139E+00   1.3094E+00   1.3048E+00   1.3002E+00   1.2955E+00   1.2907E+00
    1.2859E+00   1.2810E+00   1.2760E+00   1.2709E+00   1.2658E+00   1.2606E+00   1.2553E+00   1.2499E+00
    1.2444E+00   1.2388E+00   1.2332E+00   1.2275E+00   1.2217E+00   1.2157E+00   1.2097E+00   1.2036E+00
    1.1974E+00   1.1911E+00   1.1846E+00   1.1781E+00   1.1715E+00   1.1647E+00   1.1578E+00   1.1508E+00
    1.1437E+00   1.1364E+00   1.1290E+00   1.1215E+00   1.1138E+00   1.1060E+00   1.0981E+00   1.0900E+00
    1.0817E+00   1.0733E+00   1.0648E+00   1.0560E+00   1.0471E+00   1.0381E+00   1.0287E+00   1.0191E+00
    1.0093E+00   9.9930E-01   9.8909E-01   9.7867E-01   9.6801E-01   9.5713E-01   9.4602E-01   9.3469E-01
    9.2315E-01   9.1139E-01   8.9942E-01   8.8722E-01   8.7480E-01   8.6216E-01   8.4929E-01   8.3619E-01
    8.2277E-01   8.0910E-01   7.9518E-01   7.8100E-01   7.6657E-01   7.5188E-01   7.3692E-01   7.2171E-01
    7.0625E-01   6.9053E-01   6.7457E-01   6.5838E-01   6.4198E-01   6.2539E-01   6.0865E-01   5.9179E-01
    5.7488E-01   5.5797E-01   5.4116E-01   5.2455E-01   5.0830E-01   4.9256E-01   4.7755E-01   4.6354E-01
    4.5085E-01   4.3989E-01   4.3128E-01   4.2500E-01   4.2126E-01   4.2013E-01   4.2190E-01   4.2612E-01
    4.3238E-01   4.3986E-01   4.4797E-01   4.5452E-01   4.9181E-01   6.3926E-01   8.4467E-01   9.8161E-01
    9.7136E-01   7.7702E-01   4.5103E-01   2.5540E-01   1.2591E-01
 
 RPPF
   -5.9922E-01  -5.9771E-01  -5.9621E-01  -5.9470E-01  -5.9320E-01  -5.9169E-01  -5.9018E-01  -5.8868E-01
   -5.8717E-01  -5.8567E-01  -5.8416E-01  -5.8266E-01  -5.8115E-01  -5.7965E-01  -5.7814E-01  -5.7664E-01
   -5.7513E-01  -5.7362E-01  -5.7212E-01  -5.7061E-01  -5.6617E-01  -5.5937E-01  -5.5257E-01  -5.4577E-01
   -5.3897E-01  -5.3218E-01  -5.2538E-01  -5.1858E-01  -5.1132E-01  -5.0361E-01  -4.9590E-01  -4.8819E-01
   -4.8048E-01  -4.7277E-01  -4.6499E-01  -4.5705E-01  -4.4911E-01  -4.4116E-01  -4.3322E-01  -4.2530E-01
   -4.1749E-01  -4.0969E-01  -4.0188E-01  -3.9407E-01  -3.8645E-01  -3.7899E-01  -3.7154E-01  -3.6408E-01
   -3.5680E-01  -3.4983E-01  -3.4285E-01  -3.3587E-01  -3.2920E-01  -3.2278E-01  -3.1635E-01  -3.0993E-01
   -3.0410E-01  -2.9826E-01  -2.9243E-01  -2.8700E-01  -2.8177E-01  -2.7655E-01  -2.7163E-01  -2.6701E-01
   -2.6238E-01  -2.5806E-01  -2.5403E-01  -2.4999E-01  -2.4632E-01  -2.4286E-01  -2.3940E-01  -2.3641E-01
   -2.3349E-01  -2.3070E-01  -2.2829E-01  -2.2589E-01  -2.2382E-01  -2.2190E-01  -2.2008E-01  -2.1861E-01
   -2.1715E-01  -2.1604E-01  -2.1500E-01  -2.1416E-01  -2.1352E-01  -2.1296E-01  -2.1269E-01  -2.1243E-01
   -2.1250E-01  -2.1256E-01  -2.1292E-01  -2.1330E-01  -2.1392E-01  -2.1460E-01  -2.1548E-01  -2.1643E-01
   -2.1756E-01  -2.1876E-01  -2.2014E-01  -2.2158E-01  -2.2319E-01  -2.2484E-01  -2.2668E-01  -2.2854E-01
   -2.3057E-01  -2.3265E-01  -2.3485E-01  -2.3713E-01  -2.3949E-01  -2.4196E-01  -2.4446E-01  -2.4710E-01
   -2.4978E-01  -2.5255E-01  -2.5538E-01  -2.5827E-01  -2.6126E-01  -2.6428E-01  -2.6738E-01  -2.7054E-01
   -2.7375E-01  -2.7703E-01  -2.8035E-01  -2.8372E-01  -2.8716E-01  -2.9063E-01  -2.9415E-01  -2.9773E-01
   -3.0134E-01  -3.0498E-01  -3.0868E-01  -3.1242E-01  -3.1618E-01  -3.1998E-01  -3.2382E-01  -3.2768E-01
   -3.3158E-01  -3.3550E-01  -3.3945E-01  -3.4342E-01  -3.4741E-01  -3.5142E-01  -3.5544E-01  -3.5947E-01
   -3.6352E-01  -3.6757E-01  -3.7161E-01  -3.7566E-01  -3.7970E-01  -3.8372E-01  -3.8773E-01  -3.8842E-01
   -3.7959E-01  -3.4271E-01  -3.2133E-01  -3.2805E-01  -3.4740E-01  -3.6518E-01  -3.8220E-01  -3.9848E-01
   -4.1362E-01  -4.2764E-01  -4.4061E-01  -4.5259E-01  -4.6360E-01  -4.7381E-01  -4.8283E-01  -4.9056E-01
   -4.9721E-01  -5.0281E-01  -4.9987E-01  -4.8273E-01  -4.5994E-01  -4.4979E-01  -4.5034E-01  -4.5069E-01
   -4.5080E-01  -4.5068E-01  -4.5030E-01  -4.4965E-01  -4.4869E-01  -4.4740E-01  -4.4573E-01  -4.4364E-01
   -4.4108E-01  -4.3798E-01  -4.3428E-01  -4.2990E-01  -4.2473E-01  -4.1868E-01  -4.1162E-01  -4.0339E-01
   -3.9385E-01  -3.8279E-01  -3.7000E-01  -3.5521E-01  -3.3815E-01  -3.1847E-01  -2.9578E-01  -2.6965E-01
   -2.3991E-01  -2.0721E-01  -1.7323E-01  -1.4010E-01  -1.1040E-01  -8.6617E-02  -7.1315E-02  -6.7327E-02
   -7.7761E-02  -1.0606E-01  -1.5612E-01  -2.3285E-01  -3.4499E-01  -5.1621E-01  -7.9329E-01  -1.1227E+00
   -1.3190E+00  -1.2168E+00  -9.0829E-01  -5.7171E-01  -3.8879E-01



 ******************

 NAMELIST VARIABLES

 ******************


&EQDATA
 AFBS= 15*0.0000000000000000       ,
 AFBS2= 15*0.0000000000000000       ,
 AP= 0.10000000000000001     , 0.50000000000000000     , 13*0.0000000000000000       ,
 APLACE= 10*0.0000000000000000       ,
 AP2= 0.10000000000000001     , 0.50000000000000000     , 13*0.0000000000000000       ,
 ASPCT= 0.74459865000000003     ,
 AT= 0.10000000000000001     , 0.50000000000000000     , 13*0.0000000000000000       ,
 AT2= 0.10000000000000001     , 0.50000000000000000     , 13*0.0000000000000000       ,
 AT3= 0.10000000000000001     , 0.50000000000000000     , 13*0.0000000000000000       ,
 AT4= 0.10000000000000001     , 0.50000000000000000     , 13*0.0000000000000000       ,
 AWIDTH= 10*0.0000000000000000       ,
 BEANS=  0.0000000000000000     ,
 BENTAXIS=  1.0149999999999999     ,
 BENTQPROFILE=  0.0000000000000000     ,
 BENTRADIUS= 0.50000000000000000     ,
 BPLACE= 10*0.0000000000000000       ,
 BSFRAC= 0.50000000000000000     ,
 BWIDTH= 10*0.0000000000000000       ,
 B0EXP= 0.47550937999999998     ,
 CETA=  0.0000000000000000     ,
 CFBAL=  1.0000000000000000     ,
 CFNRESS=  1.0000000000000000     ,
 CFNRESSO=  1.0000000000000000     ,
 COCOS_IN=2          ,
 COCOS_OUT=2          ,
 CPLACE= 0.94999999999999996     , 0.98999999999999999     ,  1.0000000000000000     , 7*0.0000000000000000       ,
 CPRESS=  1.0000000000000000     ,
 CPRESSO=  1.0000000000000000     ,
 CQ0= 0.75000000000000000     ,
 CSSPEC=  0.0000000000000000     ,
 CURRT= 0.75390830200000003     ,
 CWIDTH= 0.10000000000000001     ,  2.0000000000000000E-002,  5.0000000000000003E-002, 7*0.0000000000000000       ,
 DELTA=  0.0000000000000000     ,
 DPLACE= 10*0.0000000000000000       ,
 DWIDTH= 10*0.0000000000000000       ,
 ELONG=  1.0000000000000000     ,
 EPLACE= 10*0.0000000000000000       ,
 ETAEI= 0.33000000000000002     ,
 EWIDTH= 10*0.0000000000000000       ,
 EPSLON=  1.0000000000000000E-010,
 GAMMA=  1.6666666667000001     ,
 PANGLE=  0.0000000000000000     ,
 PPRIME_BAL_MAX=  6.0000000000000000     ,
 PREDGE=  1.3104599000000000E-003,
 PSIBNDEXP= -9.0000000000000006E+040,
 PSISCL=  1.0000000000000000     ,
 QSPEC=  1.2000000000000000     ,
 QPLACE= 10*0.0000000000000000       ,
 QWIDTH= 10*0.0000000000000000       ,
 QVALNEO=  0.0000000000000000     ,  1.0000000000000000     ,  1.5000000000000000     ,  2.0000000000000000     ,  3.0000000000000000     ,
   4.0000000000000000     , 4*0.0000000000000000       ,
 RBOXLEN=  0.0000000000000000     ,
 RBOXLFT=  0.0000000000000000     ,
 RC=  1.0000000000000000     ,
 RELAX=  0.0000000000000000     ,
 REXT=  1.0000000000000000     ,
 RNU=  0.0000000000000000     ,
 RODABYROD0=  1.0000000000000000     ,
 RPEOP= 0.50000000000000000     ,
 RZION=  1.5000000000000000     ,
 RZ0=-0.10005180000000002     ,
 RZ0C=-0.10005180000000002     ,
 RZ0W=  0.0000000000000000     ,
 R0=  1.0000000000000000     ,
 R0EXP= 0.84999999999999998     ,
 R0W=  1.0000000000000000     ,
 SCALNE=  0.0000000000000000     ,
 SCEXP=  1.0000000000000000     ,
 SIGNB0XP= -1.0000000000000000     ,
 SIGNIPXP=  1.0000000000000000     ,
 SGMA=  0.0000000000000000     ,
 SLIMIT=  100000.00000000000     ,
 SNUMBER=  10000000.000000000     ,
 SOLPDA=  0.0000000000000000     ,
 SOLPDB=  0.0000000000000000     ,
 SOLPDC= 0.69999999999999996     ,
 SOLPDD=  0.0000000000000000     ,
 SOLPDE=  0.0000000000000000     ,
 SOLPDPOL= 0.25000000000000000     ,
 SHIFT_P=0          ,
 TENSPROF=  0.0000000000000000     ,
 TENSBND=-0.29999999999999999     ,
 THETA0=  0.0000000000000000     ,
 TIME_REF= 20*-999.00000000000000      ,
 TREEITM= 2*"euitm                                                                                                                   ",
 TREE_USER= 2*"joeschm                         ",
 TREE_TOKAMAK= 2*"test                            ",
 TREE_MAJORVERSION= 2*"3",
 TRIANG=  0.0000000000000000     ,
 TRIPLT=  0.0000000000000000     ,
 XI=  0.0000000000000000     ,
 ZBOXLEN=  0.0000000000000000     ,
 ZBOXMID= -1.0000000000000000E+040,
 MDT=1          ,
 MSMAX=1          ,
 N0JEDGE=0          ,
 NANAL=0          ,
 NBAL=1          ,
 NBLC0=16         ,
 NBLOPT=0          ,
 NBPSOUT=300        ,
 NBSEXPQ=0          ,
 NBSFUN=1          ,
 NBSOPT=0          ,
 NBSTRP=1          ,
 NCHI=220        ,
 NCSCAL=1          ,
 NDIAGOP=1          ,
 NDIFPS=0          ,
 NDIFT=1          ,
 NEGP=-1         ,
 NEONBQS=7          ,
 NEQDSK=0          ,
 NER=1          ,
 NIDSBOUND=0          ,
 NITMOCC= 2*0          ,
 NITMOPT=0          ,
 NITMRUN= 2*-1         ,
 NITMSHOT= 2*-1         ,
 NFFTOPT=1          ,
 NFIXAXIS=0          ,
 NFIXWALL=1          ,
 NFUNC=4          ,
 NFUNRHO=0          ,
 NIDEAL=6          ,
 NINBLOPT=20         ,
 NINMAP=40         ,
 NINSCA=40         ,
 NIPR=1          ,
 NISO=220        ,
 NMESHA=0          ,
 NMESHB=0          ,
 NMESHC=1          ,
 NMESHD=0          ,
 NMESHE=0          ,
 NMESHPOL=0          ,
 NMESHPOLEXP=6          ,
 NMGAUS=4          ,
 NOPT=0          ,
 NOUTXTOR=0          ,
 NPLOT=0          ,
 NPOIDA=0          ,
 NPOIDB=0          ,
 NPOIDC=2          ,
 NPOIDD=0          ,
 NPOIDE=0          ,
 NPOIDQ=0          ,
 NPP=1          ,
 NPPFUN=4          ,
 NPPR=24         ,
 NPROF2D=0          ,
 NPROFZ=0          ,
 NPROPT=2          ,
 NPRPSI=0          ,
 NPSI=220        ,
 NRBOX=513        ,
 NRBOX_XTOR= 10*401        ,
 NRFP=0          ,
 NRHOMESH=0          ,
 NRSCAL=0          ,
 NS=60         ,
 NSGAUS=4          ,
 NSMOOTH=1          ,
 NSOUR=2          ,
 NSTTP=2          ,
 NSURF=6          ,
 NSYM=0          ,
 NT=60         ,
 NTCASE=0          ,
 NTGAUS=4          ,
 NTEST=0          ,
 NTMF0=0          ,
 NTNOVA=12         ,
 NTURN=20         ,
 NV=60         ,
 NVEXP=0          ,
 NZBOX=513        ,
 NZBOX_XTOR= 10*401        ,
 NEQDXTPO=1          ,
 NVERBOSE=1          ,
 COMMENTS="&EQDATA                                                                                                                 "," RELAX= 0.,  NDIAGOP= 1,  NBSEXPQ=0,                                                                                    "," NPROPT=2,                                                                                                              "," NIDEAL=6,                                                                                                              ",
 /


  NS =   40     NT =   40     NISO =  100     NPSI =  220     NCHI =  220     NINSCA =   40     NINMAP =   40
 
 SIGMA - MESH
    0.0000E+00   3.5198E-02   7.0357E-02   1.0547E-01   1.4053E-01   1.7554E-01   2.1048E-01   2.4535E-01
    2.8014E-01   3.1483E-01   3.4941E-01   3.8387E-01   4.1817E-01   4.5229E-01   4.8620E-01   5.1986E-01
    5.5322E-01   5.8621E-01   6.1874E-01   6.5072E-01   6.8202E-01   7.1247E-01   7.4189E-01   7.7005E-01
    7.9671E-01   8.2166E-01   8.4473E-01   8.6584E-01   8.8504E-01   9.0244E-01   9.1822E-01   9.3250E-01
    9.4524E-01   9.5632E-01   9.6562E-01   9.7321E-01   9.7945E-01   9.8481E-01   9.8973E-01   9.9465E-01
    1.0000E+00
 
 THETA - MESH
   -1.4538E-01   1.3486E-01   3.9288E-01   6.2799E-01   8.4004E-01   1.0285E+00   1.1944E+00   1.3394E+00
    1.4654E+00   1.5744E+00   1.6684E+00   1.7501E+00   1.8238E+00   1.8947E+00   1.9677E+00   2.0476E+00
    2.1384E+00   2.2447E+00   2.3718E+00   2.5254E+00   2.7094E+00   2.9227E+00   3.1552E+00   3.3884E+00
    3.6040E+00   3.7910E+00   3.9477E+00   4.0777E+00   4.1864E+00   4.2783E+00   4.3575E+00   4.4297E+00
    4.5068E+00   4.6024E+00   4.7247E+00   4.8784E+00   5.0674E+00   5.2940E+00   5.5563E+00   5.8441E+00
    6.1378E+00
 
 RHOS - MESH
    6.7950E-01   7.0588E-01   7.3885E-01   7.7465E-01   8.1935E-01   8.7185E-01   9.3099E-01   9.9754E-01
    1.0712E+00   1.1533E+00   1.2427E+00   1.3274E+00   1.3808E+00   1.3820E+00   1.3371E+00   1.2637E+00
    1.1750E+00   1.0793E+00   9.8280E-01   8.9299E-01   8.1880E-01   7.6885E-01   7.5030E-01   7.6612E-01
    8.1326E-01   8.8482E-01   9.7175E-01   1.0664E+00   1.1635E+00   1.2597E+00   1.3532E+00   1.3895E+00
    1.2685E+00   1.1139E+00   9.8840E-01   8.8632E-01   8.0367E-01   7.3893E-01   6.9334E-01   6.7239E-01
    6.7950E-01



 *****************************************

 POSITION OF THE CALCULATION MESH CENTER : R0 =   1.00000000E+00   Z0 =  -1.00051800E-01

 *****************************************
 

 CPU TIME USED SO FAR =  1.596018E+00 SECS


  NS =   60     NT =   60     NISO =  220     NPSI =  220     NCHI =  220     NINSCA =   40     NINMAP =   40
 
 SIGMA - MESH
    0.0000E+00   2.3470E-02   4.6922E-02   7.0357E-02   9.3771E-02   1.1716E-01   1.4053E-01   1.6388E-01
    1.8720E-01   2.1048E-01   2.3374E-01   2.5696E-01   2.8014E-01   3.0328E-01   3.2637E-01   3.4941E-01
    3.7240E-01   3.9532E-01   4.1817E-01   4.4094E-01   4.6362E-01   4.8620E-01   5.0867E-01   5.3102E-01
    5.5322E-01   5.7526E-01   5.9711E-01   6.1874E-01   6.4013E-01   6.6124E-01   6.8202E-01   7.0243E-01
    7.2240E-01   7.4189E-01   7.6081E-01   7.7911E-01   7.9671E-01   8.1355E-01   8.2957E-01   8.4473E-01
    8.5902E-01   8.7245E-01   8.8504E-01   8.9683E-01   9.0787E-01   9.1822E-01   9.2790E-01   9.3691E-01
    9.4524E-01   9.5283E-01   9.5963E-01   9.6562E-01   9.7085E-01   9.7542E-01   9.7945E-01   9.8309E-01
    9.8647E-01   9.8973E-01   9.9298E-01   9.9637E-01   1.0000E+00
 
 THETA - MESH
   -1.3066E-01   1.2863E-01   3.7962E-01   6.1489E-01   8.2860E-01   1.0174E+00   1.1815E+00   1.3231E+00
    1.4451E+00   1.5502E+00   1.6409E+00   1.7194E+00   1.7876E+00   1.8476E+00   1.9019E+00   1.9531E+00
    2.0033E+00   2.0543E+00   2.1075E+00   2.1639E+00   2.2243E+00   2.2896E+00   2.3607E+00   2.4382E+00
    2.5229E+00   2.6152E+00   2.7151E+00   2.8223E+00   2.9356E+00   3.0533E+00   3.1728E+00   3.2917E+00
    3.4071E+00   3.5172E+00   3.6204E+00   3.7158E+00   3.8035E+00   3.8835E+00   3.9565E+00   4.0232E+00
    4.0841E+00   4.1401E+00   4.1916E+00   4.2392E+00   4.2834E+00   4.3247E+00   4.3645E+00   4.4052E+00
    4.4505E+00   4.5034E+00   4.5661E+00   4.6396E+00   4.7257E+00   4.8261E+00   4.9436E+00   5.0814E+00
    5.2432E+00   5.4329E+00   5.6516E+00   5.8950E+00   6.1525E+00
 
 RHOS - MESH
    5.8556E-01   5.9014E-01   6.0503E-01   6.2959E-01   6.6637E-01   7.1333E-01   7.6695E-01   8.2645E-01
    8.9071E-01   9.5905E-01   1.0317E+00   1.1091E+00   1.1882E+00   1.2607E+00   1.3138E+00   1.3389E+00
    1.3374E+00   1.3166E+00   1.2831E+00   1.2419E+00   1.1963E+00   1.1485E+00   1.1000E+00   1.0524E+00
  WARNING:  'chease_input.xml' file missing,
             now will see if namelist given in file: 'chease_namelist'
  parameters not associated
 NITMOPT =            0
    1.0070E+00   9.6554E-01   9.2932E-01   9.0015E-01   8.7900E-01   8.6700E-01   8.6466E-01   8.7243E-01
    8.8972E-01   9.1573E-01   9.4939E-01   9.8957E-01   1.0346E+00   1.0834E+00   1.1344E+00   1.1870E+00
    1.2403E+00   1.2937E+00   1.3468E+00   1.3993E+00   1.4515E+00   1.4980E+00   1.5155E+00   1.4660E+00
    1.3582E+00   1.2468E+00   1.1488E+00   1.0617E+00   9.8238E-01   9.0930E-01   8.4056E-01   7.7584E-01
    7.1539E-01   6.6155E-01   6.1962E-01   5.9386E-01   5.8556E-01



 *****************************************

 POSITION OF THE CALCULATION MESH CENTER : R0 =   1.11311651E+00   Z0 =  -9.34190140E-03

 *****************************************
 

 CPU TIME USED SO FAR =  5.490835E+00 SECS

 BEFORE MAPPING: 

 CPU TIME USED SO FAR =  5.665577E+00 SECS


 WARNING: SOME INPUT VALUES OF QVALNEO WERE OUT OF Q PROFILE, NEONBQS CHANGED FROM  7 TO  6


 AFTER MAPPING: 

 CPU TIME USED SO FAR =  1.771933E+01 SECS



 ******************************

 FINAL OUTPUT : PSI SOLUTION   

 VALUES ON (SIGMA, THETA) NODES

 ******************************

 SCALE                    =   9.98161443E-01

 PSI - MIN                =  -1.99690015E-01

 R OF MAGAXE              =   1.11312553E+00

 Z OF MAGAXE              =  -9.37231256E-03

 CHECK OF SOLUTION        =   3.50001517E-15

 POLOIDAL MAGNETIC ENERGY =   1.13933295E-01

 AFTER ERATO STUFF: 

 CPU TIME USED SO FAR =  1.836768E+01 SECS

 *************************************

 SOME QUANTITIES AND THEIR MKSA VALUES

 *************************************


    1.99690015E-01 abs(PSI-AXIS) --> [T M**2]    -6.86046082E-02
    1.11312553E+00 R OF MAGAXE --> [M]       9.46156704E-01
   -9.37231256E-03 Z OF MAGAXE --> [M]      -7.96646567E-03
   -9.34190140E-03 Z0 --> [M]      -7.94061619E-03
    8.50000000E-01 R0 [M] USED FOR CONVERTING TO MKSA
    4.75509380E-01 B0 [T] USED FOR CONVERTING TO MKSA
   -1.00000000E+00 SIGN OF B0 IN EXPERIMENT (CHEASE ASSUMES 1.0) 
    2.31058418E+00 TOTAL CURRENT --> [A]     7.43173038E+05
    1.00000000E+00 SIGN OF IP IN EXPERIMENT (CHEASE ASSUMES 1.0) 
    1.84138003E+00 b/a
    1.20000000E+00 Q_ZERO, USING SIGNS OF IP AND B0, WOULD GIVE:    -1.20000000E+00
    1.49989608E+01 Q_EDGE, USING SIGNS OF IP AND B0, WOULD GIVE:    -1.49989608E+01
    4.13337083E-01 POLOIDAL BETA
    6.79793745E-02 BETA_EXP=<P>*2*MU0/B0**2
    5.50503272E-01 LI
    7.38045804E-02 PRESSURE ON AXIS --> [Pa]     1.32798029E+04  --> [10**19 M**-3 KEV]:     8.28951490E+00
    4.20508501E-02 BETA
    4.87014398E-02 BETA* (SQRT(<P**2>))
    1.45631574E-01 BETA-AXIS=2p0/(T0/Rmag)^2;      with Rmag->Rgeo(LCFS):    1.11568440E-01
   -1.99690015E-01 PSI-AXIS --> [T M**2]    -6.86046082E-02
   -1.25468937E+00 2*PI*PSI-AXIS -->        -4.31055466E-01
   -1.99690015E-01 IP_SIGN*PSI-AXIS --> [T M**2]    -6.86046082E-02
   -1.25468937E+00 IP_SIGN*2*PI*PSI-AXIS -->        -4.31055466E-01
    1.34300372E+00 ASPECT RATIO ; a/R=     7.44599575E-01
    1.50102707E+01 VOLUME ->     9.21818248E+00
    2.69238901E+00 AREA   ->     1.94525106E+00
    3.51378038E+01 SURFACE   ->     2.53870633E+01
    6.47792118E+00 LENGTH ->     5.50623300E+00
    2.48835178E-01 RMIN -> RMIN [m]     2.11509901E-01
    1.69973888E+00 RMAX -> RMAX [m]     1.44477805E+00
   -1.43485096E+00 ZMIN -> ZMIN [m]    -1.21962332E+00
    1.23660518E+00 ZMAX -> ZMAX [m]     1.05111441E+00
    9.74287031E-01 RGEOM -> RGEOM [m]     8.28143976E-01
    7.25451853E-01 MINOR RADIUS -> A [m]     6.16634075E-01
git hash 9dcbf8a86934ee91d9d31924d30c81df343eef5e_branch_master

 CPU TIME USED SO FAR =  1.837912E+01 SECS
