    0.74459981E+00
   -0.93702950E-02
    0.13104599E-02
  300
    0.16993606E+01   -0.93702950E-02
    0.16996306E+01    0.29567958E-02
    0.16997415E+01    0.15299445E-01
    0.16996896E+01    0.27658319E-01
    0.16994669E+01    0.40033457E-01
    0.16990634E+01    0.52424059E-01
    0.16984691E+01    0.64828516E-01
    0.16976751E+01    0.77244610E-01
    0.16966751E+01    0.89669833E-01
    0.16954657E+01    0.10210176E+00
    0.16940462E+01    0.11453824E+00
    0.16924172E+01    0.12697749E+00
    0.16905799E+01    0.13941792E+00
    0.16885356E+01    0.15185818E+00
    0.16862858E+01    0.16429713E+00
    0.16838328E+01    0.17673404E+00
    0.16811791E+01    0.18916867E+00
    0.16783277E+01    0.20160113E+00
    0.16752809E+01    0.21403178E+00
    0.16720405E+01    0.22646094E+00
    0.16686070E+01    0.23888881E+00
    0.16649802E+01    0.25131536E+00
    0.16611588E+01    0.26374016E+00
    0.16571404E+01    0.27616222E+00
    0.16529216E+01    0.28858001E+00
    0.16484993E+01    0.30099190E+00
    0.16438719E+01    0.31339704E+00
    0.16390408E+01    0.32579652E+00
    0.16340106E+01    0.33819403E+00
    0.16287883E+01    0.35059562E+00
    0.16233810E+01    0.36300876E+00
    0.16177948E+01    0.37544130E+00
    0.16120333E+01    0.38790065E+00
    0.16060982E+01    0.40039346E+00
    0.15999886E+01    0.41292525E+00
    0.15937014E+01    0.42550011E+00
    0.15872313E+01    0.43812045E+00
    0.15805707E+01    0.45078675E+00
    0.15737107E+01    0.46349747E+00
    0.15666404E+01    0.47624903E+00
    0.15593486E+01    0.48903617E+00
    0.15518235E+01    0.50185247E+00
    0.15440545E+01    0.51469139E+00
    0.15360327E+01    0.52754772E+00
    0.15277519E+01    0.54041904E+00
    0.15192089E+01    0.55330688E+00
    0.15104025E+01    0.56621648E+00
    0.15013320E+01    0.57915470E+00
    0.14919948E+01    0.59212728E+00
    0.14823857E+01    0.60513698E+00
    0.14724974E+01    0.61818363E+00
    0.14623217E+01    0.63126549E+00
    0.14518503E+01    0.64438118E+00
    0.14410764E+01    0.65753174E+00
    0.14299939E+01    0.67072120E+00
    0.14185971E+01    0.68395563E+00
    0.14068798E+01    0.69724188E+00
    0.13948352E+01    0.71058765E+00
    0.13824560E+01    0.72400229E+00
    0.13697341E+01    0.73749627E+00
    0.13566599E+01    0.75107875E+00
    0.13432212E+01    0.76475505E+00
    0.13294043E+01    0.77852646E+00
    0.13151943E+01    0.79239301E+00
    0.13005765E+01    0.80635598E+00
    0.12855354E+01    0.82041706E+00
    0.12700551E+01    0.83457680E+00
    0.12541190E+01    0.84883793E+00
    0.12377115E+01    0.86321261E+00
    0.12208165E+01    0.87772494E+00
    0.12034156E+01    0.89240291E+00
    0.11854868E+01    0.90726696E+00
    0.11670051E+01    0.92232763E+00
    0.11479435E+01    0.93759449E+00
    0.11282737E+01    0.95308870E+00
    0.11079645E+01    0.96885146E+00
    0.10869795E+01    0.98494173E+00
    0.10652761E+01    0.10014235E+01
    0.10428055E+01    0.10183519E+01
    0.10195143E+01    0.10357630E+01
    0.99534684E+00    0.10536731E+01
    0.97024568E+00    0.10720848E+01
    0.94415336E+00    0.10909871E+01
    0.91701689E+00    0.11103352E+01
    0.88879857E+00    0.11300140E+01
    0.85949390E+00    0.11497898E+01
    0.82915646E+00    0.11692623E+01
    0.79792592E+00    0.11878294E+01
    0.76605208E+00    0.12046859E+01
    0.73390336E+00    0.12188758E+01
    0.70194689E+00    0.12294124E+01
    0.67069154E+00    0.12354580E+01
    0.64060862E+00    0.12364966E+01
    0.61206464E+00    0.12324140E+01
    0.58528941E+00    0.12234638E+01
    0.56038021E+00    0.12101612E+01
    0.53732932E+00    0.11931559E+01
    0.51605806E+00    0.11731278E+01
    0.49644674E+00    0.11507193E+01
    0.47835862E+00    0.11264967E+01
    0.46165661E+00    0.11009349E+01
    0.44621238E+00    0.10744191E+01
    0.43190976E+00    0.10472564E+01
    0.41864539E+00    0.10196880E+01
    0.40632821E+00    0.99190236E+00
    0.39487852E+00    0.96404499E+00
    0.38422636E+00    0.93622805E+00
    0.37431016E+00    0.90853752E+00
    0.36507564E+00    0.88103869E+00
    0.35647476E+00    0.85378065E+00
    0.34846409E+00    0.82680058E+00
    0.34100285E+00    0.80012763E+00
    0.33405189E+00    0.77378497E+00
    0.32757418E+00    0.74779013E+00
    0.32153591E+00    0.72215460E+00
    0.31590684E+00    0.69688443E+00
    0.31065887E+00    0.67198222E+00
    0.30576458E+00    0.64744874E+00
    0.30119793E+00    0.62328257E+00
    0.29693617E+00    0.59947887E+00
    0.29296015E+00    0.57602973E+00
    0.28925269E+00    0.55292577E+00
    0.28579714E+00    0.53015737E+00
    0.28257756E+00    0.50771446E+00
    0.27957992E+00    0.48558593E+00
    0.27679205E+00    0.46375981E+00
    0.27420164E+00    0.44222451E+00
    0.27179323E+00    0.42097029E+00
    0.26954736E+00    0.39998916E+00
    0.26744432E+00    0.37927260E+00
    0.26547097E+00    0.35880853E+00
    0.26362462E+00    0.33858048E+00
    0.26190951E+00    0.31857023E+00
    0.26032869E+00    0.29876140E+00
    0.25887884E+00    0.27914098E+00
    0.25755136E+00    0.25969814E+00
    0.25633618E+00    0.24042247E+00
    0.25522458E+00    0.22130297E+00
    0.25420996E+00    0.20232798E+00
    0.25328754E+00    0.18348546E+00
    0.25245386E+00    0.16476322E+00
    0.25170682E+00    0.14614899E+00
    0.25104600E+00    0.12763050E+00
    0.25047278E+00    0.10919559E+00
    0.24998962E+00    0.90832390E-01
    0.24959793E+00    0.72529651E-01
    0.24929549E+00    0.54276729E-01
    0.24907585E+00    0.36063205E-01
    0.24893046E+00    0.17878329E-01
    0.24885161E+00   -0.28926593E-03
    0.24883482E+00   -0.18451501E-01
    0.24887980E+00   -0.36620517E-01
    0.24898940E+00   -0.54808341E-01
    0.24916808E+00   -0.73026707E-01
    0.24942135E+00   -0.91286989E-01
    0.24975546E+00   -0.10960016E+00
    0.25017572E+00   -0.12797701E+00
    0.25068391E+00   -0.14642864E+00
    0.25127761E+00   -0.16496707E+00
    0.25195245E+00   -0.18360526E+00
    0.25270536E+00   -0.20235664E+00
    0.25353715E+00   -0.22123440E+00
    0.25445362E+00   -0.24025086E+00
    0.25546443E+00   -0.25941722E+00
    0.25658053E+00   -0.27874406E+00
    0.25781121E+00   -0.29824216E+00
    0.25916262E+00   -0.31792333E+00
    0.26063870E+00   -0.33780043E+00
    0.26224203E+00   -0.35788739E+00
    0.26397122E+00   -0.37820055E+00
    0.26581904E+00   -0.39876013E+00
    0.26777872E+00   -0.41958804E+00
    0.26985585E+00   -0.44070187E+00
    0.27207271E+00   -0.46211114E+00
    0.27445908E+00   -0.48382024E+00
    0.27703831E+00   -0.50583576E+00
    0.27982049E+00   -0.52817160E+00
    0.28280758E+00   -0.55084760E+00
    0.28600261E+00   -0.57388462E+00
    0.28941536E+00   -0.59730051E+00
    0.29306209E+00   -0.62110946E+00
    0.29696209E+00   -0.64532380E+00
    0.30113592E+00   -0.66995503E+00
    0.30560594E+00   -0.69501323E+00
    0.31039613E+00   -0.72050708E+00
    0.31552890E+00   -0.74644655E+00
    0.32102239E+00   -0.77284590E+00
    0.32689363E+00   -0.79972153E+00
    0.33316477E+00   -0.82708594E+00
    0.33986401E+00   -0.85494578E+00
    0.34702057E+00   -0.88330643E+00
    0.35466132E+00   -0.91217588E+00
    0.36281252E+00   -0.94156326E+00
    0.37150235E+00   -0.97147596E+00
    0.38076181E+00   -0.10019180E+01
    0.39062468E+00   -0.10328898E+01
    0.40112686E+00   -0.10643878E+01
    0.41230554E+00   -0.10964058E+01
    0.42419911E+00   -0.11289343E+01
    0.43684541E+00   -0.11619629E+01
    0.45027295E+00   -0.11954962E+01
    0.46448739E+00   -0.12295837E+01
    0.47947445E+00   -0.12643253E+01
    0.49525305E+00   -0.12997744E+01
    0.51200776E+00   -0.13356310E+01
    0.53028814E+00   -0.13706728E+01
    0.55117724E+00   -0.14020590E+01
    0.57623768E+00   -0.14249694E+01
    0.60700401E+00   -0.14333981E+01
    0.64394534E+00   -0.14229071E+01
    0.68549827E+00   -0.13944026E+01
    0.72845373E+00   -0.13549531E+01
    0.76987476E+00   -0.13131221E+01
    0.80842556E+00   -0.12740545E+01
    0.84406752E+00   -0.12390389E+01
    0.87720620E+00   -0.12076394E+01
    0.90824779E+00   -0.11791497E+01
    0.93751092E+00   -0.11529892E+01
    0.96524261E+00   -0.11286993E+01
    0.99163466E+00   -0.11059251E+01
    0.10168362E+01   -0.10844106E+01
    0.10409683E+01   -0.10639522E+01
    0.10641309E+01   -0.10443668E+01
    0.10864062E+01   -0.10255041E+01
    0.11078612E+01   -0.10072618E+01
    0.11285535E+01   -0.98958160E+00
    0.11485352E+01   -0.97241944E+00
    0.11678521E+01   -0.95570966E+00
    0.11865414E+01   -0.93936278E+00
    0.12046328E+01   -0.92329713E+00
    0.12221516E+01   -0.90746113E+00
    0.12391225E+01   -0.89183343E+00
    0.12555706E+01   -0.87641266E+00
    0.12715209E+01   -0.86119932E+00
    0.12869940E+01   -0.84617671E+00
    0.13020044E+01   -0.83130960E+00
    0.13165628E+01   -0.81656290E+00
    0.13306823E+01   -0.80192225E+00
    0.13443792E+01   -0.78739121E+00
    0.13576698E+01   -0.77297249E+00
    0.13705663E+01   -0.75865888E+00
    0.13830785E+01   -0.74443793E+00
    0.13952154E+01   -0.73029985E+00
    0.14069871E+01   -0.71624037E+00
    0.14184033E+01   -0.70225626E+00
    0.14294715E+01   -0.68834066E+00
    0.14401977E+01   -0.67448551E+00
    0.14505888E+01   -0.66068715E+00
    0.14606545E+01   -0.64694762E+00
    0.14704062E+01   -0.63327270E+00
    0.14798568E+01   -0.61966936E+00
    0.14890188E+01   -0.60614354E+00
    0.14979035E+01   -0.59269799E+00
    0.15065193E+01   -0.57933124E+00
    0.15148716E+01   -0.56603794E+00
    0.15229637E+01   -0.55281089E+00
    0.15307991E+01   -0.53964407E+00
    0.15383831E+01   -0.52653520E+00
    0.15457244E+01   -0.51348598E+00
    0.15528340E+01   -0.50050071E+00
    0.15597246E+01   -0.48758460E+00
    0.15664092E+01   -0.47474223E+00
    0.15728998E+01   -0.46197635E+00
    0.15792068E+01   -0.44928740E+00
    0.15853385E+01   -0.43667348E+00
    0.15913007E+01   -0.42413045E+00
    0.15970967E+01   -0.41165223E+00
    0.16027274E+01   -0.39923142E+00
    0.16081918E+01   -0.38685989E+00
    0.16134871E+01   -0.37452917E+00
    0.16186095E+01   -0.36223107E+00
    0.16235558E+01   -0.34995890E+00
    0.16283257E+01   -0.33770866E+00
    0.16329230E+01   -0.32547945E+00
    0.16373553E+01   -0.31327244E+00
    0.16416319E+01   -0.30108930E+00
    0.16457619E+01   -0.28893092E+00
    0.16497532E+01   -0.27679700E+00
    0.16536118E+01   -0.26468595E+00
    0.16573417E+01   -0.25259484E+00
    0.16609420E+01   -0.24051877E+00
    0.16644056E+01   -0.22845066E+00
    0.16677196E+01   -0.21638223E+00
    0.16708701E+01   -0.20430634E+00
    0.16738497E+01   -0.19221934E+00
    0.16766615E+01   -0.18012165E+00
    0.16793181E+01   -0.16801616E+00
    0.16818360E+01   -0.15590563E+00
    0.16842273E+01   -0.14379049E+00
    0.16864939E+01   -0.13166800E+00
    0.16886253E+01   -0.11953299E+00
    0.16906019E+01   -0.10737972E+00
    0.16924010E+01   -0.95203754E-01
    0.16940025E+01   -0.83002939E-01
    0.16953941E+01   -0.70777689E-01
    0.16965738E+01   -0.58530291E-01
    0.16975482E+01   -0.46263734E-01
    0.16983290E+01   -0.33980636E-01
    0.16989293E+01   -0.21682646E-01
    0.16993606E+01   -0.93702950E-02
  221    4
    2    0
    0.00000000E+00
    0.45454545E-02
    0.90909091E-02
    0.13636364E-01
    0.18181818E-01
    0.22727273E-01
    0.27272727E-01
    0.31818182E-01
    0.36363636E-01
    0.40909091E-01
    0.45454545E-01
    0.50000000E-01
    0.54545455E-01
    0.59090909E-01
    0.63636364E-01
    0.68181818E-01
    0.72727273E-01
    0.77272727E-01
    0.81818182E-01
    0.86363636E-01
    0.90909091E-01
    0.95454545E-01
    0.10000000E+00
    0.10454545E+00
    0.10909091E+00
    0.11363636E+00
    0.11818182E+00
    0.12272727E+00
    0.12727273E+00
    0.13181818E+00
    0.13636364E+00
    0.14090909E+00
    0.14545455E+00
    0.15000000E+00
    0.15454545E+00
    0.15909091E+00
    0.16363636E+00
    0.16818182E+00
    0.17272727E+00
    0.17727273E+00
    0.18181818E+00
    0.18636364E+00
    0.19090909E+00
    0.19545455E+00
    0.20000000E+00
    0.20454545E+00
    0.20909091E+00
    0.21363636E+00
    0.21818182E+00
    0.22272727E+00
    0.22727273E+00
    0.23181818E+00
    0.23636364E+00
    0.24090909E+00
    0.24545455E+00
    0.25000000E+00
    0.25454545E+00
    0.25909091E+00
    0.26363636E+00
    0.26818182E+00
    0.27272727E+00
    0.27727273E+00
    0.28181818E+00
    0.28636364E+00
    0.29090909E+00
    0.29545455E+00
    0.30000000E+00
    0.30454545E+00
    0.30909091E+00
    0.31363636E+00
    0.31818182E+00
    0.32272727E+00
    0.32727273E+00
    0.33181818E+00
    0.33636364E+00
    0.34090909E+00
    0.34545455E+00
    0.35000000E+00
    0.35454545E+00
    0.35909091E+00
    0.36363636E+00
    0.36818182E+00
    0.37272727E+00
    0.37727273E+00
    0.38181818E+00
    0.38636364E+00
    0.39090909E+00
    0.39545455E+00
    0.40000000E+00
    0.40454545E+00
    0.40909091E+00
    0.41363636E+00
    0.41818182E+00
    0.42272727E+00
    0.42727273E+00
    0.43181818E+00
    0.43636364E+00
    0.44090909E+00
    0.44545455E+00
    0.45000000E+00
    0.45454545E+00
    0.45909091E+00
    0.46363636E+00
    0.46818182E+00
    0.47272727E+00
    0.47727273E+00
    0.48181818E+00
    0.48636364E+00
    0.49090909E+00
    0.49545455E+00
    0.50000000E+00
    0.50454545E+00
    0.50909091E+00
    0.51363636E+00
    0.51818182E+00
    0.52272727E+00
    0.52727273E+00
    0.53181818E+00
    0.53636364E+00
    0.54090909E+00
    0.54545455E+00
    0.55000000E+00
    0.55454545E+00
    0.55909091E+00
    0.56363636E+00
    0.56818182E+00
    0.57272727E+00
    0.57727273E+00
    0.58181818E+00
    0.58636364E+00
    0.59090909E+00
    0.59545455E+00
    0.60000000E+00
    0.60454545E+00
    0.60909091E+00
    0.61363636E+00
    0.61818182E+00
    0.62272727E+00
    0.62727273E+00
    0.63181818E+00
    0.63636364E+00
    0.64090909E+00
    0.64545455E+00
    0.65000000E+00
    0.65454545E+00
    0.65909091E+00
    0.66363636E+00
    0.66818182E+00
    0.67272727E+00
    0.67727273E+00
    0.68181818E+00
    0.68636364E+00
    0.69090909E+00
    0.69545455E+00
    0.70000000E+00
    0.70454545E+00
    0.70909091E+00
    0.71363636E+00
    0.71818182E+00
    0.72272727E+00
    0.72727273E+00
    0.73181818E+00
    0.73636364E+00
    0.74090909E+00
    0.74545455E+00
    0.75000000E+00
    0.75454545E+00
    0.75909091E+00
    0.76363636E+00
    0.76818182E+00
    0.77272727E+00
    0.77727273E+00
    0.78181818E+00
    0.78636364E+00
    0.79090909E+00
    0.79545455E+00
    0.80000000E+00
    0.80454545E+00
    0.80909091E+00
    0.81363636E+00
    0.81818182E+00
    0.82272727E+00
    0.82727273E+00
    0.83181818E+00
    0.83636364E+00
    0.84090909E+00
    0.84545455E+00
    0.85000000E+00
    0.85454545E+00
    0.85909091E+00
    0.86363636E+00
    0.86818182E+00
    0.87272727E+00
    0.87727273E+00
    0.88181818E+00
    0.88636364E+00
    0.89090909E+00
    0.89545455E+00
    0.90000000E+00
    0.90454545E+00
    0.90909091E+00
    0.91363636E+00
    0.91818182E+00
    0.92272727E+00
    0.92727273E+00
    0.93181818E+00
    0.93636364E+00
    0.94090909E+00
    0.94545455E+00
    0.95000000E+00
    0.95454545E+00
    0.95909091E+00
    0.96363636E+00
    0.96818182E+00
    0.97272727E+00
    0.97727273E+00
    0.98181818E+00
    0.98636364E+00
    0.99090909E+00
    0.99545455E+00
    0.10000000E+01
   -0.59816913E+00
   -0.59666442E+00
   -0.59515079E+00
   -0.59363185E+00
   -0.59211127E+00
   -0.59059268E+00
   -0.58907972E+00
   -0.58757603E+00
   -0.58608525E+00
   -0.58461103E+00
   -0.58315686E+00
   -0.58171275E+00
   -0.58024440E+00
   -0.57871493E+00
   -0.57708817E+00
   -0.57540896E+00
   -0.57387957E+00
   -0.57271923E+00
   -0.57173142E+00
   -0.56968022E+00
   -0.56525521E+00
   -0.55868358E+00
   -0.55152022E+00
   -0.54472381E+00
   -0.53804145E+00
   -0.53124286E+00
   -0.52446294E+00
   -0.51766360E+00
   -0.51041965E+00
   -0.50273348E+00
   -0.49502107E+00
   -0.48733997E+00
   -0.47964068E+00
   -0.47194986E+00
   -0.46416699E+00
   -0.45624652E+00
   -0.44831775E+00
   -0.44039778E+00
   -0.43246161E+00
   -0.42455556E+00
   -0.41676178E+00
   -0.40897305E+00
   -0.40117080E+00
   -0.39339104E+00
   -0.38577605E+00
   -0.37832850E+00
   -0.37088893E+00
   -0.36344272E+00
   -0.35618750E+00
   -0.34920891E+00
   -0.34224538E+00
   -0.33529040E+00
   -0.32862342E+00
   -0.32221281E+00
   -0.31579644E+00
   -0.30938634E+00
   -0.30356227E+00
   -0.29773913E+00
   -0.29192654E+00
   -0.28649843E+00
   -0.28128155E+00
   -0.27606690E+00
   -0.27115516E+00
   -0.26653852E+00
   -0.26192514E+00
   -0.25760822E+00
   -0.25358061E+00
   -0.24955974E+00
   -0.24589196E+00
   -0.24242931E+00
   -0.23897905E+00
   -0.23599914E+00
   -0.23308648E+00
   -0.23029957E+00
   -0.22789448E+00
   -0.22549739E+00
   -0.22342701E+00
   -0.22150996E+00
   -0.21969693E+00
   -0.21823242E+00
   -0.21677325E+00
   -0.21565778E+00
   -0.21462296E+00
   -0.21378410E+00
   -0.21314195E+00
   -0.21259208E+00
   -0.21231563E+00
   -0.21205663E+00
   -0.21212452E+00
   -0.21219387E+00
   -0.21254152E+00
   -0.21292879E+00
   -0.21354310E+00
   -0.21422266E+00
   -0.21509950E+00
   -0.21604951E+00
   -0.21718108E+00
   -0.21838166E+00
   -0.21975828E+00
   -0.22119044E+00
   -0.22280168E+00
   -0.22444712E+00
   -0.22628197E+00
   -0.22814470E+00
   -0.23017066E+00
   -0.23224626E+00
   -0.23444258E+00
   -0.23671685E+00
   -0.23907118E+00
   -0.24153188E+00
   -0.24403245E+00
   -0.24666819E+00
   -0.24934164E+00
   -0.25210348E+00
   -0.25493735E+00
   -0.25781676E+00
   -0.26080070E+00
   -0.26382277E+00
   -0.26691318E+00
   -0.27007176E+00
   -0.27326890E+00
   -0.27654302E+00
   -0.27986381E+00
   -0.28322216E+00
   -0.28665648E+00
   -0.29012622E+00
   -0.29363296E+00
   -0.29720563E+00
   -0.30081045E+00
   -0.30444828E+00
   -0.30814375E+00
   -0.31186928E+00
   -0.31562454E+00
   -0.31942396E+00
   -0.32325488E+00
   -0.32711153E+00
   -0.33099811E+00
   -0.33491739E+00
   -0.33885741E+00
   -0.34281743E+00
   -0.34680171E+00
   -0.35080383E+00
   -0.35481874E+00
   -0.35884487E+00
   -0.36288160E+00
   -0.36692276E+00
   -0.37096435E+00
   -0.37500387E+00
   -0.37903506E+00
   -0.38305226E+00
   -0.38704877E+00
   -0.38774962E+00
   -0.37889037E+00
   -0.34212655E+00
   -0.32076612E+00
   -0.32748107E+00
   -0.34678414E+00
   -0.36454150E+00
   -0.38152882E+00
   -0.39778185E+00
   -0.41289258E+00
   -0.42688913E+00
   -0.43983918E+00
   -0.45179546E+00
   -0.46279294E+00
   -0.47298319E+00
   -0.48198405E+00
   -0.48970254E+00
   -0.49634660E+00
   -0.50192815E+00
   -0.49899626E+00
   -0.48188357E+00
   -0.45913279E+00
   -0.44900730E+00
   -0.44955422E+00
   -0.44990148E+00
   -0.45001146E+00
   -0.44988866E+00
   -0.44951291E+00
   -0.44886146E+00
   -0.44790648E+00
   -0.44661522E+00
   -0.44494927E+00
   -0.44286365E+00
   -0.44030607E+00
   -0.43721588E+00
   -0.43352277E+00
   -0.42914551E+00
   -0.42399027E+00
   -0.41794879E+00
   -0.41089624E+00
   -0.40268876E+00
   -0.39316056E+00
   -0.38212064E+00
   -0.36934896E+00
   -0.35459201E+00
   -0.33755773E+00
   -0.31790961E+00
   -0.29525980E+00
   -0.26918025E+00
   -0.23948601E+00
   -0.20684604E+00
   -0.17292304E+00
   -0.13985843E+00
   -0.11020678E+00
   -0.86465481E-01
   -0.71190507E-01
   -0.67209011E-01
   -0.77624545E-01
   -0.10587847E+00
   -0.15584199E+00
   -0.23244372E+00
   -0.34437583E+00
   -0.51530888E+00
   -0.79192514E+00
   -0.11207718E+01
   -0.13166430E+01
   -0.12146296E+01
   -0.90669698E+00
   -0.57071362E+00
   -0.38811186E+00
    0.15930854E+01
    0.15930534E+01
    0.15929315E+01
    0.15927212E+01
    0.15924243E+01
    0.15920424E+01
    0.15915771E+01
    0.15910300E+01
    0.15904027E+01
    0.15896969E+01
    0.15889142E+01
    0.15880563E+01
    0.15871252E+01
    0.15861227E+01
    0.15850508E+01
    0.15839110E+01
    0.15827029E+01
    0.15814258E+01
    0.15800798E+01
    0.15786683E+01
    0.15771976E+01
    0.15756703E+01
    0.15740827E+01
    0.15724331E+01
    0.15707290E+01
    0.15689773E+01
    0.15671791E+01
    0.15653334E+01
    0.15634379E+01
    0.15614955E+01
    0.15595122E+01
    0.15574905E+01
    0.15554323E+01
    0.15533397E+01
    0.15512120E+01
    0.15490502E+01
    0.15468591E+01
    0.15446405E+01
    0.15423962E+01
    0.15401267E+01
    0.15378308E+01
    0.15355134E+01
    0.15331759E+01
    0.15308191E+01
    0.15284431E+01
    0.15260488E+01
    0.15236387E+01
    0.15212137E+01
    0.15187737E+01
    0.15163185E+01
    0.15138507E+01
    0.15113708E+01
    0.15088779E+01
    0.15063724E+01
    0.15038563E+01
    0.15013294E+01
    0.14987892E+01
    0.14962386E+01
    0.14936779E+01
    0.14911046E+01
    0.14885198E+01
    0.14859244E+01
    0.14833165E+01
    0.14806956E+01
    0.14780632E+01
    0.14754170E+01
    0.14727565E+01
    0.14700831E+01
    0.14673937E+01
    0.14646889E+01
    0.14619691E+01
    0.14592303E+01
    0.14564747E+01
    0.14537010E+01
    0.14509064E+01
    0.14480931E+01
    0.14452573E+01
    0.14423998E+01
    0.14395201E+01
    0.14366145E+01
    0.14336858E+01
    0.14307293E+01
    0.14277468E+01
    0.14247359E+01
    0.14216957E+01
    0.14186263E+01
    0.14155241E+01
    0.14123917E+01
    0.14092234E+01
    0.14060229E+01
    0.14027849E+01
    0.13995120E+01
    0.13962000E+01
    0.13928504E+01
    0.13894599E+01
    0.13860296E+01
    0.13825561E+01
    0.13790406E+01
    0.13754796E+01
    0.13718745E+01
    0.13682215E+01
    0.13645227E+01
    0.13607730E+01
    0.13569755E+01
    0.13531251E+01
    0.13492238E+01
    0.13452685E+01
    0.13412591E+01
    0.13371945E+01
    0.13330723E+01
    0.13288937E+01
    0.13246532E+01
    0.13203539E+01
    0.13159923E+01
    0.13115678E+01
    0.13070802E+01
    0.13025247E+01
    0.12979036E+01
    0.12932139E+01
    0.12884539E+01
    0.12836240E+01
    0.12787198E+01
    0.12737421E+01
    0.12686898E+01
    0.12635576E+01
    0.12583477E+01
    0.12530581E+01
    0.12476836E+01
    0.12422261E+01
    0.12366837E+01
    0.12310505E+01
    0.12253283E+01
    0.12195150E+01
    0.12136058E+01
    0.12076002E+01
    0.12014966E+01
    0.11952917E+01
    0.11889815E+01
    0.11825658E+01
    0.11760419E+01
    0.11694046E+01
    0.11626522E+01
    0.11557825E+01
    0.11487925E+01
    0.11416763E+01
    0.11344320E+01
    0.11270565E+01
    0.11195462E+01
    0.11118961E+01
    0.11040979E+01
    0.10961592E+01
    0.10880753E+01
    0.10798416E+01
    0.10714536E+01
    0.10629069E+01
    0.10541953E+01
    0.10453141E+01
    0.10362571E+01
    0.10268797E+01
    0.10173055E+01
    0.10075328E+01
    0.99755515E+00
    0.98736522E+00
    0.97695534E+00
    0.96631966E+00
    0.95545673E+00
    0.94436736E+00
    0.93305601E+00
    0.92153705E+00
    0.90980073E+00
    0.89784598E+00
    0.88567115E+00
    0.87327457E+00
    0.86065352E+00
    0.84780518E+00
    0.83472673E+00
    0.82132988E+00
    0.80768441E+00
    0.79378735E+00
    0.77963574E+00
    0.76522722E+00
    0.75056016E+00
    0.73563406E+00
    0.72044982E+00
    0.70501020E+00
    0.68932056E+00
    0.67338943E+00
    0.65722928E+00
    0.64085772E+00
    0.62429889E+00
    0.60758462E+00
    0.59075669E+00
    0.57386930E+00
    0.55699133E+00
    0.54021033E+00
    0.52363676E+00
    0.50740836E+00
    0.49169737E+00
    0.47671653E+00
    0.46273004E+00
    0.45006067E+00
    0.43912214E+00
    0.43052161E+00
    0.42425707E+00
    0.42052223E+00
    0.41939472E+00
    0.42115874E+00
    0.42537216E+00
    0.43161978E+00
    0.43908889E+00
    0.44718175E+00
    0.45371681E+00
    0.49096929E+00
    0.63813520E+00
    0.84316743E+00
    0.97987736E+00
    0.96965967E+00
    0.77564840E+00
    0.45029263E+00
    0.25492745E+00
    0.12552975E+00

    1.99708155E-01 abs(PSI-AXIS) --> [T M**2]    -6.86108403E-02
    1.11312564E+00 R OF MAGAXE --> [M]       9.46156793E-01
   -9.37151875E-03 Z OF MAGAXE --> [M]      -7.96579094E-03
   -9.37029501E-03 Z0 --> [M]      -7.96475076E-03
    8.50000000E-01 R0 [M] USED FOR CONVERTING TO MKSA
    4.75509380E-01 B0 [T] USED FOR CONVERTING TO MKSA
    1.00000000E+00 SIGN OF B0 IN EXPERIMENT (CHEASE ASSUMES 1.0) 
    2.31087073E+00 TOTAL CURRENT --> [A]     7.43265205E+05
    1.00000000E+00 SIGN OF IP IN EXPERIMENT (CHEASE ASSUMES 1.0) 
    1.84030689E+00 b/a
    1.20000000E+00 Q_ZERO, USING SIGNS OF IP AND B0, WOULD GIVE:     1.20000000E+00
    1.49421841E+01 Q_EDGE, USING SIGNS OF IP AND B0, WOULD GIVE:     1.49421841E+01
    4.13308089E-01 POLOIDAL BETA
    6.79926110E-02 BETA_EXP=<P>*2*MU0/B0**2
    5.50465878E-01 LI
    7.38176945E-02 PRESSURE ON AXIS --> [Pa]     1.32821625E+04  --> [10**19 M**-3 KEV]:     8.29098783E+00
    4.20587381E-02 BETA
    4.87100905E-02 BETA* (SQRT(<P**2>))
    1.45652127E-01 BETA-AXIS=2p0/(T0/Rmag)^2;      with Rmag->Rgeo(LCFS):    1.11584390E-01
   -1.99708155E-01 PSI-AXIS --> [T M**2]    -6.86108403E-02
   -1.25480334E+00 2*PI*PSI-AXIS -->        -4.31094624E-01
   -1.99708155E-01 IP_SIGN*PSI-AXIS --> [T M**2]    -6.86108403E-02
   -1.25480334E+00 IP_SIGN*2*PI*PSI-AXIS -->        -4.31094624E-01
    1.34300228E+00 ASPECT RATIO ; a/R=     7.44600375E-01
    1.50100670E+01 VOLUME ->     9.21805742E+00
    2.69232898E+00 AREA   ->     1.94520769E+00
    3.51324956E+01 SURFACE   ->     2.53832281E+01
    6.47652466E+00 LENGTH ->     5.50504596E+00
    2.48834823E-01 RMIN -> RMIN [m]     2.11509600E-01
    1.69974148E+00 RMAX -> RMAX [m]     1.44478026E+00
   -1.43339814E+00 ZMIN -> ZMIN [m]    -1.21838842E+00
    1.23649664E+00 ZMAX -> ZMAX [m]     1.05102215E+00
    9.74288151E-01 RGEOM -> RGEOM [m]     8.28144928E-01
    7.25453328E-01 MINOR RADIUS -> A [m]     6.16635329E-01
