    0.74459865E+00
   -0.94091421E-02
    0.13104599E-02
  300
    0.16993524E+01   -0.94091421E-02
    0.16996218E+01    0.29300885E-02
    0.16997363E+01    0.15285037E-01
    0.16996877E+01    0.27656369E-01
    0.16994666E+01    0.40043992E-01
    0.16990638E+01    0.52447094E-01
    0.16984701E+01    0.64864122E-01
    0.16976759E+01    0.77292759E-01
    0.16966735E+01    0.89730235E-01
    0.16954598E+01    0.10217401E+00
    0.16940362E+01    0.11462233E+00
    0.16924038E+01    0.12707349E+00
    0.16905634E+01    0.13952591E+00
    0.16885160E+01    0.15197813E+00
    0.16862622E+01    0.16442878E+00
    0.16838040E+01    0.17687701E+00
    0.16811444E+01    0.18932264E+00
    0.16782873E+01    0.20176607E+00
    0.16752353E+01    0.21420782E+00
    0.16719894E+01    0.22664797E+00
    0.16685497E+01    0.23908643E+00
    0.16649162E+01    0.25152326E+00
    0.16610885E+01    0.26395847E+00
    0.16570642E+01    0.27639116E+00
    0.16528402E+01    0.28881988E+00
    0.16484131E+01    0.30124297E+00
    0.16437788E+01    0.31365814E+00
    0.16389381E+01    0.32606590E+00
    0.16338970E+01    0.33847066E+00
    0.16286646E+01    0.35087973E+00
    0.16232487E+01    0.36330127E+00
    0.16176547E+01    0.37574272E+00
    0.16118851E+01    0.38821068E+00
    0.16059415E+01    0.40071175E+00
    0.15998239E+01    0.41325211E+00
    0.15935287E+01    0.42583555E+00
    0.15870498E+01    0.43846375E+00
    0.15803809E+01    0.45113823E+00
    0.15735124E+01    0.46385707E+00
    0.15664333E+01    0.47661629E+00
    0.15591325E+01    0.48941095E+00
    0.15515987E+01    0.50223495E+00
    0.15438203E+01    0.51508080E+00
    0.15357885E+01    0.52794321E+00
    0.15274968E+01    0.54081937E+00
    0.15189405E+01    0.55370862E+00
    0.15101206E+01    0.56661872E+00
    0.15010385E+01    0.57955986E+00
    0.14916915E+01    0.59253793E+00
    0.14820726E+01    0.60555297E+00
    0.14721746E+01    0.61860492E+00
    0.14619891E+01    0.63169222E+00
    0.14515072E+01    0.64481167E+00
    0.14407210E+01    0.65796263E+00
    0.14296262E+01    0.67115168E+00
    0.14182191E+01    0.68438962E+00
    0.14064917E+01    0.69767985E+00
    0.13944359E+01    0.71102681E+00
    0.13820449E+01    0.72444083E+00
    0.13693116E+01    0.73793443E+00
    0.13562265E+01    0.75151772E+00
    0.13427787E+01    0.76520011E+00
    0.13289523E+01    0.77897698E+00
    0.13147309E+01    0.79284192E+00
    0.13001013E+01    0.80680109E+00
    0.12850503E+01    0.82086559E+00
    0.12695609E+01    0.83503367E+00
    0.12536148E+01    0.84929878E+00
    0.12371952E+01    0.86366403E+00
    0.12202880E+01    0.87816310E+00
    0.12028772E+01    0.89284297E+00
    0.11849392E+01    0.90771828E+00
    0.11664475E+01    0.92278627E+00
    0.11473757E+01    0.93806064E+00
    0.11276953E+01    0.95355478E+00
    0.11073755E+01    0.96930444E+00
    0.10863803E+01    0.98539385E+00
    0.10646667E+01    0.10018720E+01
    0.10421856E+01    0.10188037E+01
    0.10188827E+01    0.10362298E+01
    0.99470384E+00    0.10541454E+01
    0.96959317E+00    0.10725466E+01
    0.94349268E+00    0.10914321E+01
    0.91635023E+00    0.11107548E+01
    0.88812828E+00    0.11304013E+01
    0.85882191E+00    0.11501423E+01
    0.82848519E+00    0.11695759E+01
    0.79725443E+00    0.11881139E+01
    0.76538176E+00    0.12049407E+01
    0.73322498E+00    0.12191349E+01
    0.70125248E+00    0.12296990E+01
    0.66999720E+00    0.12357230E+01
    0.63993738E+00    0.12366816E+01
    0.61143780E+00    0.12324754E+01
    0.58472495E+00    0.12233738E+01
    0.55988201E+00    0.12099278E+01
    0.53688654E+00    0.11928171E+01
    0.51566919E+00    0.11726978E+01
    0.49610134E+00    0.11502272E+01
    0.47804606E+00    0.11259679E+01
    0.46136959E+00    0.11003858E+01
    0.44594639E+00    0.10738596E+01
    0.43166252E+00    0.10466915E+01
    0.41841446E+00    0.10191225E+01
    0.40611185E+00    0.99133932E+00
    0.39467561E+00    0.96348643E+00
    0.38403651E+00    0.93567478E+00
    0.37413293E+00    0.90799034E+00
    0.36490935E+00    0.88049981E+00
    0.35631774E+00    0.85325200E+00
    0.34831764E+00    0.82628065E+00
    0.34086753E+00    0.79961588E+00
    0.33392770E+00    0.77328151E+00
    0.32745986E+00    0.74729628E+00
    0.32142838E+00    0.72167323E+00
    0.31580486E+00    0.69641645E+00
    0.31056588E+00    0.67152444E+00
    0.30568181E+00    0.64700018E+00
    0.30112114E+00    0.62284664E+00
    0.29686335E+00    0.59905691E+00
    0.29289195E+00    0.57562102E+00
    0.28919064E+00    0.55252906E+00
    0.28574170E+00    0.52977227E+00
    0.28252698E+00    0.50734203E+00
    0.27953227E+00    0.48522718E+00
    0.27674640E+00    0.46341505E+00
    0.27415898E+00    0.44189297E+00
    0.27175712E+00    0.42064998E+00
    0.26951958E+00    0.39967924E+00
    0.26742247E+00    0.37897431E+00
    0.26544809E+00    0.35852492E+00
    0.26359759E+00    0.33831253E+00
    0.26188261E+00    0.31831584E+00
    0.26030670E+00    0.29851863E+00
    0.25886191E+00    0.27890980E+00
    0.25753763E+00    0.25947920E+00
    0.25632443E+00    0.24021609E+00
    0.25521412E+00    0.22110926E+00
    0.25420074E+00    0.20214688E+00
    0.25327974E+00    0.18331684E+00
    0.25244749E+00    0.16460702E+00
    0.25170166E+00    0.14600521E+00
    0.25104167E+00    0.12749915E+00
    0.25046861E+00    0.10907672E+00
    0.24998474E+00    0.90726035E-01
    0.24959373E+00    0.72435587E-01
    0.24929336E+00    0.54194834E-01
    0.24907529E+00    0.35993553E-01
    0.24893109E+00    0.17820973E-01
    0.24885302E+00   -0.33428900E-03
    0.24883556E+00   -0.18484179E-01
    0.24887981E+00   -0.36640874E-01
    0.24898932E+00   -0.54816358E-01
    0.24916802E+00   -0.73022354E-01
    0.24942062E+00   -0.91270291E-01
    0.24975302E+00   -0.10957122E+00
    0.25017245E+00   -0.12793571E+00
    0.25068141E+00   -0.14637469E+00
    0.25127542E+00   -0.16490045E+00
    0.25195034E+00   -0.18352589E+00
    0.25270298E+00   -0.20226449E+00
    0.25353324E+00   -0.22112969E+00
    0.25444778E+00   -0.24013361E+00
    0.25545639E+00   -0.25928745E+00
    0.25657005E+00   -0.27860178E+00
    0.25779975E+00   -0.29808683E+00
    0.25915021E+00   -0.31775478E+00
    0.26062330E+00   -0.33761930E+00
    0.26222241E+00   -0.35769409E+00
    0.26395136E+00   -0.37799332E+00
    0.26580258E+00   -0.39853706E+00
    0.26776290E+00   -0.41935000E+00
    0.26983348E+00   -0.44045223E+00
    0.27204209E+00   -0.46185081E+00
    0.27442154E+00   -0.48354859E+00
    0.27699975E+00   -0.50554931E+00
    0.27978165E+00   -0.52786955E+00
    0.28276693E+00   -0.55053055E+00
    0.28595786E+00   -0.57355379E+00
    0.28936434E+00   -0.59695723E+00
    0.29300565E+00   -0.62075298E+00
    0.29690114E+00   -0.64495323E+00
    0.30106995E+00   -0.66957049E+00
    0.30553270E+00   -0.69461637E+00
    0.31031378E+00   -0.72009940E+00
    0.31544081E+00   -0.74602492E+00
    0.32093130E+00   -0.77240735E+00
    0.32679647E+00   -0.79926859E+00
    0.33305605E+00   -0.82662399E+00
    0.33974454E+00   -0.85447404E+00
    0.34689424E+00   -0.88282046E+00
    0.35452697E+00   -0.91167667E+00
    0.36266854E+00   -0.94105247E+00
    0.37134843E+00   -0.97095375E+00
    0.38059756E+00   -0.10013848E+01
    0.39044849E+00   -0.10323475E+01
    0.40093881E+00   -0.10638364E+01
    0.41210628E+00   -0.10958442E+01
    0.42398441E+00   -0.11283691E+01
    0.43660805E+00   -0.11614069E+01
    0.45001677E+00   -0.11949442E+01
    0.46423817E+00   -0.12289882E+01
    0.47928139E+00   -0.12635851E+01
    0.49518053E+00   -0.12987400E+01
    0.51208514E+00   -0.13342053E+01
    0.53039937E+00   -0.13690822E+01
    0.55098298E+00   -0.14011260E+01
    0.57524371E+00   -0.14260830E+01
    0.60522768E+00   -0.14367852E+01
    0.64256104E+00   -0.14253500E+01
    0.68502845E+00   -0.13940639E+01
    0.72819058E+00   -0.13538612E+01
    0.76940571E+00   -0.13127153E+01
    0.80775633E+00   -0.12744373E+01
    0.84333593E+00   -0.12397415E+01
    0.87648877E+00   -0.12083439E+01
    0.90755348E+00   -0.11798048E+01
    0.93683433E+00   -0.11536157E+01
    0.96457989E+00   -0.11293161E+01
    0.99098967E+00   -0.11064931E+01
    0.10162053E+01   -0.10849475E+01
    0.10403476E+01   -0.10644922E+01
    0.10635213E+01   -0.10448980E+01
    0.10858070E+01   -0.10260311E+01
    0.11072723E+01   -0.10077721E+01
    0.11279742E+01   -0.99006771E+00
    0.11479650E+01   -0.97289634E+00
    0.11672920E+01   -0.95620226E+00
    0.11859914E+01   -0.93986191E+00
    0.12040920E+01   -0.92379162E+00
    0.12216205E+01   -0.90795563E+00
    0.12386003E+01   -0.89232210E+00
    0.12550562E+01   -0.87688964E+00
    0.12710157E+01   -0.86167449E+00
    0.12864996E+01   -0.84665810E+00
    0.13015231E+01   -0.83180581E+00
    0.13160917E+01   -0.81705916E+00
    0.13302179E+01   -0.80240546E+00
    0.13439243E+01   -0.78787221E+00
    0.13572259E+01   -0.77345633E+00
    0.13701340E+01   -0.75914598E+00
    0.13826576E+01   -0.74492734E+00
    0.13948043E+01   -0.73078644E+00
    0.14065846E+01   -0.71672161E+00
    0.14180124E+01   -0.70273888E+00
    0.14290936E+01   -0.68882698E+00
    0.14398309E+01   -0.67497091E+00
    0.14502324E+01   -0.66116973E+00
    0.14603087E+01   -0.64742784E+00
    0.14700707E+01   -0.63374961E+00
    0.14795310E+01   -0.62014179E+00
    0.14887028E+01   -0.60661158E+00
    0.14975977E+01   -0.59316215E+00
    0.15062239E+01   -0.57979174E+00
    0.15145877E+01   -0.56649594E+00
    0.15226919E+01   -0.55326684E+00
    0.15305378E+01   -0.54009567E+00
    0.15381313E+01   -0.52698089E+00
    0.15454820E+01   -0.51392565E+00
    0.15526005E+01   -0.50093369E+00
    0.15594994E+01   -0.48801017E+00
    0.15661924E+01   -0.47516046E+00
    0.15726915E+01   -0.46238741E+00
    0.15790065E+01   -0.44969067E+00
    0.15851458E+01   -0.43706860E+00
    0.15911166E+01   -0.42451818E+00
    0.15969209E+01   -0.41203235E+00
    0.16025593E+01   -0.39960335E+00
    0.16080319E+01   -0.38722395E+00
    0.16133364E+01   -0.37488599E+00
    0.16184692E+01   -0.36258128E+00
    0.16234254E+01   -0.35030198E+00
    0.16282025E+01   -0.33804269E+00
    0.16328051E+01   -0.32580317E+00
    0.16372429E+01   -0.31358607E+00
    0.16415255E+01   -0.30139307E+00
    0.16456620E+01   -0.28922511E+00
    0.16496596E+01   -0.27708142E+00
    0.16535225E+01   -0.26495958E+00
    0.16572545E+01   -0.25285680E+00
    0.16608598E+01   -0.24077033E+00
    0.16643344E+01   -0.22869423E+00
    0.16676638E+01   -0.21661913E+00
    0.16708272E+01   -0.20453511E+00
    0.16738103E+01   -0.19243654E+00
    0.16766200E+01   -0.18032559E+00
    0.16792730E+01   -0.16820666E+00
    0.16817874E+01   -0.15608303E+00
    0.16841788E+01   -0.14395595E+00
    0.16864545E+01   -0.13182351E+00
    0.16885971E+01   -0.11967868E+00
    0.16905840E+01   -0.10751505E+00
    0.16923931E+01   -0.95328301E-01
    0.16940028E+01   -0.83116153E-01
    0.16953947E+01   -0.70878440E-01
    0.16965712E+01   -0.58618326E-01
    0.16975439E+01   -0.46339326E-01
    0.16983242E+01   -0.34043941E-01
    0.16989233E+01   -0.21733692E-01
    0.16993524E+01   -0.94091421E-02
  221    4
    2    0
    0.00000000E+00
    0.45454545E-02
    0.90909091E-02
    0.13636364E-01
    0.18181818E-01
    0.22727273E-01
    0.27272727E-01
    0.31818182E-01
    0.36363636E-01
    0.40909091E-01
    0.45454545E-01
    0.50000000E-01
    0.54545455E-01
    0.59090909E-01
    0.63636364E-01
    0.68181818E-01
    0.72727273E-01
    0.77272727E-01
    0.81818182E-01
    0.86363636E-01
    0.90909091E-01
    0.95454545E-01
    0.10000000E+00
    0.10454545E+00
    0.10909091E+00
    0.11363636E+00
    0.11818182E+00
    0.12272727E+00
    0.12727273E+00
    0.13181818E+00
    0.13636364E+00
    0.14090909E+00
    0.14545455E+00
    0.15000000E+00
    0.15454545E+00
    0.15909091E+00
    0.16363636E+00
    0.16818182E+00
    0.17272727E+00
    0.17727273E+00
    0.18181818E+00
    0.18636364E+00
    0.19090909E+00
    0.19545455E+00
    0.20000000E+00
    0.20454545E+00
    0.20909091E+00
    0.21363636E+00
    0.21818182E+00
    0.22272727E+00
    0.22727273E+00
    0.23181818E+00
    0.23636364E+00
    0.24090909E+00
    0.24545455E+00
    0.25000000E+00
    0.25454545E+00
    0.25909091E+00
    0.26363636E+00
    0.26818182E+00
    0.27272727E+00
    0.27727273E+00
    0.28181818E+00
    0.28636364E+00
    0.29090909E+00
    0.29545455E+00
    0.30000000E+00
    0.30454545E+00
    0.30909091E+00
    0.31363636E+00
    0.31818182E+00
    0.32272727E+00
    0.32727273E+00
    0.33181818E+00
    0.33636364E+00
    0.34090909E+00
    0.34545455E+00
    0.35000000E+00
    0.35454545E+00
    0.35909091E+00
    0.36363636E+00
    0.36818182E+00
    0.37272727E+00
    0.37727273E+00
    0.38181818E+00
    0.38636364E+00
    0.39090909E+00
    0.39545455E+00
    0.40000000E+00
    0.40454545E+00
    0.40909091E+00
    0.41363636E+00
    0.41818182E+00
    0.42272727E+00
    0.42727273E+00
    0.43181818E+00
    0.43636364E+00
    0.44090909E+00
    0.44545455E+00
    0.45000000E+00
    0.45454545E+00
    0.45909091E+00
    0.46363636E+00
    0.46818182E+00
    0.47272727E+00
    0.47727273E+00
    0.48181818E+00
    0.48636364E+00
    0.49090909E+00
    0.49545455E+00
    0.50000000E+00
    0.50454545E+00
    0.50909091E+00
    0.51363636E+00
    0.51818182E+00
    0.52272727E+00
    0.52727273E+00
    0.53181818E+00
    0.53636364E+00
    0.54090909E+00
    0.54545455E+00
    0.55000000E+00
    0.55454545E+00
    0.55909091E+00
    0.56363636E+00
    0.56818182E+00
    0.57272727E+00
    0.57727273E+00
    0.58181818E+00
    0.58636364E+00
    0.59090909E+00
    0.59545455E+00
    0.60000000E+00
    0.60454545E+00
    0.60909091E+00
    0.61363636E+00
    0.61818182E+00
    0.62272727E+00
    0.62727273E+00
    0.63181818E+00
    0.63636364E+00
    0.64090909E+00
    0.64545455E+00
    0.65000000E+00
    0.65454545E+00
    0.65909091E+00
    0.66363636E+00
    0.66818182E+00
    0.67272727E+00
    0.67727273E+00
    0.68181818E+00
    0.68636364E+00
    0.69090909E+00
    0.69545455E+00
    0.70000000E+00
    0.70454545E+00
    0.70909091E+00
    0.71363636E+00
    0.71818182E+00
    0.72272727E+00
    0.72727273E+00
    0.73181818E+00
    0.73636364E+00
    0.74090909E+00
    0.74545455E+00
    0.75000000E+00
    0.75454545E+00
    0.75909091E+00
    0.76363636E+00
    0.76818182E+00
    0.77272727E+00
    0.77727273E+00
    0.78181818E+00
    0.78636364E+00
    0.79090909E+00
    0.79545455E+00
    0.80000000E+00
    0.80454545E+00
    0.80909091E+00
    0.81363636E+00
    0.81818182E+00
    0.82272727E+00
    0.82727273E+00
    0.83181818E+00
    0.83636364E+00
    0.84090909E+00
    0.84545455E+00
    0.85000000E+00
    0.85454545E+00
    0.85909091E+00
    0.86363636E+00
    0.86818182E+00
    0.87272727E+00
    0.87727273E+00
    0.88181818E+00
    0.88636364E+00
    0.89090909E+00
    0.89545455E+00
    0.90000000E+00
    0.90454545E+00
    0.90909091E+00
    0.91363636E+00
    0.91818182E+00
    0.92272727E+00
    0.92727273E+00
    0.93181818E+00
    0.93636364E+00
    0.94090909E+00
    0.94545455E+00
    0.95000000E+00
    0.95454545E+00
    0.95909091E+00
    0.96363636E+00
    0.96818182E+00
    0.97272727E+00
    0.97727273E+00
    0.98181818E+00
    0.98636364E+00
    0.99090909E+00
    0.99545455E+00
    0.10000000E+01
   -0.62309661E+00
   -0.62321202E+00
   -0.62290282E+00
   -0.62218058E+00
   -0.62105689E+00
   -0.61954334E+00
   -0.61765150E+00
   -0.61539295E+00
   -0.61277927E+00
   -0.60982205E+00
   -0.60653287E+00
   -0.60292331E+00
   -0.59900494E+00
   -0.59478936E+00
   -0.59028814E+00
   -0.58551287E+00
   -0.58047511E+00
   -0.57518647E+00
   -0.56965851E+00
   -0.56390282E+00
   -0.55793097E+00
   -0.55175426E+00
   -0.54538378E+00
   -0.53883060E+00
   -0.53210580E+00
   -0.52522047E+00
   -0.51818567E+00
   -0.51101248E+00
   -0.50371205E+00
   -0.49629705E+00
   -0.48878170E+00
   -0.48118028E+00
   -0.47350707E+00
   -0.46577635E+00
   -0.45800238E+00
   -0.45019872E+00
   -0.44237776E+00
   -0.43455180E+00
   -0.42673311E+00
   -0.41893399E+00
   -0.41116648E+00
   -0.40344187E+00
   -0.39577135E+00
   -0.38816607E+00
   -0.38063717E+00
   -0.37319488E+00
   -0.36584856E+00
   -0.35860757E+00
   -0.35148121E+00
   -0.34447812E+00
   -0.33760600E+00
   -0.33087243E+00
   -0.32428499E+00
   -0.31785035E+00
   -0.31157441E+00
   -0.30546308E+00
   -0.29952196E+00
   -0.29375564E+00
   -0.28816839E+00
   -0.28276447E+00
   -0.27754727E+00
   -0.27251967E+00
   -0.26768449E+00
   -0.26304396E+00
   -0.25859970E+00
   -0.25435326E+00
   -0.25030568E+00
   -0.24645746E+00
   -0.24280904E+00
   -0.23936034E+00
   -0.23611091E+00
   -0.23306018E+00
   -0.23020709E+00
   -0.22755037E+00
   -0.22508857E+00
   -0.22281984E+00
   -0.22074222E+00
   -0.21885349E+00
   -0.21715119E+00
   -0.21563279E+00
   -0.21429546E+00
   -0.21313632E+00
   -0.21215229E+00
   -0.21134021E+00
   -0.21069679E+00
   -0.21021865E+00
   -0.20990234E+00
   -0.20974432E+00
   -0.20974104E+00
   -0.20988886E+00
   -0.21018414E+00
   -0.21062320E+00
   -0.21120238E+00
   -0.21191798E+00
   -0.21276635E+00
   -0.21374384E+00
   -0.21484681E+00
   -0.21607168E+00
   -0.21741490E+00
   -0.21887297E+00
   -0.22044242E+00
   -0.22211988E+00
   -0.22390200E+00
   -0.22578552E+00
   -0.22776723E+00
   -0.22984401E+00
   -0.23201281E+00
   -0.23427065E+00
   -0.23661462E+00
   -0.23904190E+00
   -0.24154976E+00
   -0.24413551E+00
   -0.24679659E+00
   -0.24953048E+00
   -0.25233474E+00
   -0.25520702E+00
   -0.25814503E+00
   -0.26114657E+00
   -0.26420947E+00
   -0.26733167E+00
   -0.27051114E+00
   -0.27374592E+00
   -0.27703410E+00
   -0.28037382E+00
   -0.28376326E+00
   -0.28720065E+00
   -0.29068423E+00
   -0.29421229E+00
   -0.29778311E+00
   -0.30139502E+00
   -0.30504632E+00
   -0.30873530E+00
   -0.31246026E+00
   -0.31621945E+00
   -0.32001109E+00
   -0.32383333E+00
   -0.32768427E+00
   -0.33156192E+00
   -0.33546419E+00
   -0.33938886E+00
   -0.34333356E+00
   -0.34729577E+00
   -0.35127276E+00
   -0.35526158E+00
   -0.35925902E+00
   -0.36326155E+00
   -0.36726532E+00
   -0.37126608E+00
   -0.37525913E+00
   -0.37923928E+00
   -0.38320074E+00
   -0.38713707E+00
   -0.39104109E+00
   -0.39490478E+00
   -0.39871915E+00
   -0.40247414E+00
   -0.40615842E+00
   -0.40975929E+00
   -0.41326245E+00
   -0.41665180E+00
   -0.41990921E+00
   -0.42301404E+00
   -0.42594371E+00
   -0.42867049E+00
   -0.43117220E+00
   -0.43344886E+00
   -0.43551351E+00
   -0.43737596E+00
   -0.43904392E+00
   -0.44052306E+00
   -0.44181680E+00
   -0.44292635E+00
   -0.44385062E+00
   -0.44458607E+00
   -0.44512657E+00
   -0.44546326E+00
   -0.44558428E+00
   -0.44547450E+00
   -0.44511519E+00
   -0.44448364E+00
   -0.44355269E+00
   -0.44229020E+00
   -0.44065838E+00
   -0.43861308E+00
   -0.43610289E+00
   -0.43306817E+00
   -0.42943985E+00
   -0.42513807E+00
   -0.42007060E+00
   -0.41413101E+00
   -0.40719651E+00
   -0.39912552E+00
   -0.38975474E+00
   -0.37889584E+00
   -0.36633154E+00
   -0.35181125E+00
   -0.33504522E+00
   -0.31570075E+00
   -0.29338640E+00
   -0.26767524E+00
   -0.23803425E+00
   -0.20511783E+00
   -0.17093517E+00
   -0.13770495E+00
   -0.10771143E+00
   -0.83371688E-01
   -0.67279883E-01
   -0.62259255E-01
   -0.71426949E-01
   -0.98235819E-01
   -0.14665921E+00
   -0.22092346E+00
   -0.32891992E+00
   -0.48720838E+00
   -0.75975660E+00
   -0.11422015E+01
   -0.14141566E+01
   -0.13027775E+01
   -0.83492126E+00
   -0.60336699E+00
   -0.31760411E+00
    0.15958785E+01
    0.15958715E+01
    0.15957719E+01
    0.15955811E+01
    0.15953007E+01
    0.15949323E+01
    0.15944773E+01
    0.15939374E+01
    0.15933144E+01
    0.15926098E+01
    0.15918256E+01
    0.15909634E+01
    0.15900252E+01
    0.15890126E+01
    0.15879277E+01
    0.15867722E+01
    0.15855481E+01
    0.15842573E+01
    0.15829017E+01
    0.15814831E+01
    0.15800037E+01
    0.15784653E+01
    0.15768697E+01
    0.15752187E+01
    0.15735144E+01
    0.15717586E+01
    0.15699530E+01
    0.15680997E+01
    0.15662002E+01
    0.15642567E+01
    0.15622712E+01
    0.15602460E+01
    0.15581831E+01
    0.15560844E+01
    0.15539520E+01
    0.15517877E+01
    0.15495933E+01
    0.15473705E+01
    0.15451208E+01
    0.15428458E+01
    0.15405470E+01
    0.15382259E+01
    0.15358837E+01
    0.15335217E+01
    0.15311411E+01
    0.15287431E+01
    0.15263285E+01
    0.15238983E+01
    0.15214534E+01
    0.15189944E+01
    0.15165220E+01
    0.15140368E+01
    0.15115392E+01
    0.15090297E+01
    0.15065086E+01
    0.15039759E+01
    0.15014320E+01
    0.14988769E+01
    0.14963106E+01
    0.14937329E+01
    0.14911438E+01
    0.14885430E+01
    0.14859302E+01
    0.14833051E+01
    0.14806673E+01
    0.14780162E+01
    0.14753514E+01
    0.14726724E+01
    0.14699784E+01
    0.14672689E+01
    0.14645431E+01
    0.14618003E+01
    0.14590396E+01
    0.14562603E+01
    0.14534615E+01
    0.14506424E+01
    0.14478020E+01
    0.14449395E+01
    0.14420538E+01
    0.14391440E+01
    0.14362091E+01
    0.14332482E+01
    0.14302601E+01
    0.14272439E+01
    0.14241986E+01
    0.14211230E+01
    0.14180161E+01
    0.14148769E+01
    0.14117043E+01
    0.14084972E+01
    0.14052545E+01
    0.14019752E+01
    0.13986581E+01
    0.13953021E+01
    0.13919063E+01
    0.13884694E+01
    0.13849905E+01
    0.13814683E+01
    0.13779017E+01
    0.13742896E+01
    0.13706310E+01
    0.13669247E+01
    0.13631697E+01
    0.13593647E+01
    0.13555086E+01
    0.13516002E+01
    0.13476385E+01
    0.13436222E+01
    0.13395502E+01
    0.13354213E+01
    0.13312343E+01
    0.13269878E+01
    0.13226808E+01
    0.13183120E+01
    0.13138800E+01
    0.13093836E+01
    0.13048215E+01
    0.13001922E+01
    0.12954944E+01
    0.12907267E+01
    0.12858877E+01
    0.12809759E+01
    0.12759897E+01
    0.12709275E+01
    0.12657878E+01
    0.12605690E+01
    0.12552692E+01
    0.12498868E+01
    0.12444200E+01
    0.12388668E+01
    0.12332253E+01
    0.12274935E+01
    0.12216694E+01
    0.12157507E+01
    0.12097353E+01
    0.12036208E+01
    0.11974048E+01
    0.11910848E+01
    0.11846582E+01
    0.11781222E+01
    0.11714740E+01
    0.11647107E+01
    0.11578292E+01
    0.11508262E+01
    0.11436984E+01
    0.11364424E+01
    0.11290543E+01
    0.11215304E+01
    0.11138667E+01
    0.11060590E+01
    0.10981030E+01
    0.10899939E+01
    0.10817271E+01
    0.10732976E+01
    0.10647001E+01
    0.10559292E+01
    0.10469793E+01
    0.10378444E+01
    0.10285184E+01
    0.10189950E+01
    0.10092676E+01
    0.99932950E+00
    0.98917378E+00
    0.97879306E+00
    0.96818169E+00
    0.95733900E+00
    0.94626676E+00
    0.93496575E+00
    0.92343609E+00
    0.91167725E+00
    0.89968808E+00
    0.88746694E+00
    0.87501170E+00
    0.86231981E+00
    0.84938840E+00
    0.83621437E+00
    0.82279446E+00
    0.80912538E+00
    0.79520399E+00
    0.78102742E+00
    0.76659330E+00
    0.75190000E+00
    0.73694703E+00
    0.72173528E+00
    0.70626753E+00
    0.69054914E+00
    0.67458863E+00
    0.65839850E+00
    0.64199638E+00
    0.62540642E+00
    0.60866049E+00
    0.59180046E+00
    0.57488058E+00
    0.55796988E+00
    0.54115612E+00
    0.52454998E+00
    0.50828957E+00
    0.49254761E+00
    0.47753744E+00
    0.46352411E+00
    0.45083098E+00
    0.43987317E+00
    0.43106260E+00
    0.42471493E+00
    0.42103499E+00
    0.42010415E+00
    0.42186351E+00
    0.42607882E+00
    0.43233742E+00
    0.43981492E+00
    0.44793666E+00
    0.45418037E+00
    0.49112403E+00
    0.63891436E+00
    0.84441236E+00
    0.98256472E+00
    0.97779323E+00
    0.77527752E+00
    0.45142367E+00
    0.25418783E+00
    0.12712197E+00

    2.00029097E-01 abs(PSI-AXIS) --> [T M**2]    -6.87211019E-02
    1.11253946E+00 R OF MAGAXE --> [M]       9.45658542E-01
   -9.40212622E-03 Z OF MAGAXE --> [M]      -7.99180728E-03
   -9.40914209E-03 Z0 --> [M]      -7.99777077E-03
    8.50000000E-01 R0 [M] USED FOR CONVERTING TO MKSA
    4.75509380E-01 B0 [T] USED FOR CONVERTING TO MKSA
   -1.00000000E+00 SIGN OF B0 IN EXPERIMENT (CHEASE ASSUMES 1.0) 
    2.31545965E+00 TOTAL CURRENT --> [A]     7.44741179E+05
    1.00000000E+00 SIGN OF IP IN EXPERIMENT (CHEASE ASSUMES 1.0) 
    1.84278907E+00 b/a
    1.20000000E+00 Q_ZERO, USING SIGNS OF IP AND B0, WOULD GIVE:    -1.20000000E+00
    1.50186123E+01 Q_EDGE, USING SIGNS OF IP AND B0, WOULD GIVE:    -1.50186123E+01
    4.10421652E-01 POLOIDAL BETA
    6.77834160E-02 BETA_EXP=<P>*2*MU0/B0**2
    5.50302629E-01 LI
    7.34436009E-02 PRESSURE ON AXIS --> [Pa]     1.32148511E+04  --> [10**19 M**-3 KEV]:     8.24897073E+00
    4.19043957E-02 BETA
    4.84674580E-02 BETA* (SQRT(<P**2>))
    1.44540871E-01 BETA-AXIS=2p0/(T0/Rmag)^2;      with Rmag->Rgeo(LCFS):    1.10849355E-01
   -2.00029097E-01 PSI-AXIS --> [T M**2]    -6.87211019E-02
   -1.25681988E+00 2*PI*PSI-AXIS -->        -4.31787418E-01
   -2.00029097E-01 IP_SIGN*PSI-AXIS --> [T M**2]    -6.87211019E-02
   -1.25681988E+00 IP_SIGN*2*PI*PSI-AXIS -->        -4.31787418E-01
    1.34300522E+00 ASPECT RATIO ; a/R=     7.44598745E-01
    1.50106187E+01 VOLUME ->     9.21839621E+00
    2.69248133E+00 AREA   ->     1.94531776E+00
    3.51444514E+01 SURFACE   ->     2.53918661E+01
    6.47965869E+00 LENGTH ->     5.50770989E+00
    2.48835561E-01 RMIN -> RMIN [m]     2.11510227E-01
    1.69973627E+00 RMAX -> RMAX [m]     1.44477583E+00
   -1.43678521E+00 ZMIN -> ZMIN [m]    -1.22126743E+00
    1.23668158E+00 ZMAX -> ZMAX [m]     1.05117934E+00
    9.74285917E-01 RGEOM -> RGEOM [m]     8.28143030E-01
    7.25450356E-01 MINOR RADIUS -> A [m]     6.16632803E-01
