    0.74459865E+00
   -0.93419014E-02
    0.13104599E-02
  300
    0.16993579E+01   -0.93419014E-02
    0.16996274E+01    0.29848510E-02
    0.16997389E+01    0.15327188E-01
    0.16996880E+01    0.27685803E-01
    0.16994661E+01    0.40060703E-01
    0.16990632E+01    0.52451066E-01
    0.16984691E+01    0.64855285E-01
    0.16976751E+01    0.77271102E-01
    0.16966745E+01    0.89695938E-01
    0.16954640E+01    0.10212735E+00
    0.16940434E+01    0.11456330E+00
    0.16924138E+01    0.12700206E+00
    0.16905763E+01    0.13944208E+00
    0.16885320E+01    0.15188195E+00
    0.16862820E+01    0.16432044E+00
    0.16838283E+01    0.17675680E+00
    0.16811740E+01    0.18919078E+00
    0.16783221E+01    0.20162263E+00
    0.16752751E+01    0.21405274E+00
    0.16720345E+01    0.22648136E+00
    0.16686007E+01    0.23890864E+00
    0.16649737E+01    0.25133457E+00
    0.16611523E+01    0.26375887E+00
    0.16571343E+01    0.27618065E+00
    0.16529164E+01    0.28859843E+00
    0.16484950E+01    0.30101036E+00
    0.16438679E+01    0.31341518E+00
    0.16390361E+01    0.32581372E+00
    0.16340047E+01    0.33820989E+00
    0.16287814E+01    0.35061019E+00
    0.16233737E+01    0.36302240E+00
    0.16177874E+01    0.37545426E+00
    0.16120260E+01    0.38791298E+00
    0.16060910E+01    0.40040513E+00
    0.15999815E+01    0.41293632E+00
    0.15936945E+01    0.42551063E+00
    0.15872246E+01    0.43813040E+00
    0.15805644E+01    0.45079625E+00
    0.15737048E+01    0.46350663E+00
    0.15666351E+01    0.47625796E+00
    0.15593439E+01    0.48904503E+00
    0.15518197E+01    0.50186145E+00
    0.15440516E+01    0.51470049E+00
    0.15360303E+01    0.52755664E+00
    0.15277494E+01    0.54042707E+00
    0.15192057E+01    0.55331300E+00
    0.15103985E+01    0.56622040E+00
    0.15013278E+01    0.57915720E+00
    0.14919911E+01    0.59212945E+00
    0.14823829E+01    0.60513940E+00
    0.14724957E+01    0.61818653E+00
    0.14623209E+01    0.63126877E+00
    0.14518500E+01    0.64438415E+00
    0.14410761E+01    0.65753342E+00
    0.14299937E+01    0.67072152E+00
    0.14185975E+01    0.68395556E+00
    0.14068809E+01    0.69724177E+00
    0.13948366E+01    0.71058674E+00
    0.13824575E+01    0.72399973E+00
    0.13697358E+01    0.73749206E+00
    0.13566621E+01    0.75107400E+00
    0.13432246E+01    0.76475131E+00
    0.13294086E+01    0.77852353E+00
    0.13151990E+01    0.79238896E+00
    0.13005815E+01    0.80635039E+00
    0.12855414E+01    0.82041232E+00
    0.12700623E+01    0.83457478E+00
    0.12541270E+01    0.84883654E+00
    0.12377196E+01    0.86320715E+00
    0.12208246E+01    0.87771411E+00
    0.12034245E+01    0.89239112E+00
    0.11854968E+01    0.90725852E+00
    0.11670160E+01    0.92232312E+00
    0.11479552E+01    0.93759234E+00
    0.11282861E+01    0.95308496E+00
    0.11079776E+01    0.96884239E+00
    0.10869935E+01    0.98492799E+00
    0.10652912E+01    0.10014063E+01
    0.10428215E+01    0.10183343E+01
    0.10195311E+01    0.10357482E+01
    0.99536450E+00    0.10536583E+01
    0.97026503E+00    0.10720642E+01
    0.94417530E+00    0.10909564E+01
    0.91704233E+00    0.11102919E+01
    0.88882821E+00    0.11299572E+01
    0.85952792E+00    0.11497216E+01
    0.82919414E+00    0.11691878E+01
    0.79796491E+00    0.11877587E+01
    0.76608790E+00    0.12046341E+01
    0.73392795E+00    0.12188662E+01
    0.70195365E+00    0.12294592E+01
    0.67068220E+00    0.12355489E+01
    0.64059111E+00    0.12366052E+01
    0.61204837E+00    0.12325146E+01
    0.58528188E+00    0.12235399E+01
    0.56038392E+00    0.12102098E+01
    0.53734269E+00    0.11931833E+01
    0.51607932E+00    0.11731396E+01
    0.49647310E+00    0.11507224E+01
    0.47838677E+00    0.11264978E+01
    0.46168417E+00    0.11009382E+01
    0.44623824E+00    0.10744264E+01
    0.43193365E+00    0.10472677E+01
    0.41866721E+00    0.10197032E+01
    0.40634797E+00    0.99192100E+00
    0.39489640E+00    0.96406660E+00
    0.38424269E+00    0.93625197E+00
    0.37432510E+00    0.90856336E+00
    0.36508899E+00    0.88106653E+00
    0.35648645E+00    0.85381039E+00
    0.34847472E+00    0.82683143E+00
    0.34101315E+00    0.80015873E+00
    0.33406216E+00    0.77381600E+00
    0.32758402E+00    0.74782146E+00
    0.32154454E+00    0.72218692E+00
    0.31591427E+00    0.69691765E+00
    0.31066625E+00    0.67201528E+00
    0.30577246E+00    0.64748120E+00
    0.30120543E+00    0.62331515E+00
    0.29694249E+00    0.59951215E+00
    0.29296553E+00    0.57606347E+00
    0.28925792E+00    0.55295939E+00
    0.28580256E+00    0.53019062E+00
    0.28258271E+00    0.50774766E+00
    0.27958402E+00    0.48561954E+00
    0.27679485E+00    0.46379390E+00
    0.27420393E+00    0.44225860E+00
    0.27179664E+00    0.42100353E+00
    0.26955281E+00    0.40002117E+00
    0.26745069E+00    0.37930399E+00
    0.26547566E+00    0.35884047E+00
    0.26362636E+00    0.33861344E+00
    0.26190970E+00    0.31860352E+00
    0.26032938E+00    0.29879420E+00
    0.25888065E+00    0.27917311E+00
    0.25755372E+00    0.25972984E+00
    0.25633847E+00    0.24045395E+00
    0.25522653E+00    0.22133430E+00
    0.25421161E+00    0.20235914E+00
    0.25328903E+00    0.18351641E+00
    0.25245528E+00    0.16479393E+00
    0.25170813E+00    0.14617947E+00
    0.25104701E+00    0.12766078E+00
    0.25047318E+00    0.10922570E+00
    0.24998927E+00    0.90862320E-01
    0.24959737E+00    0.72559320E-01
    0.24929535E+00    0.54306083E-01
    0.24907620E+00    0.36092257E-01
    0.24893115E+00    0.17907107E-01
    0.24885236E+00   -0.26074484E-03
    0.24883518E+00   -0.18423239E-01
    0.24887971E+00   -0.36592532E-01
    0.24898913E+00   -0.54780639E-01
    0.24916771E+00   -0.72999289E-01
    0.24942060E+00   -0.91259889E-01
    0.24975404E+00   -0.10957343E+00
    0.25017404E+00   -0.12795061E+00
    0.25068261E+00   -0.14640250E+00
    0.25127677E+00   -0.16494115E+00
    0.25195196E+00   -0.18357957E+00
    0.25270498E+00   -0.20233122E+00
    0.25353647E+00   -0.22120935E+00
    0.25445241E+00   -0.24022625E+00
    0.25546261E+00   -0.25939311E+00
    0.25657827E+00   -0.27872042E+00
    0.25780910E+00   -0.29821883E+00
    0.25916064E+00   -0.31790030E+00
    0.26063607E+00   -0.33777801E+00
    0.26223863E+00   -0.35786566E+00
    0.26396876E+00   -0.37817882E+00
    0.26581893E+00   -0.39873770E+00
    0.26777967E+00   -0.41956543E+00
    0.26985507E+00   -0.44068047E+00
    0.27206917E+00   -0.46209158E+00
    0.27445401E+00   -0.48380200E+00
    0.27703408E+00   -0.50581752E+00
    0.27981794E+00   -0.52815281E+00
    0.28280605E+00   -0.55082860E+00
    0.28600099E+00   -0.57386612E+00
    0.28941298E+00   -0.59728301E+00
    0.29305933E+00   -0.62109274E+00
    0.29695953E+00   -0.64530744E+00
    0.30113342E+00   -0.66993914E+00
    0.30560269E+00   -0.69499853E+00
    0.31039197E+00   -0.72049378E+00
    0.31552530E+00   -0.74643339E+00
    0.32102039E+00   -0.77283184E+00
    0.32689208E+00   -0.79970765E+00
    0.33316193E+00   -0.82707402E+00
    0.33986029E+00   -0.85493553E+00
    0.34701739E+00   -0.88329635E+00
    0.35465885E+00   -0.91216576E+00
    0.36281033E+00   -0.94155359E+00
    0.37150032E+00   -0.97146690E+00
    0.38075985E+00   -0.10019098E+01
    0.39062266E+00   -0.10328825E+01
    0.40112509E+00   -0.10643811E+01
    0.41230392E+00   -0.10963999E+01
    0.42419543E+00   -0.11289328E+01
    0.43683690E+00   -0.11619709E+01
    0.45026204E+00   -0.11955104E+01
    0.46448775E+00   -0.12295788E+01
    0.47951384E+00   -0.12642444E+01
    0.49536603E+00   -0.12995369E+01
    0.51220314E+00   -0.13351999E+01
    0.53049442E+00   -0.13701926E+01
    0.55122076E+00   -0.14019547E+01
    0.57595097E+00   -0.14257310E+01
    0.60649047E+00   -0.14348510E+01
    0.64363217E+00   -0.14238610E+01
    0.68559997E+00   -0.13940865E+01
    0.72871698E+00   -0.13540489E+01
    0.77005081E+00   -0.13124739E+01
    0.80848578E+00   -0.12738297E+01
    0.84407700E+00   -0.12390260E+01
    0.87720910E+00   -0.12076617E+01
    0.90825367E+00   -0.11791612E+01
    0.93751806E+00   -0.11529983E+01
    0.96525041E+00   -0.11287094E+01
    0.99164441E+00   -0.11059250E+01
    0.10168472E+01   -0.10844037E+01
    0.10409794E+01   -0.10639485E+01
    0.10641425E+01   -0.10443656E+01
    0.10864184E+01   -0.10255024E+01
    0.11078739E+01   -0.10072542E+01
    0.11285666E+01   -0.98956592E+00
    0.11485486E+01   -0.97240261E+00
    0.11678660E+01   -0.95569943E+00
    0.11865561E+01   -0.93935647E+00
    0.12046478E+01   -0.92328981E+00
    0.12221668E+01   -0.90745188E+00
    0.12391375E+01   -0.89182034E+00
    0.12555852E+01   -0.87639471E+00
    0.12715355E+01   -0.86118025E+00
    0.12870095E+01   -0.84616112E+00
    0.13020213E+01   -0.83129870E+00
    0.13165798E+01   -0.81655093E+00
    0.13306982E+01   -0.80190495E+00
    0.13443947E+01   -0.78737145E+00
    0.13576856E+01   -0.77295347E+00
    0.13705829E+01   -0.75864125E+00
    0.13830955E+01   -0.74442059E+00
    0.13952320E+01   -0.73028081E+00
    0.14070030E+01   -0.71621934E+00
    0.14184195E+01   -0.70223543E+00
    0.14294884E+01   -0.68832095E+00
    0.14402147E+01   -0.67446568E+00
    0.14506056E+01   -0.66066629E+00
    0.14606709E+01   -0.64692578E+00
    0.14704223E+01   -0.63324987E+00
    0.14798724E+01   -0.61964547E+00
    0.14890340E+01   -0.60611880E+00
    0.14979185E+01   -0.59267282E+00
    0.15065344E+01   -0.57930608E+00
    0.15148871E+01   -0.56601329E+00
    0.15229798E+01   -0.55278674E+00
    0.15308152E+01   -0.53961975E+00
    0.15383988E+01   -0.52651019E+00
    0.15457395E+01   -0.51346020E+00
    0.15528485E+01   -0.50047416E+00
    0.15597386E+01   -0.48755735E+00
    0.15664227E+01   -0.47471449E+00
    0.15729130E+01   -0.46194828E+00
    0.15792197E+01   -0.44925901E+00
    0.15853511E+01   -0.43664484E+00
    0.15913132E+01   -0.42410175E+00
    0.15971091E+01   -0.41162346E+00
    0.16027396E+01   -0.39920248E+00
    0.16082039E+01   -0.38683093E+00
    0.16134996E+01   -0.37450052E+00
    0.16186227E+01   -0.36220292E+00
    0.16235694E+01   -0.34993097E+00
    0.16283387E+01   -0.33768033E+00
    0.16329347E+01   -0.32545035E+00
    0.16373658E+01   -0.31324268E+00
    0.16416417E+01   -0.30105919E+00
    0.16457713E+01   -0.28890070E+00
    0.16497619E+01   -0.27676657E+00
    0.16536193E+01   -0.26465500E+00
    0.16573475E+01   -0.25256331E+00
    0.16609477E+01   -0.24048733E+00
    0.16644135E+01   -0.22842028E+00
    0.16677311E+01   -0.21635332E+00
    0.16708839E+01   -0.20427827E+00
    0.16738625E+01   -0.19219090E+00
    0.16766704E+01   -0.18009207E+00
    0.16793223E+01   -0.16798534E+00
    0.16818363E+01   -0.15587398E+00
    0.16842259E+01   -0.14375875E+00
    0.16864939E+01   -0.13163687E+00
    0.16886284E+01   -0.11950273E+00
    0.16906083E+01   -0.10735022E+00
    0.16924099E+01   -0.95174772E-01
    0.16940124E+01   -0.82974161E-01
    0.16954025E+01   -0.70748824E-01
    0.16965794E+01   -0.58501280E-01
    0.16975511E+01   -0.46234709E-01
    0.16983298E+01   -0.33951735E-01
    0.16989282E+01   -0.21653960E-01
    0.16993579E+01   -0.93419014E-02
  221    4
    2    0
    0.00000000E+00
    0.45454545E-02
    0.90909091E-02
    0.13636364E-01
    0.18181818E-01
    0.22727273E-01
    0.27272727E-01
    0.31818182E-01
    0.36363636E-01
    0.40909091E-01
    0.45454545E-01
    0.50000000E-01
    0.54545455E-01
    0.59090909E-01
    0.63636364E-01
    0.68181818E-01
    0.72727273E-01
    0.77272727E-01
    0.81818182E-01
    0.86363636E-01
    0.90909091E-01
    0.95454545E-01
    0.10000000E+00
    0.10454545E+00
    0.10909091E+00
    0.11363636E+00
    0.11818182E+00
    0.12272727E+00
    0.12727273E+00
    0.13181818E+00
    0.13636364E+00
    0.14090909E+00
    0.14545455E+00
    0.15000000E+00
    0.15454545E+00
    0.15909091E+00
    0.16363636E+00
    0.16818182E+00
    0.17272727E+00
    0.17727273E+00
    0.18181818E+00
    0.18636364E+00
    0.19090909E+00
    0.19545455E+00
    0.20000000E+00
    0.20454545E+00
    0.20909091E+00
    0.21363636E+00
    0.21818182E+00
    0.22272727E+00
    0.22727273E+00
    0.23181818E+00
    0.23636364E+00
    0.24090909E+00
    0.24545455E+00
    0.25000000E+00
    0.25454545E+00
    0.25909091E+00
    0.26363636E+00
    0.26818182E+00
    0.27272727E+00
    0.27727273E+00
    0.28181818E+00
    0.28636364E+00
    0.29090909E+00
    0.29545455E+00
    0.30000000E+00
    0.30454545E+00
    0.30909091E+00
    0.31363636E+00
    0.31818182E+00
    0.32272727E+00
    0.32727273E+00
    0.33181818E+00
    0.33636364E+00
    0.34090909E+00
    0.34545455E+00
    0.35000000E+00
    0.35454545E+00
    0.35909091E+00
    0.36363636E+00
    0.36818182E+00
    0.37272727E+00
    0.37727273E+00
    0.38181818E+00
    0.38636364E+00
    0.39090909E+00
    0.39545455E+00
    0.40000000E+00
    0.40454545E+00
    0.40909091E+00
    0.41363636E+00
    0.41818182E+00
    0.42272727E+00
    0.42727273E+00
    0.43181818E+00
    0.43636364E+00
    0.44090909E+00
    0.44545455E+00
    0.45000000E+00
    0.45454545E+00
    0.45909091E+00
    0.46363636E+00
    0.46818182E+00
    0.47272727E+00
    0.47727273E+00
    0.48181818E+00
    0.48636364E+00
    0.49090909E+00
    0.49545455E+00
    0.50000000E+00
    0.50454545E+00
    0.50909091E+00
    0.51363636E+00
    0.51818182E+00
    0.52272727E+00
    0.52727273E+00
    0.53181818E+00
    0.53636364E+00
    0.54090909E+00
    0.54545455E+00
    0.55000000E+00
    0.55454545E+00
    0.55909091E+00
    0.56363636E+00
    0.56818182E+00
    0.57272727E+00
    0.57727273E+00
    0.58181818E+00
    0.58636364E+00
    0.59090909E+00
    0.59545455E+00
    0.60000000E+00
    0.60454545E+00
    0.60909091E+00
    0.61363636E+00
    0.61818182E+00
    0.62272727E+00
    0.62727273E+00
    0.63181818E+00
    0.63636364E+00
    0.64090909E+00
    0.64545455E+00
    0.65000000E+00
    0.65454545E+00
    0.65909091E+00
    0.66363636E+00
    0.66818182E+00
    0.67272727E+00
    0.67727273E+00
    0.68181818E+00
    0.68636364E+00
    0.69090909E+00
    0.69545455E+00
    0.70000000E+00
    0.70454545E+00
    0.70909091E+00
    0.71363636E+00
    0.71818182E+00
    0.72272727E+00
    0.72727273E+00
    0.73181818E+00
    0.73636364E+00
    0.74090909E+00
    0.74545455E+00
    0.75000000E+00
    0.75454545E+00
    0.75909091E+00
    0.76363636E+00
    0.76818182E+00
    0.77272727E+00
    0.77727273E+00
    0.78181818E+00
    0.78636364E+00
    0.79090909E+00
    0.79545455E+00
    0.80000000E+00
    0.80454545E+00
    0.80909091E+00
    0.81363636E+00
    0.81818182E+00
    0.82272727E+00
    0.82727273E+00
    0.83181818E+00
    0.83636364E+00
    0.84090909E+00
    0.84545455E+00
    0.85000000E+00
    0.85454545E+00
    0.85909091E+00
    0.86363636E+00
    0.86818182E+00
    0.87272727E+00
    0.87727273E+00
    0.88181818E+00
    0.88636364E+00
    0.89090909E+00
    0.89545455E+00
    0.90000000E+00
    0.90454545E+00
    0.90909091E+00
    0.91363636E+00
    0.91818182E+00
    0.92272727E+00
    0.92727273E+00
    0.93181818E+00
    0.93636364E+00
    0.94090909E+00
    0.94545455E+00
    0.95000000E+00
    0.95454545E+00
    0.95909091E+00
    0.96363636E+00
    0.96818182E+00
    0.97272727E+00
    0.97727273E+00
    0.98181818E+00
    0.98636364E+00
    0.99090909E+00
    0.99545455E+00
    0.10000000E+01
   -0.59811534E+00
   -0.59661269E+00
   -0.59511004E+00
   -0.59360739E+00
   -0.59210474E+00
   -0.59060208E+00
   -0.58909943E+00
   -0.58759678E+00
   -0.58609413E+00
   -0.58459147E+00
   -0.58308882E+00
   -0.58158617E+00
   -0.58008352E+00
   -0.57858086E+00
   -0.57707821E+00
   -0.57557556E+00
   -0.57407291E+00
   -0.57257026E+00
   -0.57106760E+00
   -0.56956495E+00
   -0.56513177E+00
   -0.55834474E+00
   -0.55155772E+00
   -0.54477069E+00
   -0.53798366E+00
   -0.53119663E+00
   -0.52440960E+00
   -0.51762257E+00
   -0.51038107E+00
   -0.50268510E+00
   -0.49498913E+00
   -0.48729316E+00
   -0.47959719E+00
   -0.47190122E+00
   -0.46413174E+00
   -0.45620571E+00
   -0.44827967E+00
   -0.44035363E+00
   -0.43242760E+00
   -0.42451624E+00
   -0.41672470E+00
   -0.40893317E+00
   -0.40114163E+00
   -0.39335010E+00
   -0.38573975E+00
   -0.37829755E+00
   -0.37085535E+00
   -0.36341315E+00
   -0.35614710E+00
   -0.34918281E+00
   -0.34221852E+00
   -0.33525422E+00
   -0.32859485E+00
   -0.32218274E+00
   -0.31577064E+00
   -0.30935853E+00
   -0.30353701E+00
   -0.29771550E+00
   -0.29189398E+00
   -0.28647375E+00
   -0.28125685E+00
   -0.27603996E+00
   -0.27112913E+00
   -0.26651457E+00
   -0.26190002E+00
   -0.25758395E+00
   -0.25355837E+00
   -0.24953280E+00
   -0.24587028E+00
   -0.24241285E+00
   -0.23895542E+00
   -0.23598010E+00
   -0.23306528E+00
   -0.23027485E+00
   -0.22787434E+00
   -0.22547383E+00
   -0.22340681E+00
   -0.22149092E+00
   -0.21967423E+00
   -0.21821282E+00
   -0.21675142E+00
   -0.21564023E+00
   -0.21460362E+00
   -0.21376485E+00
   -0.21312391E+00
   -0.21257099E+00
   -0.21229782E+00
   -0.21203741E+00
   -0.21210565E+00
   -0.21217390E+00
   -0.21252369E+00
   -0.21290834E+00
   -0.21352505E+00
   -0.21420241E+00
   -0.21508103E+00
   -0.21602928E+00
   -0.21716233E+00
   -0.21836126E+00
   -0.21973927E+00
   -0.22116992E+00
   -0.22278204E+00
   -0.22442686E+00
   -0.22626167E+00
   -0.22812386E+00
   -0.23015045E+00
   -0.23222512E+00
   -0.23442152E+00
   -0.23669557E+00
   -0.23904948E+00
   -0.24151044E+00
   -0.24401051E+00
   -0.24664627E+00
   -0.24931912E+00
   -0.25208081E+00
   -0.25491458E+00
   -0.25779356E+00
   -0.26077740E+00
   -0.26379903E+00
   -0.26688915E+00
   -0.27004752E+00
   -0.27324425E+00
   -0.27651816E+00
   -0.27983871E+00
   -0.28319669E+00
   -0.28663076E+00
   -0.29010015E+00
   -0.29360656E+00
   -0.29717895E+00
   -0.30078342E+00
   -0.30442090E+00
   -0.30811606E+00
   -0.31184125E+00
   -0.31559615E+00
   -0.31939525E+00
   -0.32322581E+00
   -0.32708211E+00
   -0.33096834E+00
   -0.33488729E+00
   -0.33882695E+00
   -0.34278660E+00
   -0.34677053E+00
   -0.35077229E+00
   -0.35478684E+00
   -0.35881260E+00
   -0.36284898E+00
   -0.36688976E+00
   -0.37093106E+00
   -0.37496994E+00
   -0.37900151E+00
   -0.38301717E+00
   -0.38701400E+00
   -0.38770758E+00
   -0.37889447E+00
   -0.34207562E+00
   -0.32073616E+00
   -0.32745171E+00
   -0.34675996E+00
   -0.36450746E+00
   -0.38149453E+00
   -0.39774619E+00
   -0.41285545E+00
   -0.42685076E+00
   -0.43979960E+00
   -0.45175484E+00
   -0.46275104E+00
   -0.47294067E+00
   -0.48194059E+00
   -0.48965852E+00
   -0.49629908E+00
   -0.50188307E+00
   -0.49895383E+00
   -0.48184354E+00
   -0.45909131E+00
   -0.44896486E+00
   -0.44951650E+00
   -0.44986101E+00
   -0.44997122E+00
   -0.44984814E+00
   -0.44947250E+00
   -0.44882110E+00
   -0.44786621E+00
   -0.44657507E+00
   -0.44490926E+00
   -0.44282383E+00
   -0.44026648E+00
   -0.43717657E+00
   -0.43348380E+00
   -0.42910693E+00
   -0.42395215E+00
   -0.41791121E+00
   -0.41085930E+00
   -0.40265255E+00
   -0.39312521E+00
   -0.38208628E+00
   -0.36931575E+00
   -0.35456012E+00
   -0.33752738E+00
   -0.31788101E+00
   -0.29523327E+00
   -0.26915606E+00
   -0.23946451E+00
   -0.20682747E+00
   -0.17290757E+00
   -0.13984585E+00
   -0.11019688E+00
   -0.86457749E-01
   -0.71184109E-01
   -0.67202995E-01
   -0.77617612E-01
   -0.10586895E+00
   -0.15582851E+00
   -0.23242282E+00
   -0.34435248E+00
   -0.51526182E+00
   -0.79183550E+00
   -0.11206710E+01
   -0.13165676E+01
   -0.12145211E+01
   -0.90661525E+00
   -0.57066240E+00
   -0.38807696E+00
    0.15929422E+01
    0.15929067E+01
    0.15927827E+01
    0.15925716E+01
    0.15922749E+01
    0.15918938E+01
    0.15914295E+01
    0.15908837E+01
    0.15902578E+01
    0.15895532E+01
    0.15887716E+01
    0.15879146E+01
    0.15869839E+01
    0.15859810E+01
    0.15849079E+01
    0.15837661E+01
    0.15825574E+01
    0.15812838E+01
    0.15799342E+01
    0.15785250E+01
    0.15770580E+01
    0.15755351E+01
    0.15739390E+01
    0.15722893E+01
    0.15705881E+01
    0.15688371E+01
    0.15670379E+01
    0.15651925E+01
    0.15632975E+01
    0.15613550E+01
    0.15593720E+01
    0.15573505E+01
    0.15552924E+01
    0.15531998E+01
    0.15510727E+01
    0.15489109E+01
    0.15467200E+01
    0.15445017E+01
    0.15422573E+01
    0.15399882E+01
    0.15376925E+01
    0.15353754E+01
    0.15330380E+01
    0.15306816E+01
    0.15283056E+01
    0.15259115E+01
    0.15235016E+01
    0.15210769E+01
    0.15186371E+01
    0.15161821E+01
    0.15137145E+01
    0.15112349E+01
    0.15087421E+01
    0.15062369E+01
    0.15037210E+01
    0.15011944E+01
    0.14986543E+01
    0.14961040E+01
    0.14935435E+01
    0.14909704E+01
    0.14883859E+01
    0.14857908E+01
    0.14831830E+01
    0.14805624E+01
    0.14779303E+01
    0.14752843E+01
    0.14726240E+01
    0.14699509E+01
    0.14672617E+01
    0.14645570E+01
    0.14618376E+01
    0.14590990E+01
    0.14563436E+01
    0.14535702E+01
    0.14507758E+01
    0.14479628E+01
    0.14451272E+01
    0.14422700E+01
    0.14393905E+01
    0.14364852E+01
    0.14335568E+01
    0.14306005E+01
    0.14276183E+01
    0.14246077E+01
    0.14215678E+01
    0.14184986E+01
    0.14153967E+01
    0.14122646E+01
    0.14090965E+01
    0.14058964E+01
    0.14026586E+01
    0.13993861E+01
    0.13960742E+01
    0.13927250E+01
    0.13893348E+01
    0.13859048E+01
    0.13824316E+01
    0.13789165E+01
    0.13753557E+01
    0.13717510E+01
    0.13680983E+01
    0.13643999E+01
    0.13606505E+01
    0.13568533E+01
    0.13530032E+01
    0.13491023E+01
    0.13451474E+01
    0.13411383E+01
    0.13370741E+01
    0.13329522E+01
    0.13287741E+01
    0.13245339E+01
    0.13202350E+01
    0.13158738E+01
    0.13114496E+01
    0.13069625E+01
    0.13024074E+01
    0.12977867E+01
    0.12930974E+01
    0.12883378E+01
    0.12835084E+01
    0.12786047E+01
    0.12736273E+01
    0.12685755E+01
    0.12634437E+01
    0.12582343E+01
    0.12529452E+01
    0.12475712E+01
    0.12421142E+01
    0.12365723E+01
    0.12309396E+01
    0.12252179E+01
    0.12194052E+01
    0.12134965E+01
    0.12074914E+01
    0.12013884E+01
    0.11951840E+01
    0.11888744E+01
    0.11824593E+01
    0.11759359E+01
    0.11692993E+01
    0.11625474E+01
    0.11556784E+01
    0.11486890E+01
    0.11415735E+01
    0.11343298E+01
    0.11269550E+01
    0.11194454E+01
    0.11117959E+01
    0.11039985E+01
    0.10960605E+01
    0.10879772E+01
    0.10797445E+01
    0.10713574E+01
    0.10628111E+01
    0.10541003E+01
    0.10452198E+01
    0.10361638E+01
    0.10267872E+01
    0.10172139E+01
    0.10074421E+01
    0.99746538E+00
    0.98727639E+00
    0.97686747E+00
    0.96623277E+00
    0.95537084E+00
    0.94428249E+00
    0.93297217E+00
    0.92145425E+00
    0.90971901E+00
    0.89776535E+00
    0.88559173E+00
    0.87319613E+00
    0.86057611E+00
    0.84772898E+00
    0.83465178E+00
    0.82125610E+00
    0.80761193E+00
    0.79371612E+00
    0.77956581E+00
    0.76515860E+00
    0.75049288E+00
    0.73556814E+00
    0.72038529E+00
    0.70494708E+00
    0.68925887E+00
    0.67332919E+00
    0.65717052E+00
    0.64080045E+00
    0.62424314E+00
    0.60753039E+00
    0.59070399E+00
    0.57381814E+00
    0.55694169E+00
    0.54016222E+00
    0.52359015E+00
    0.50736321E+00
    0.49165363E+00
    0.47667414E+00
    0.46268888E+00
    0.45002065E+00
    0.43908292E+00
    0.43048338E+00
    0.42421930E+00
    0.42048491E+00
    0.41935735E+00
    0.42112158E+00
    0.42533484E+00
    0.43158283E+00
    0.43905154E+00
    0.44714789E+00
    0.45368023E+00
    0.49090655E+00
    0.63808654E+00
    0.84311419E+00
    0.97980130E+00
    0.96957748E+00
    0.77558668E+00
    0.45020137E+00
    0.25492556E+00
    0.12567611E+00

    1.99690015E-01 abs(PSI-AXIS) --> [T M**2]    -6.86046082E-02
    1.11312553E+00 R OF MAGAXE --> [M]       9.46156704E-01
   -9.37231256E-03 Z OF MAGAXE --> [M]      -7.96646567E-03
   -9.34190140E-03 Z0 --> [M]      -7.94061619E-03
    8.50000000E-01 R0 [M] USED FOR CONVERTING TO MKSA
    4.75509380E-01 B0 [T] USED FOR CONVERTING TO MKSA
   -1.00000000E+00 SIGN OF B0 IN EXPERIMENT (CHEASE ASSUMES 1.0) 
    2.31058418E+00 TOTAL CURRENT --> [A]     7.43173038E+05
    1.00000000E+00 SIGN OF IP IN EXPERIMENT (CHEASE ASSUMES 1.0) 
    1.84138003E+00 b/a
    1.20000000E+00 Q_ZERO, USING SIGNS OF IP AND B0, WOULD GIVE:    -1.20000000E+00
    1.49989608E+01 Q_EDGE, USING SIGNS OF IP AND B0, WOULD GIVE:    -1.49989608E+01
    4.13337083E-01 POLOIDAL BETA
    6.79793745E-02 BETA_EXP=<P>*2*MU0/B0**2
    5.50503272E-01 LI
    7.38045804E-02 PRESSURE ON AXIS --> [Pa]     1.32798029E+04  --> [10**19 M**-3 KEV]:     8.28951490E+00
    4.20508501E-02 BETA
    4.87014398E-02 BETA* (SQRT(<P**2>))
    1.45631574E-01 BETA-AXIS=2p0/(T0/Rmag)^2;      with Rmag->Rgeo(LCFS):    1.11568440E-01
   -1.99690015E-01 PSI-AXIS --> [T M**2]    -6.86046082E-02
   -1.25468937E+00 2*PI*PSI-AXIS -->        -4.31055466E-01
   -1.99690015E-01 IP_SIGN*PSI-AXIS --> [T M**2]    -6.86046082E-02
   -1.25468937E+00 IP_SIGN*2*PI*PSI-AXIS -->        -4.31055466E-01
    1.34300372E+00 ASPECT RATIO ; a/R=     7.44599575E-01
    1.50102707E+01 VOLUME ->     9.21818248E+00
    2.69238901E+00 AREA   ->     1.94525106E+00
    3.51378038E+01 SURFACE   ->     2.53870633E+01
    6.47792118E+00 LENGTH ->     5.50623300E+00
    2.48835178E-01 RMIN -> RMIN [m]     2.11509901E-01
    1.69973888E+00 RMAX -> RMAX [m]     1.44477805E+00
   -1.43485096E+00 ZMIN -> ZMIN [m]    -1.21962332E+00
    1.23660518E+00 ZMAX -> ZMAX [m]     1.05111441E+00
    9.74287031E-01 RGEOM -> RGEOM [m]     8.28143976E-01
    7.25451853E-01 MINOR RADIUS -> A [m]     6.16634075E-01
