  221   rhopsi, Te, ne, Zeff, Ti, ni profiles
    0.00000000E+00
    4.54545455E-03
    9.09090909E-03
    1.36363636E-02
    1.81818182E-02
    2.27272727E-02
    2.72727273E-02
    3.18181818E-02
    3.63636364E-02
    4.09090909E-02
    4.54545455E-02
    5.00000000E-02
    5.45454545E-02
    5.90909091E-02
    6.36363636E-02
    6.81818182E-02
    7.27272727E-02
    7.72727273E-02
    8.18181818E-02
    8.63636364E-02
    9.09090909E-02
    9.54545455E-02
    1.00000000E-01
    1.04545455E-01
    1.09090909E-01
    1.13636364E-01
    1.18181818E-01
    1.22727273E-01
    1.27272727E-01
    1.31818182E-01
    1.36363636E-01
    1.40909091E-01
    1.45454545E-01
    1.50000000E-01
    1.54545455E-01
    1.59090909E-01
    1.63636364E-01
    1.68181818E-01
    1.72727273E-01
    1.77272727E-01
    1.81818182E-01
    1.86363636E-01
    1.90909091E-01
    1.95454545E-01
    2.00000000E-01
    2.04545455E-01
    2.09090909E-01
    2.13636364E-01
    2.18181818E-01
    2.22727273E-01
    2.27272727E-01
    2.31818182E-01
    2.36363636E-01
    2.40909091E-01
    2.45454545E-01
    2.50000000E-01
    2.54545455E-01
    2.59090909E-01
    2.63636364E-01
    2.68181818E-01
    2.72727273E-01
    2.77272727E-01
    2.81818182E-01
    2.86363636E-01
    2.90909091E-01
    2.95454545E-01
    3.00000000E-01
    3.04545455E-01
    3.09090909E-01
    3.13636364E-01
    3.18181818E-01
    3.22727273E-01
    3.27272727E-01
    3.31818182E-01
    3.36363636E-01
    3.40909091E-01
    3.45454545E-01
    3.50000000E-01
    3.54545455E-01
    3.59090909E-01
    3.63636364E-01
    3.68181818E-01
    3.72727273E-01
    3.77272727E-01
    3.81818182E-01
    3.86363636E-01
    3.90909091E-01
    3.95454545E-01
    4.00000000E-01
    4.04545455E-01
    4.09090909E-01
    4.13636364E-01
    4.18181818E-01
    4.22727273E-01
    4.27272727E-01
    4.31818182E-01
    4.36363636E-01
    4.40909091E-01
    4.45454545E-01
    4.50000000E-01
    4.54545455E-01
    4.59090909E-01
    4.63636364E-01
    4.68181818E-01
    4.72727273E-01
    4.77272727E-01
    4.81818182E-01
    4.86363636E-01
    4.90909091E-01
    4.95454545E-01
    5.00000000E-01
    5.04545455E-01
    5.09090909E-01
    5.13636364E-01
    5.18181818E-01
    5.22727273E-01
    5.27272727E-01
    5.31818182E-01
    5.36363636E-01
    5.40909091E-01
    5.45454545E-01
    5.50000000E-01
    5.54545455E-01
    5.59090909E-01
    5.63636364E-01
    5.68181818E-01
    5.72727273E-01
    5.77272727E-01
    5.81818182E-01
    5.86363636E-01
    5.90909091E-01
    5.95454545E-01
    6.00000000E-01
    6.04545455E-01
    6.09090909E-01
    6.13636364E-01
    6.18181818E-01
    6.22727273E-01
    6.27272727E-01
    6.31818182E-01
    6.36363636E-01
    6.40909091E-01
    6.45454545E-01
    6.50000000E-01
    6.54545455E-01
    6.59090909E-01
    6.63636364E-01
    6.68181818E-01
    6.72727273E-01
    6.77272727E-01
    6.81818182E-01
    6.86363636E-01
    6.90909091E-01
    6.95454545E-01
    7.00000000E-01
    7.04545455E-01
    7.09090909E-01
    7.13636364E-01
    7.18181818E-01
    7.22727273E-01
    7.27272727E-01
    7.31818182E-01
    7.36363636E-01
    7.40909091E-01
    7.45454545E-01
    7.50000000E-01
    7.54545455E-01
    7.59090909E-01
    7.63636364E-01
    7.68181818E-01
    7.72727273E-01
    7.77272727E-01
    7.81818182E-01
    7.86363636E-01
    7.90909091E-01
    7.95454545E-01
    8.00000000E-01
    8.04545455E-01
    8.09090909E-01
    8.13636364E-01
    8.18181818E-01
    8.22727273E-01
    8.27272727E-01
    8.31818182E-01
    8.36363636E-01
    8.40909091E-01
    8.45454545E-01
    8.50000000E-01
    8.54545455E-01
    8.59090909E-01
    8.63636364E-01
    8.68181818E-01
    8.72727273E-01
    8.77272727E-01
    8.81818182E-01
    8.86363636E-01
    8.90909091E-01
    8.95454545E-01
    9.00000000E-01
    9.04545455E-01
    9.09090909E-01
    9.13636364E-01
    9.18181818E-01
    9.22727273E-01
    9.27272727E-01
    9.31818182E-01
    9.36363636E-01
    9.40909091E-01
    9.45454545E-01
    9.50000000E-01
    9.54545455E-01
    9.59090909E-01
    9.63636364E-01
    9.68181818E-01
    9.72727273E-01
    9.77272727E-01
    9.81818182E-01
    9.86363636E-01
    9.90909091E-01
    9.95454545E-01
    1.00000000E+00
    2.03586774E+03
    2.03585086E+03
    2.03580038E+03
    2.03571646E+03
    2.03559924E+03
    2.03544888E+03
    2.03526553E+03
    2.03504932E+03
    2.03480041E+03
    2.03451891E+03
    2.03420497E+03
    2.03385870E+03
    2.03348023E+03
    2.03306967E+03
    2.03262713E+03
    2.03215273E+03
    2.03164656E+03
    2.03110871E+03
    2.03053933E+03
    2.02993832E+03
    2.02930737E+03
    2.02865022E+03
    2.02796879E+03
    2.02726362E+03
    2.02653546E+03
    2.02578500E+03
    2.02501295E+03
    2.02421998E+03
    2.02340715E+03
    2.02257602E+03
    2.02172777E+03
    2.02086317E+03
    2.01998308E+03
    2.01908830E+03
    2.01817974E+03
    2.01725848E+03
    2.01632557E+03
    2.01538186E+03
    2.01442823E+03
    2.01346557E+03
    2.01249458E+03
    2.01151600E+03
    2.01053073E+03
    2.00953967E+03
    2.00854350E+03
    2.00754257E+03
    2.00653754E+03
    2.00552933E+03
    2.00451857E+03
    2.00350537E+03
    2.00249008E+03
    2.00147365E+03
    2.00045641E+03
    1.99943821E+03
    1.99841943E+03
    1.99740104E+03
    1.99638268E+03
    1.99536394E+03
    1.99434579E+03
    1.99332815E+03
    1.99231047E+03
    1.99129317E+03
    1.99027635E+03
    1.98925932E+03
    1.98824218E+03
    1.98722500E+03
    1.98620696E+03
    1.98518810E+03
    1.98416822E+03
    1.98314637E+03
    1.98212279E+03
    1.98109677E+03
    1.98006735E+03
    1.97903475E+03
    1.97799792E+03
    1.97695632E+03
    1.97590955E+03
    1.97485651E+03
    1.97379705E+03
    1.97273009E+03
    1.97165499E+03
    1.97057105E+03
    1.96947718E+03
    1.96837293E+03
    1.96725718E+03
    1.96612934E+03
    1.96498832E+03
    1.96383339E+03
    1.96266354E+03
    1.96147776E+03
    1.96027520E+03
    1.95905479E+03
    1.95781567E+03
    1.95655674E+03
    1.95527707E+03
    1.95397560E+03
    1.95265132E+03
    1.95130317E+03
    1.94993008E+03
    1.94853101E+03
    1.94710485E+03
    1.94565053E+03
    1.94416692E+03
    1.94265286E+03
    1.94110727E+03
    1.93952892E+03
    1.93791675E+03
    1.93626948E+03
    1.93458606E+03
    1.93286518E+03
    1.93110572E+03
    1.92930640E+03
    1.92746587E+03
    1.92558302E+03
    1.92365642E+03
    1.92168494E+03
    1.91966715E+03
    1.91760165E+03
    1.91548721E+03
    1.91332232E+03
    1.91110566E+03
    1.90883577E+03
    1.90651110E+03
    1.90413030E+03
    1.90169177E+03
    1.89919389E+03
    1.89663520E+03
    1.89401403E+03
    1.89132864E+03
    1.88857748E+03
    1.88575875E+03
    1.88287060E+03
    1.87991134E+03
    1.87687906E+03
    1.87377182E+03
    1.87058769E+03
    1.86732471E+03
    1.86398078E+03
    1.86055378E+03
    1.85704159E+03
    1.85344200E+03
    1.84975268E+03
    1.84597134E+03
    1.84209560E+03
    1.83812300E+03
    1.83405103E+03
    1.82987712E+03
    1.82559869E+03
    1.82121287E+03
    1.81671769E+03
    1.81210749E+03
    1.80740050E+03
    1.80265247E+03
    1.79813547E+03
    1.79396682E+03
    1.78982706E+03
    1.78544033E+03
    1.78073998E+03
    1.77574023E+03
    1.77043720E+03
    1.76483385E+03
    1.75893510E+03
    1.75274515E+03
    1.74626741E+03
    1.73950503E+03
    1.73245929E+03
    1.72513351E+03
    1.71753539E+03
    1.70967364E+03
    1.70154778E+03
    1.69321869E+03
    1.68488465E+03
    1.67674686E+03
    1.66874738E+03
    1.66065310E+03
    1.65237233E+03
    1.64391347E+03
    1.63527070E+03
    1.62644215E+03
    1.61742526E+03
    1.60821819E+03
    1.59881963E+03
    1.58922914E+03
    1.57944729E+03
    1.56947601E+03
    1.55931892E+03
    1.54898174E+03
    1.53847288E+03
    1.52780398E+03
    1.51699076E+03
    1.50605391E+03
    1.49502019E+03
    1.48392379E+03
    1.47280791E+03
    1.46172663E+03
    1.45074710E+03
    1.43995203E+03
    1.42944260E+03
    1.41934148E+03
    1.40979621E+03
    1.40097799E+03
    1.39306205E+03
    1.38618826E+03
    1.38042699E+03
    1.37575428E+03
    1.37203794E+03
    1.36903508E+03
    1.36638290E+03
    1.36358557E+03
    1.35999658E+03
    1.35478791E+03
    1.34689131E+03
    1.33482456E+03
    1.31620923E+03
    1.28600791E+03
    1.23648036E+03
    1.16153526E+03
    1.06330415E+03
    9.53038548E+02
    8.45861594E+02
    7.48816454E+02
    2.03586774E+19
    2.03581659E+19
    2.03566363E+19
    2.03540935E+19
    2.03505421E+19
    2.03459874E+19
    2.03404340E+19
    2.03338871E+19
    2.03263513E+19
    2.03178314E+19
    2.03083323E+19
    2.02978585E+19
    2.02864148E+19
    2.02740057E+19
    2.02606359E+19
    2.02463097E+19
    2.02310319E+19
    2.02148065E+19
    2.01976391E+19
    2.01795288E+19
    2.01605278E+19
    2.01407508E+19
    2.01202569E+19
    2.00990636E+19
    2.00771951E+19
    2.00546734E+19
    2.00315216E+19
    2.00077611E+19
    1.99834248E+19
    1.99585615E+19
    1.99332073E+19
    1.99073869E+19
    1.98811264E+19
    1.98544518E+19
    1.98273906E+19
    1.97999768E+19
    1.97722421E+19
    1.97442126E+19
    1.97159156E+19
    1.96873781E+19
    1.96586221E+19
    1.96296696E+19
    1.96005479E+19
    1.95712845E+19
    1.95418995E+19
    1.95124041E+19
    1.94828180E+19
    1.94531681E+19
    1.94234739E+19
    1.93937384E+19
    1.93639721E+19
    1.93342030E+19
    1.93044411E+19
    1.92746820E+19
    1.92449365E+19
    1.92152329E+19
    1.91855613E+19
    1.91559093E+19
    1.91263050E+19
    1.90967463E+19
    1.90672171E+19
    1.90377292E+19
    1.90082860E+19
    1.89788673E+19
    1.89494759E+19
    1.89201140E+19
    1.88907577E+19
    1.88614082E+19
    1.88320600E+19
    1.88026859E+19
    1.87732927E+19
    1.87438606E+19
    1.87143619E+19
    1.86848032E+19
    1.86551551E+19
    1.86254024E+19
    1.85955338E+19
    1.85655190E+19
    1.85353537E+19
    1.85050084E+19
    1.84744649E+19
    1.84437046E+19
    1.84126975E+19
    1.83814315E+19
    1.83498761E+19
    1.83180154E+19
    1.82858203E+19
    1.82532714E+19
    1.82203415E+19
    1.81870038E+19
    1.81532364E+19
    1.81190106E+19
    1.80843040E+19
    1.80490886E+19
    1.80133401E+19
    1.79770312E+19
    1.79401363E+19
    1.79026285E+19
    1.78644811E+19
    1.78256678E+19
    1.77861611E+19
    1.77459349E+19
    1.77049614E+19
    1.76632121E+19
    1.76206619E+19
    1.75772802E+19
    1.75330433E+19
    1.74879204E+19
    1.74418876E+19
    1.73949142E+19
    1.73469758E+19
    1.72980430E+19
    1.72480851E+19
    1.71970784E+19
    1.71449916E+19
    1.70918007E+19
    1.70374752E+19
    1.69819850E+19
    1.69253056E+19
    1.68674053E+19
    1.68082580E+19
    1.67478346E+19
    1.66861040E+19
    1.66230411E+19
    1.65586149E+19
    1.64927941E+19
    1.64255532E+19
    1.63568608E+19
    1.62866855E+19
    1.62150008E+19
    1.61417750E+19
    1.60669762E+19
    1.59905767E+19
    1.59125451E+19
    1.58328494E+19
    1.57514598E+19
    1.56683459E+19
    1.55834753E+19
    1.54968166E+19
    1.54083394E+19
    1.53180120E+19
    1.52258022E+19
    1.51316790E+19
    1.50356113E+19
    1.49375678E+19
    1.48375174E+19
    1.47354292E+19
    1.46312744E+19
    1.45250182E+19
    1.44166502E+19
    1.43060735E+19
    1.41937631E+19
    1.40810736E+19
    1.39744251E+19
    1.38764825E+19
    1.37796752E+19
    1.36775875E+19
    1.35687649E+19
    1.34536488E+19
    1.33322670E+19
    1.32048106E+19
    1.30715200E+19
    1.29326217E+19
    1.27883280E+19
    1.26388490E+19
    1.24843565E+19
    1.23250706E+19
    1.21613075E+19
    1.19934038E+19
    1.18214993E+19
    1.16470165E+19
    1.14741657E+19
    1.13070518E+19
    1.11443753E+19
    1.09813748E+19
    1.08162795E+19
    1.06493593E+19
    1.04806015E+19
    1.03100760E+19
    1.01378417E+19
    9.96397472E+18
    9.78856416E+18
    9.61171653E+18
    9.43355865E+18
    9.25424175E+18
    9.07394597E+18
    8.89288567E+18
    8.71131573E+18
    8.52953886E+18
    8.34791415E+18
    8.16686719E+18
    7.98690169E+18
    7.80861326E+18
    7.63270528E+18
    7.46000736E+18
    7.29149669E+18
    7.12832241E+18
    6.97183365E+18
    6.82361018E+18
    6.68549758E+18
    6.55958075E+18
    6.44790990E+18
    6.35198001E+18
    6.27231692E+18
    6.20819934E+18
    6.15751962E+18
    6.11677259E+18
    6.08093470E+18
    6.04328820E+18
    5.99521667E+18
    5.92590753E+18
    5.82185856E+18
    5.66523769E+18
    5.42919617E+18
    5.06041535E+18
    4.49262383E+18
    3.71717239E+18
    2.84397098E+18
    2.04100100E+18
    1.42180390E+18
    9.82797770E+17
    1.50000000E+00
    1.50000000E+00
    1.50000000E+00
    1.50000000E+00
    1.50000000E+00
    1.50000000E+00
    1.50000000E+00
    1.50000000E+00
    1.50000000E+00
    1.50000000E+00
    1.50000000E+00
    1.50000000E+00
    1.50000000E+00
    1.50000000E+00
    1.50000000E+00
    1.50000000E+00
    1.50000000E+00
    1.50000000E+00
    1.50000000E+00
    1.50000000E+00
    1.50000000E+00
    1.50000000E+00
    1.50000000E+00
    1.50000000E+00
    1.50000000E+00
    1.50000000E+00
    1.50000000E+00
    1.50000000E+00
    1.50000000E+00
    1.50000000E+00
    1.50000000E+00
    1.50000000E+00
    1.50000000E+00
    1.50000000E+00
    1.50000000E+00
    1.50000000E+00
    1.50000000E+00
    1.50000000E+00
    1.50000000E+00
    1.50000000E+00
    1.50000000E+00
    1.50000000E+00
    1.50000000E+00
    1.50000000E+00
    1.50000000E+00
    1.50000000E+00
    1.50000000E+00
    1.50000000E+00
    1.50000000E+00
    1.50000000E+00
    1.50000000E+00
    1.50000000E+00
    1.50000000E+00
    1.50000000E+00
    1.50000000E+00
    1.50000000E+00
    1.50000000E+00
    1.50000000E+00
    1.50000000E+00
    1.50000000E+00
    1.50000000E+00
    1.50000000E+00
    1.50000000E+00
    1.50000000E+00
    1.50000000E+00
    1.50000000E+00
    1.50000000E+00
    1.50000000E+00
    1.50000000E+00
    1.50000000E+00
    1.50000000E+00
    1.50000000E+00
    1.50000000E+00
    1.50000000E+00
    1.50000000E+00
    1.50000000E+00
    1.50000000E+00
    1.50000000E+00
    1.50000000E+00
    1.50000000E+00
    1.50000000E+00
    1.50000000E+00
    1.50000000E+00
    1.50000000E+00
    1.50000000E+00
    1.50000000E+00
    1.50000000E+00
    1.50000000E+00
    1.50000000E+00
    1.50000000E+00
    1.50000000E+00
    1.50000000E+00
    1.50000000E+00
    1.50000000E+00
    1.50000000E+00
    1.50000000E+00
    1.50000000E+00
    1.50000000E+00
    1.50000000E+00
    1.50000000E+00
    1.50000000E+00
    1.50000000E+00
    1.50000000E+00
    1.50000000E+00
    1.50000000E+00
    1.50000000E+00
    1.50000000E+00
    1.50000000E+00
    1.50000000E+00
    1.50000000E+00
    1.50000000E+00
    1.50000000E+00
    1.50000000E+00
    1.50000000E+00
    1.50000000E+00
    1.50000000E+00
    1.50000000E+00
    1.50000000E+00
    1.50000000E+00
    1.50000000E+00
    1.50000000E+00
    1.50000000E+00
    1.50000000E+00
    1.50000000E+00
    1.50000000E+00
    1.50000000E+00
    1.50000000E+00
    1.50000000E+00
    1.50000000E+00
    1.50000000E+00
    1.50000000E+00
    1.50000000E+00
    1.50000000E+00
    1.50000000E+00
    1.50000000E+00
    1.50000000E+00
    1.50000000E+00
    1.50000000E+00
    1.50000000E+00
    1.50000000E+00
    1.50000000E+00
    1.50000000E+00
    1.50000000E+00
    1.50000000E+00
    1.50000000E+00
    1.50000000E+00
    1.50000000E+00
    1.50000000E+00
    1.50000000E+00
    1.50000000E+00
    1.50000000E+00
    1.50000000E+00
    1.50000000E+00
    1.50000000E+00
    1.50000000E+00
    1.50000000E+00
    1.50000000E+00
    1.50000000E+00
    1.50000000E+00
    1.50000000E+00
    1.50000000E+00
    1.50000000E+00
    1.50000000E+00
    1.50000000E+00
    1.50000000E+00
    1.50000000E+00
    1.50000000E+00
    1.50000000E+00
    1.50000000E+00
    1.50000000E+00
    1.50000000E+00
    1.50000000E+00
    1.50000000E+00
    1.50000000E+00
    1.50000000E+00
    1.50000000E+00
    1.50000000E+00
    1.50000000E+00
    1.50000000E+00
    1.50000000E+00
    1.50000000E+00
    1.50000000E+00
    1.50000000E+00
    1.50000000E+00
    1.50000000E+00
    1.50000000E+00
    1.50000000E+00
    1.50000000E+00
    1.50000000E+00
    1.50000000E+00
    1.50000000E+00
    1.50000000E+00
    1.50000000E+00
    1.50000000E+00
    1.50000000E+00
    1.50000000E+00
    1.50000000E+00
    1.50000000E+00
    1.50000000E+00
    1.50000000E+00
    1.50000000E+00
    1.50000000E+00
    1.50000000E+00
    1.50000000E+00
    1.50000000E+00
    1.50000000E+00
    1.50000000E+00
    1.50000000E+00
    1.50000000E+00
    1.50000000E+00
    1.50000000E+00
    1.50000000E+00
    1.50000000E+00
    1.50000000E+00
    1.50000000E+00
    1.50000000E+00
    1.50000000E+00
    1.50000000E+00
    1.50000000E+00
    1.50000000E+00
    1.50000000E+00
    2.03586774E+03
    2.03585086E+03
    2.03580038E+03
    2.03571646E+03
    2.03559924E+03
    2.03544888E+03
    2.03526553E+03
    2.03504932E+03
    2.03480041E+03
    2.03451891E+03
    2.03420497E+03
    2.03385870E+03
    2.03348023E+03
    2.03306967E+03
    2.03262713E+03
    2.03215273E+03
    2.03164656E+03
    2.03110871E+03
    2.03053933E+03
    2.02993832E+03
    2.02930737E+03
    2.02865022E+03
    2.02796879E+03
    2.02726362E+03
    2.02653546E+03
    2.02578500E+03
    2.02501295E+03
    2.02421998E+03
    2.02340715E+03
    2.02257602E+03
    2.02172777E+03
    2.02086317E+03
    2.01998308E+03
    2.01908830E+03
    2.01817974E+03
    2.01725848E+03
    2.01632557E+03
    2.01538186E+03
    2.01442823E+03
    2.01346557E+03
    2.01249458E+03
    2.01151600E+03
    2.01053073E+03
    2.00953967E+03
    2.00854350E+03
    2.00754257E+03
    2.00653754E+03
    2.00552933E+03
    2.00451857E+03
    2.00350537E+03
    2.00249008E+03
    2.00147365E+03
    2.00045641E+03
    1.99943821E+03
    1.99841943E+03
    1.99740104E+03
    1.99638268E+03
    1.99536394E+03
    1.99434579E+03
    1.99332815E+03
    1.99231047E+03
    1.99129317E+03
    1.99027635E+03
    1.98925932E+03
    1.98824218E+03
    1.98722500E+03
    1.98620696E+03
    1.98518810E+03
    1.98416822E+03
    1.98314637E+03
    1.98212279E+03
    1.98109677E+03
    1.98006735E+03
    1.97903475E+03
    1.97799792E+03
    1.97695632E+03
    1.97590955E+03
    1.97485651E+03
    1.97379705E+03
    1.97273009E+03
    1.97165499E+03
    1.97057105E+03
    1.96947718E+03
    1.96837293E+03
    1.96725718E+03
    1.96612934E+03
    1.96498832E+03
    1.96383339E+03
    1.96266354E+03
    1.96147776E+03
    1.96027520E+03
    1.95905479E+03
    1.95781567E+03
    1.95655674E+03
    1.95527707E+03
    1.95397560E+03
    1.95265132E+03
    1.95130317E+03
    1.94993008E+03
    1.94853101E+03
    1.94710485E+03
    1.94565053E+03
    1.94416692E+03
    1.94265286E+03
    1.94110727E+03
    1.93952892E+03
    1.93791675E+03
    1.93626948E+03
    1.93458606E+03
    1.93286518E+03
    1.93110572E+03
    1.92930640E+03
    1.92746587E+03
    1.92558302E+03
    1.92365642E+03
    1.92168494E+03
    1.91966715E+03
    1.91760165E+03
    1.91548721E+03
    1.91332232E+03
    1.91110566E+03
    1.90883577E+03
    1.90651110E+03
    1.90413030E+03
    1.90169177E+03
    1.89919389E+03
    1.89663520E+03
    1.89401403E+03
    1.89132864E+03
    1.88857748E+03
    1.88575875E+03
    1.88287060E+03
    1.87991134E+03
    1.87687906E+03
    1.87377182E+03
    1.87058769E+03
    1.86732471E+03
    1.86398078E+03
    1.86055378E+03
    1.85704159E+03
    1.85344200E+03
    1.84975268E+03
    1.84597134E+03
    1.84209560E+03
    1.83812300E+03
    1.83405103E+03
    1.82987712E+03
    1.82559869E+03
    1.82121287E+03
    1.81671769E+03
    1.81210749E+03
    1.80740050E+03
    1.80265247E+03
    1.79813547E+03
    1.79396682E+03
    1.78982706E+03
    1.78544033E+03
    1.78073998E+03
    1.77574023E+03
    1.77043720E+03
    1.76483385E+03
    1.75893510E+03
    1.75274515E+03
    1.74626741E+03
    1.73950503E+03
    1.73245929E+03
    1.72513351E+03
    1.71753539E+03
    1.70967364E+03
    1.70154778E+03
    1.69321869E+03
    1.68488465E+03
    1.67674686E+03
    1.66874738E+03
    1.66065310E+03
    1.65237233E+03
    1.64391347E+03
    1.63527070E+03
    1.62644215E+03
    1.61742526E+03
    1.60821819E+03
    1.59881963E+03
    1.58922914E+03
    1.57944729E+03
    1.56947601E+03
    1.55931892E+03
    1.54898174E+03
    1.53847288E+03
    1.52780398E+03
    1.51699076E+03
    1.50605391E+03
    1.49502019E+03
    1.48392379E+03
    1.47280791E+03
    1.46172663E+03
    1.45074710E+03
    1.43995203E+03
    1.42944260E+03
    1.41934148E+03
    1.40979621E+03
    1.40097799E+03
    1.39306205E+03
    1.38618826E+03
    1.38042699E+03
    1.37575428E+03
    1.37203794E+03
    1.36903508E+03
    1.36638290E+03
    1.36358557E+03
    1.35999658E+03
    1.35478791E+03
    1.34689131E+03
    1.33482456E+03
    1.31620923E+03
    1.28600791E+03
    1.23648036E+03
    1.16153526E+03
    1.06330415E+03
    9.53038548E+02
    8.45861594E+02
    7.48816454E+02
    1.83228096E+19
    1.83223493E+19
    1.83209727E+19
    1.83186841E+19
    1.83154879E+19
    1.83113886E+19
    1.83063906E+19
    1.83004984E+19
    1.82937161E+19
    1.82860483E+19
    1.82774990E+19
    1.82680727E+19
    1.82577733E+19
    1.82466052E+19
    1.82345723E+19
    1.82216788E+19
    1.82079287E+19
    1.81933258E+19
    1.81778752E+19
    1.81615759E+19
    1.81444750E+19
    1.81266757E+19
    1.81082312E+19
    1.80891573E+19
    1.80694756E+19
    1.80492061E+19
    1.80283695E+19
    1.80069850E+19
    1.79850823E+19
    1.79627053E+19
    1.79398866E+19
    1.79166482E+19
    1.78930138E+19
    1.78690066E+19
    1.78446516E+19
    1.78199791E+19
    1.77950179E+19
    1.77697914E+19
    1.77443241E+19
    1.77186403E+19
    1.76927598E+19
    1.76667026E+19
    1.76404931E+19
    1.76141560E+19
    1.75877095E+19
    1.75611637E+19
    1.75345362E+19
    1.75078513E+19
    1.74811266E+19
    1.74543646E+19
    1.74275749E+19
    1.74007827E+19
    1.73739970E+19
    1.73472138E+19
    1.73204428E+19
    1.72937096E+19
    1.72670052E+19
    1.72403183E+19
    1.72136745E+19
    1.71870717E+19
    1.71604954E+19
    1.71339563E+19
    1.71074574E+19
    1.70809806E+19
    1.70545283E+19
    1.70281026E+19
    1.70016819E+19
    1.69752674E+19
    1.69488540E+19
    1.69224173E+19
    1.68959634E+19
    1.68694746E+19
    1.68429258E+19
    1.68163229E+19
    1.67896396E+19
    1.67628621E+19
    1.67359805E+19
    1.67089671E+19
    1.66818184E+19
    1.66545075E+19
    1.66270184E+19
    1.65993342E+19
    1.65714278E+19
    1.65432884E+19
    1.65148885E+19
    1.64862138E+19
    1.64572383E+19
    1.64279443E+19
    1.63983073E+19
    1.63683034E+19
    1.63379128E+19
    1.63071095E+19
    1.62758736E+19
    1.62441797E+19
    1.62120061E+19
    1.61793281E+19
    1.61461226E+19
    1.61123656E+19
    1.60780330E+19
    1.60431011E+19
    1.60075450E+19
    1.59713414E+19
    1.59344652E+19
    1.58968909E+19
    1.58585957E+19
    1.58195522E+19
    1.57797390E+19
    1.57391284E+19
    1.56976988E+19
    1.56554228E+19
    1.56122783E+19
    1.55682387E+19
    1.55232766E+19
    1.54773706E+19
    1.54304925E+19
    1.53826206E+19
    1.53337276E+19
    1.52837865E+19
    1.52327750E+19
    1.51806648E+19
    1.51274322E+19
    1.50730512E+19
    1.50174936E+19
    1.49607370E+19
    1.49027534E+19
    1.48435147E+19
    1.47829979E+19
    1.47211748E+19
    1.46580170E+19
    1.45935007E+19
    1.45275975E+19
    1.44602786E+19
    1.43915190E+19
    1.43212906E+19
    1.42495645E+19
    1.41763138E+19
    1.41015113E+19
    1.40251278E+19
    1.39471349E+19
    1.38675054E+19
    1.37862108E+19
    1.37032220E+19
    1.36185111E+19
    1.35320502E+19
    1.34438111E+19
    1.33537656E+19
    1.32618863E+19
    1.31681469E+19
    1.30725163E+19
    1.29749852E+19
    1.28754661E+19
    1.27743868E+19
    1.26729662E+19
    1.25769826E+19
    1.24888343E+19
    1.24017077E+19
    1.23098287E+19
    1.22118884E+19
    1.21082839E+19
    1.19990403E+19
    1.18843296E+19
    1.17643680E+19
    1.16393596E+19
    1.15094952E+19
    1.13749641E+19
    1.12359208E+19
    1.10925635E+19
    1.09451767E+19
    1.07940634E+19
    1.06393493E+19
    1.04823148E+19
    1.03267491E+19
    1.01763466E+19
    1.00299378E+19
    9.88323735E+18
    9.73465154E+18
    9.58442341E+18
    9.43254137E+18
    9.27906843E+18
    9.12405750E+18
    8.96757725E+18
    8.80970775E+18
    8.65054487E+18
    8.49020278E+18
    8.32881758E+18
    8.16655138E+18
    8.00359711E+18
    7.84018416E+18
    7.67658497E+18
    7.51312274E+18
    7.35018047E+18
    7.18821152E+18
    7.02775194E+18
    6.86943475E+18
    6.71400662E+18
    6.56234702E+18
    6.41549017E+18
    6.27465028E+18
    6.14124916E+18
    6.01694782E+18
    5.90362268E+18
    5.80311891E+18
    5.71678201E+18
    5.64508523E+18
    5.58737941E+18
    5.54176766E+18
    5.50509533E+18
    5.47284123E+18
    5.43895938E+18
    5.39569500E+18
    5.33331678E+18
    5.23967270E+18
    5.09871392E+18
    4.88627656E+18
    4.55437382E+18
    4.04336145E+18
    3.34545515E+18
    2.55957388E+18
    1.83690090E+18
    1.27962351E+18
    8.84517993E+17
