 
 
 
 
 
 
 
 
 
 

 &EQDATA                                                                         
 

  RELAX= 0.,  NDIAGOP= 1,  NBSEXPQ=0,                                            
 

  NPROPT=2,                                                                      
 

  NIDEAL=6,                                                                      
  namelist read from file chease_namelist
 nitmshot=           -1          -1
 NITMOPT=            0
 NITMSHOT=           -1          -1
 equilibrium not taken from ITM structure, thus eqchease_in not allocated

 CPU TIME USED SO FAR =  2.000000E-05 SECS

 Read EXPEQ, predge =   1.31045990E-03
 RZ0C seems incorrect in EXPEQ, changed to :  -0.10005180000000002     
 NFUNRHO, NRHOMESH=            1           1
 
 FCSM
    0.0000E+00   2.8774E-03   5.7550E-03   8.6328E-03   1.1511E-02   1.4390E-02   1.7269E-02   2.0149E-02
    2.3030E-02   2.5912E-02   2.8794E-02   3.1678E-02   3.4563E-02   3.7449E-02   4.0336E-02   4.3224E-02
    4.6113E-02   4.9005E-02   5.1897E-02   5.4791E-02   5.7688E-02   6.0585E-02   6.3485E-02   6.6387E-02
    6.9291E-02   7.2197E-02   7.5106E-02   7.8017E-02   8.0930E-02   8.3846E-02   8.6764E-02   8.9685E-02
    9.2608E-02   9.5535E-02   9.8464E-02   1.0140E-01   1.0433E-01   1.0727E-01   1.1021E-01   1.1315E-01
    1.1610E-01   1.1905E-01   1.2201E-01   1.2496E-01   1.2792E-01   1.3089E-01   1.3386E-01   1.3683E-01
    1.3980E-01   1.4278E-01   1.4576E-01   1.4875E-01   1.5174E-01   1.5473E-01   1.5773E-01   1.6073E-01
    1.6374E-01   1.6675E-01   1.6976E-01   1.7278E-01   1.7580E-01   1.7883E-01   1.8186E-01   1.8490E-01
    1.8794E-01   1.9098E-01   1.9403E-01   1.9709E-01   2.0014E-01   2.0321E-01   2.0628E-01   2.0935E-01
    2.1243E-01   2.1551E-01   2.1860E-01   2.2169E-01   2.2479E-01   2.2789E-01   2.3100E-01   2.3411E-01
    2.3723E-01   2.4036E-01   2.4349E-01   2.4663E-01   2.4977E-01   2.5292E-01   2.5607E-01   2.5924E-01
    2.6240E-01   2.6558E-01   2.6876E-01   2.7194E-01   2.7514E-01   2.7834E-01   2.8154E-01   2.8476E-01
    2.8798E-01   2.9121E-01   2.9444E-01   2.9769E-01   3.0094E-01   3.0420E-01   3.0747E-01   3.1074E-01
    3.1403E-01   3.1732E-01   3.2062E-01   3.2393E-01   3.2725E-01   3.3058E-01   3.3392E-01   3.3727E-01
    3.4062E-01   3.4399E-01   3.4737E-01   3.5076E-01   3.5416E-01   3.5757E-01   3.6099E-01   3.6443E-01
    3.6787E-01   3.7133E-01   3.7480E-01   3.7828E-01   3.8178E-01   3.8529E-01   3.8881E-01   3.9235E-01
    3.9590E-01   3.9946E-01   4.0304E-01   4.0664E-01   4.1025E-01   4.1388E-01   4.1752E-01   4.2118E-01
    4.2486E-01   4.2856E-01   4.3228E-01   4.3601E-01   4.3976E-01   4.4354E-01   4.4733E-01   4.5115E-01
    4.5498E-01   4.5884E-01   4.6273E-01   4.6663E-01   4.7056E-01   4.7452E-01   4.7850E-01   4.8251E-01
    4.8654E-01   4.9061E-01   4.9470E-01   4.9882E-01   5.0298E-01   5.0716E-01   5.1138E-01   5.1563E-01
    5.1992E-01   5.2425E-01   5.2861E-01   5.3301E-01   5.3745E-01   5.4194E-01   5.4647E-01   5.5104E-01
    5.5566E-01   5.6033E-01   5.6505E-01   5.6982E-01   5.7465E-01   5.7953E-01   5.8447E-01   5.8947E-01
    5.9454E-01   5.9968E-01   6.0488E-01   6.1016E-01   6.1551E-01   6.2095E-01   6.2646E-01   6.3207E-01
    6.3776E-01   6.4356E-01   6.4945E-01   6.5545E-01   6.6157E-01   6.6780E-01   6.7416E-01   6.8066E-01
    6.8729E-01   6.9407E-01   7.0101E-01   7.0812E-01   7.1541E-01   7.2289E-01   7.3057E-01   7.3847E-01
    7.4661E-01   7.5499E-01   7.6364E-01   7.7257E-01   7.8182E-01   7.9139E-01   8.0131E-01   8.1162E-01
    8.2235E-01   8.3353E-01   8.4521E-01   8.5744E-01   8.7029E-01   8.8382E-01   8.9799E-01   9.1274E-01
    9.2804E-01   9.4398E-01   9.6085E-01   9.7912E-01   1.0000E+00
 
 RFUN
    1.6123E+00   1.5957E+00   1.5954E+00   1.5951E+00   1.5947E+00   1.5942E+00   1.5937E+00   1.5931E+00
    1.5924E+00   1.5917E+00   1.5909E+00   1.5901E+00   1.5892E+00   1.5882E+00   1.5872E+00   1.5862E+00
    1.5850E+00   1.5838E+00   1.5826E+00   1.5813E+00   1.5798E+00   1.5783E+00   1.5767E+00   1.5750E+00
    1.5733E+00   1.5715E+00   1.5698E+00   1.5679E+00   1.5660E+00   1.5641E+00   1.5621E+00   1.5601E+00
    1.5580E+00   1.5559E+00   1.5538E+00   1.5516E+00   1.5494E+00   1.5472E+00   1.5450E+00   1.5427E+00
    1.5404E+00   1.5381E+00   1.5357E+00   1.5334E+00   1.5310E+00   1.5286E+00   1.5262E+00   1.5238E+00
    1.5213E+00   1.5189E+00   1.5164E+00   1.5139E+00   1.5114E+00   1.5089E+00   1.5064E+00   1.5039E+00
    1.5013E+00   1.4988E+00   1.4962E+00   1.4936E+00   1.4910E+00   1.4884E+00   1.4858E+00   1.4832E+00
    1.4806E+00   1.4779E+00   1.4752E+00   1.4726E+00   1.4699E+00   1.4672E+00   1.4645E+00   1.4617E+00
    1.4589E+00   1.4562E+00   1.4534E+00   1.4506E+00   1.4477E+00   1.4449E+00   1.4420E+00   1.4391E+00
    1.4361E+00   1.4332E+00   1.4302E+00   1.4272E+00   1.4241E+00   1.4210E+00   1.4179E+00   1.4148E+00
    1.4116E+00   1.4084E+00   1.4052E+00   1.4019E+00   1.3986E+00   1.3952E+00   1.3918E+00   1.3884E+00
    1.3849E+00   1.3814E+00   1.3778E+00   1.3742E+00   1.3705E+00   1.3668E+00   1.3631E+00   1.3593E+00
    1.3554E+00   1.3515E+00   1.3475E+00   1.3435E+00   1.3395E+00   1.3353E+00   1.3311E+00   1.3269E+00
    1.3226E+00   1.3182E+00   1.3138E+00   1.3093E+00   1.3047E+00   1.3001E+00   1.2954E+00   1.2906E+00
    1.2858E+00   1.2809E+00   1.2759E+00   1.2708E+00   1.2657E+00   1.2605E+00   1.2552E+00   1.2498E+00
    1.2443E+00   1.2387E+00   1.2331E+00   1.2274E+00   1.2215E+00   1.2156E+00   1.2096E+00   1.2035E+00
    1.1973E+00   1.1909E+00   1.1845E+00   1.1780E+00   1.1713E+00   1.1646E+00   1.1577E+00   1.1507E+00
    1.1435E+00   1.1363E+00   1.1289E+00   1.1214E+00   1.1137E+00   1.1059E+00   1.0979E+00   1.0899E+00
    1.0821E+00   1.0752E+00   1.0675E+00   1.0586E+00   1.0491E+00   1.0394E+00   1.0296E+00   1.0196E+00
    1.0095E+00   9.9915E-01   9.8863E-01   9.7792E-01   9.6700E-01   9.5588E-01   9.4456E-01   9.3305E-01
    9.2135E-01   9.0945E-01   8.9763E-01   8.8606E-01   8.7444E-01   8.6214E-01   8.4921E-01   8.3604E-01
    8.2262E-01   8.0895E-01   7.9503E-01   7.8086E-01   7.6643E-01   7.5174E-01   7.3680E-01   7.2159E-01
    7.0613E-01   6.9043E-01   6.7448E-01   6.5830E-01   6.4191E-01   6.2534E-01   6.0861E-01   5.9177E-01
    5.7487E-01   5.5798E-01   5.4119E-01   5.2461E-01   5.0837E-01   4.9265E-01   4.7766E-01   4.6366E-01
    4.5098E-01   4.4001E-01   4.3118E-01   4.2478E-01   4.2114E-01   4.2028E-01   4.2208E-01   4.2633E-01
    4.3258E-01   4.4008E-01   4.4812E-01   4.5644E-01   4.9579E-01   6.4131E-01   8.4594E-01   9.7552E-01
    9.3174E-01   7.8960E-01   4.5082E-01   2.6383E-01   1.1862E-01
 
 RPPF
   -5.9922E-01  -5.9772E-01  -5.9621E-01  -5.9471E-01  -5.9321E-01  -5.9171E-01  -5.9020E-01  -5.8870E-01
   -5.8720E-01  -5.8569E-01  -5.8419E-01  -5.8268E-01  -5.8118E-01  -5.7967E-01  -5.7816E-01  -5.7665E-01
   -5.7515E-01  -5.7364E-01  -5.7213E-01  -5.7062E-01  -5.6618E-01  -5.5940E-01  -5.5261E-01  -5.4581E-01
   -5.3902E-01  -5.3221E-01  -5.2540E-01  -5.1859E-01  -5.1133E-01  -5.0364E-01  -4.9593E-01  -4.8822E-01
   -4.8051E-01  -4.7278E-01  -4.6499E-01  -4.5707E-01  -4.4913E-01  -4.4119E-01  -4.3324E-01  -4.2530E-01
   -4.1751E-01  -4.0971E-01  -4.0190E-01  -3.9408E-01  -3.8646E-01  -3.7901E-01  -3.7156E-01  -3.6409E-01
   -3.5681E-01  -3.4984E-01  -3.4287E-01  -3.3588E-01  -3.2921E-01  -3.2279E-01  -3.1636E-01  -3.0993E-01
   -3.0411E-01  -2.9828E-01  -2.9244E-01  -2.8701E-01  -2.8178E-01  -2.7655E-01  -2.7163E-01  -2.6701E-01
   -2.6239E-01  -2.5806E-01  -2.5403E-01  -2.5000E-01  -2.4633E-01  -2.4286E-01  -2.3940E-01  -2.3642E-01
   -2.3350E-01  -2.3070E-01  -2.2830E-01  -2.2589E-01  -2.2382E-01  -2.2190E-01  -2.2008E-01  -2.1862E-01
   -2.1715E-01  -2.1604E-01  -2.1500E-01  -2.1416E-01  -2.1352E-01  -2.1296E-01  -2.1269E-01  -2.1243E-01
   -2.1250E-01  -2.1256E-01  -2.1291E-01  -2.1330E-01  -2.1392E-01  -2.1460E-01  -2.1548E-01  -2.1643E-01
   -2.1756E-01  -2.1876E-01  -2.2014E-01  -2.2158E-01  -2.2319E-01  -2.2484E-01  -2.2668E-01  -2.2854E-01
   -2.3057E-01  -2.3265E-01  -2.3485E-01  -2.3713E-01  -2.3949E-01  -2.4195E-01  -2.4446E-01  -2.4710E-01
   -2.4978E-01  -2.5254E-01  -2.5538E-01  -2.5827E-01  -2.6125E-01  -2.6428E-01  -2.6738E-01  -2.7054E-01
   -2.7375E-01  -2.7702E-01  -2.8035E-01  -2.8372E-01  -2.8715E-01  -2.9063E-01  -2.9415E-01  -2.9772E-01
   -3.0133E-01  -3.0498E-01  -3.0868E-01  -3.1241E-01  -3.1618E-01  -3.1998E-01  -3.2381E-01  -3.2768E-01
   -3.3158E-01  -3.3550E-01  -3.3944E-01  -3.4342E-01  -3.4740E-01  -3.5141E-01  -3.5543E-01  -3.5947E-01
   -3.6351E-01  -3.6756E-01  -3.7161E-01  -3.7566E-01  -3.7970E-01  -3.8372E-01  -3.8772E-01  -3.8843E-01
   -3.7962E-01  -3.4274E-01  -3.2136E-01  -3.2801E-01  -3.4736E-01  -3.6515E-01  -3.8219E-01  -3.9846E-01
   -4.1358E-01  -4.2760E-01  -4.4058E-01  -4.5256E-01  -4.6359E-01  -4.7381E-01  -4.8282E-01  -4.9054E-01
   -4.9720E-01  -5.0279E-01  -4.9991E-01  -4.8280E-01  -4.5997E-01  -4.4979E-01  -4.5034E-01  -4.5069E-01
   -4.5080E-01  -4.5068E-01  -4.5030E-01  -4.4965E-01  -4.4869E-01  -4.4740E-01  -4.4574E-01  -4.4365E-01
   -4.4109E-01  -4.3800E-01  -4.3430E-01  -4.2992E-01  -4.2476E-01  -4.1871E-01  -4.1166E-01  -4.0344E-01
   -3.9391E-01  -3.8286E-01  -3.7008E-01  -3.5531E-01  -3.3826E-01  -3.1859E-01  -2.9592E-01  -2.6980E-01
   -2.4005E-01  -2.0734E-01  -1.7331E-01  -1.4012E-01  -1.1044E-01  -8.6686E-02  -7.1361E-02  -6.7290E-02
   -7.7580E-02  -1.0569E-01  -1.5553E-01  -2.3212E-01  -3.4432E-01  -5.1609E-01  -7.9210E-01  -1.1211E+00
   -1.3188E+00  -1.2198E+00  -9.1356E-01  -5.7712E-01  -3.8879E-01



 ******************

 NAMELIST VARIABLES

 ******************


&EQDATA
 AFBS= 15*0.0000000000000000       ,
 AFBS2= 15*0.0000000000000000       ,
 AP= 0.10000000000000001     , 0.50000000000000000     , 13*0.0000000000000000       ,
 APLACE= 10*0.0000000000000000       ,
 AP2= 0.10000000000000001     , 0.50000000000000000     , 13*0.0000000000000000       ,
 ASPCT= 0.74459865000000003     ,
 AT= 0.10000000000000001     , 0.50000000000000000     , 13*0.0000000000000000       ,
 AT2= 0.10000000000000001     , 0.50000000000000000     , 13*0.0000000000000000       ,
 AT3= 0.10000000000000001     , 0.50000000000000000     , 13*0.0000000000000000       ,
 AT4= 0.10000000000000001     , 0.50000000000000000     , 13*0.0000000000000000       ,
 AWIDTH= 10*0.0000000000000000       ,
 BEANS=  0.0000000000000000     ,
 BENTAXIS=  1.0149999999999999     ,
 BENTQPROFILE=  0.0000000000000000     ,
 BENTRADIUS= 0.50000000000000000     ,
 BPLACE= 10*0.0000000000000000       ,
 BSFRAC= 0.50000000000000000     ,
 BWIDTH= 10*0.0000000000000000       ,
 B0EXP= 0.47550937999999998     ,
 CETA=  0.0000000000000000     ,
 CFBAL=  1.0000000000000000     ,
 CFNRESS=  1.0000000000000000     ,
 CFNRESSO=  1.0000000000000000     ,
 COCOS_IN=2          ,
 COCOS_OUT=2          ,
 CPLACE= 0.94999999999999996     , 0.98999999999999999     ,  1.0000000000000000     , 7*0.0000000000000000       ,
 CPRESS=  1.0000000000000000     ,
 CPRESSO=  1.0000000000000000     ,
 CQ0= 0.75000000000000000     ,
 CSSPEC=  0.0000000000000000     ,
 CURRT= 0.75390830200000003     ,
 CWIDTH= 0.10000000000000001     ,  2.0000000000000000E-002,  5.0000000000000003E-002, 7*0.0000000000000000       ,
 DELTA=  0.0000000000000000     ,
 DPLACE= 10*0.0000000000000000       ,
 DWIDTH= 10*0.0000000000000000       ,
 ELONG=  1.0000000000000000     ,
 EPLACE= 10*0.0000000000000000       ,
 ETAEI= 0.33000000000000002     ,
 EWIDTH= 10*0.0000000000000000       ,
 EPSLON=  1.0000000000000000E-010,
 GAMMA=  1.6666666667000001     ,
 PANGLE=  0.0000000000000000     ,
 PPRIME_BAL_MAX=  6.0000000000000000     ,
 PREDGE=  1.3104599000000000E-003,
 PSIBNDEXP= -9.0000000000000006E+040,
 PSISCL=  1.0000000000000000     ,
 QSPEC=  1.0000000000000000     ,
 QPLACE= 10*0.0000000000000000       ,
 QWIDTH= 10*0.0000000000000000       ,
 QVALNEO=  0.0000000000000000     ,  1.0000000000000000     ,  1.5000000000000000     ,  2.0000000000000000     ,  3.0000000000000000     ,
   4.0000000000000000     , 4*0.0000000000000000       ,
 RBOXLEN=  0.0000000000000000     ,
 RBOXLFT=  0.0000000000000000     ,
 RC=  1.0000000000000000     ,
 RELAX=  0.0000000000000000     ,
 REXT=  1.0000000000000000     ,
 RNU=  0.0000000000000000     ,
 RODABYROD0=  1.0000000000000000     ,
 RPEOP= 0.50000000000000000     ,
 RZION=  1.5000000000000000     ,
 RZ0=-0.10005180000000002     ,
 RZ0C=-0.10005180000000002     ,
 RZ0W=  0.0000000000000000     ,
 R0=  1.0000000000000000     ,
 R0EXP= 0.84999999999999998     ,
 R0W=  1.0000000000000000     ,
 SCALNE=  0.0000000000000000     ,
 SCEXP=  1.0000000000000000     ,
 SIGNB0XP= -1.0000000000000000     ,
 SIGNIPXP=  1.0000000000000000     ,
 SGMA=  0.0000000000000000     ,
 SLIMIT=  100000.00000000000     ,
 SNUMBER=  10000000.000000000     ,
 SOLPDA=  0.0000000000000000     ,
 SOLPDB=  0.0000000000000000     ,
 SOLPDC= 0.69999999999999996     ,
 SOLPDD=  0.0000000000000000     ,
 SOLPDE=  0.0000000000000000     ,
 SOLPDPOL= 0.25000000000000000     ,
 SHIFT_P=0          ,
 TENSPROF=  0.0000000000000000     ,
 TENSBND=-0.29999999999999999     ,
 THETA0=  0.0000000000000000     ,
 TIME_REF= 20*-999.00000000000000      ,
 TREEITM= 2*"euitm                                                                                                                   ",
 TREE_USER= 2*"joeschm                         ",
 TREE_TOKAMAK= 2*"test                            ",
 TREE_MAJORVERSION= 2*"3",
 TRIANG=  0.0000000000000000     ,
 TRIPLT=  0.0000000000000000     ,
 XI=  0.0000000000000000     ,
 ZBOXLEN=  0.0000000000000000     ,
 ZBOXMID= -1.0000000000000000E+040,
 MDT=1          ,
 MSMAX=1          ,
 N0JEDGE=0          ,
 NANAL=0          ,
 NBAL=1          ,
 NBLC0=16         ,
 NBLOPT=0          ,
 NBPSOUT=300        ,
 NBSEXPQ=0          ,
 NBSFUN=1          ,
 NBSOPT=0          ,
 NBSTRP=1          ,
 NCHI=220        ,
 NCSCAL=1          ,
 NDIAGOP=1          ,
 NDIFPS=0          ,
 NDIFT=1          ,
 NEGP=-1         ,
 NEONBQS=7          ,
 NEQDSK=0          ,
 NER=1          ,
 NIDSBOUND=0          ,
 NITMOCC= 2*0          ,
 NITMOPT=0          ,
 NITMRUN= 2*-1         ,
 NITMSHOT= 2*-1         ,
 NFFTOPT=1          ,
 NFIXAXIS=0          ,
 NFIXWALL=1          ,
 NFUNC=4          ,
 NFUNRHO=1          ,
 NIDEAL=6          ,
 NINBLOPT=20         ,
 NINMAP=40         ,
 NINSCA=40         ,
 NIPR=1          ,
 NISO=220        ,
 NMESHA=0          ,
 NMESHB=0          ,
 NMESHC=1          ,
 NMESHD=0          ,
 NMESHE=0          ,
 NMESHPOL=0          ,
 NMESHPOLEXP=6          ,
 NMGAUS=4          ,
 NOPT=0          ,
 NOUTXTOR=0          ,
 NPLOT=0          ,
 NPOIDA=0          ,
 NPOIDB=0          ,
 NPOIDC=2          ,
 NPOIDD=0          ,
 NPOIDE=0          ,
 NPOIDQ=0          ,
 NPP=1          ,
 NPPFUN=4          ,
 NPPR=24         ,
 NPROF2D=0          ,
 NPROFZ=0          ,
 NPROPT=2          ,
 NPRPSI=0          ,
 NPSI=220        ,
 NRBOX=513        ,
 NRBOX_XTOR= 10*401        ,
 NRFP=0          ,
 NRHOMESH=1          ,
 NRSCAL=0          ,
 NS=60         ,
 NSGAUS=4          ,
 NSMOOTH=1          ,
 NSOUR=2          ,
 NSTTP=2          ,
 NSURF=6          ,
 NSYM=0          ,
 NT=60         ,
 NTCASE=0          ,
 NTGAUS=4          ,
 NTEST=0          ,
 NTMF0=0          ,
 NTNOVA=12         ,
 NTURN=20         ,
 NV=60         ,
 NVEXP=0          ,
 NZBOX=513        ,
 NZBOX_XTOR= 10*401        ,
 NEQDXTPO=1          ,
 NVERBOSE=1          ,
 COMMENTS="&EQDATA                                                                                                                 "," RELAX= 0.,  NDIAGOP= 1,  NBSEXPQ=0,                                                                                    "," NPROPT=2,                                                                                                              "," NIDEAL=6,                                                                                                              ",
 /


  NS =   40     NT =   40     NISO =  100     NPSI =  220     NCHI =  220     NINSCA =   40     NINMAP =   40
 
 SIGMA - MESH
    0.0000E+00   3.5198E-02   7.0357E-02   1.0547E-01   1.4053E-01   1.7554E-01   2.1048E-01   2.4535E-01
    2.8014E-01   3.1483E-01   3.4941E-01   3.8387E-01   4.1817E-01   4.5229E-01   4.8620E-01   5.1986E-01
    5.5322E-01   5.8621E-01   6.1874E-01   6.5072E-01   6.8202E-01   7.1247E-01   7.4189E-01   7.7005E-01
    7.9671E-01   8.2166E-01   8.4473E-01   8.6584E-01   8.8504E-01   9.0244E-01   9.1822E-01   9.3250E-01
    9.4524E-01   9.5632E-01   9.6562E-01   9.7321E-01   9.7945E-01   9.8481E-01   9.8973E-01   9.9465E-01
    1.0000E+00
 
 THETA - MESH
   -1.4538E-01   1.3486E-01   3.9288E-01   6.2799E-01   8.4004E-01   1.0285E+00   1.1944E+00   1.3394E+00
    1.4654E+00   1.5744E+00   1.6684E+00   1.7501E+00   1.8238E+00   1.8947E+00   1.9677E+00   2.0476E+00
    2.1384E+00   2.2447E+00   2.3718E+00   2.5254E+00   2.7094E+00   2.9227E+00   3.1552E+00   3.3884E+00
    3.6040E+00   3.7910E+00   3.9477E+00   4.0777E+00   4.1864E+00   4.2783E+00   4.3575E+00   4.4297E+00
    4.5068E+00   4.6024E+00   4.7247E+00   4.8784E+00   5.0674E+00   5.2940E+00   5.5563E+00   5.8441E+00
    6.1378E+00
 
 RHOS - MESH
    6.7950E-01   7.0588E-01   7.3885E-01   7.7465E-01   8.1935E-01   8.7185E-01   9.3099E-01   9.9754E-01
    1.0712E+00   1.1533E+00   1.2427E+00   1.3274E+00   1.3808E+00   1.3820E+00   1.3371E+00   1.2637E+00
    1.1750E+00   1.0793E+00   9.8280E-01   8.9299E-01   8.1880E-01   7.6885E-01   7.5030E-01   7.6612E-01
    8.1326E-01   8.8482E-01   9.7175E-01   1.0664E+00   1.1635E+00   1.2597E+00   1.3532E+00   1.3895E+00
    1.2685E+00   1.1139E+00   9.8840E-01   8.8632E-01   8.0367E-01   7.3893E-01   6.9334E-01   6.7239E-01
    6.7950E-01



 *****************************************

 POSITION OF THE CALCULATION MESH CENTER : R0 =   1.00000000E+00   Z0 =  -1.00051800E-01

 *****************************************
 

 CPU TIME USED SO FAR =  2.080273E+00 SECS


  NS =   60     NT =   60     NISO =  220     NPSI =  220     NCHI =  220     NINSCA =   40     NINMAP =   40
 
 SIGMA - MESH
    0.0000E+00   2.3470E-02   4.6922E-02   7.0357E-02   9.3771E-02   1.1716E-01   1.4053E-01   1.6388E-01
    1.8720E-01   2.1048E-01   2.3374E-01   2.5696E-01   2.8014E-01   3.0328E-01   3.2637E-01   3.4941E-01
    3.7240E-01   3.9532E-01   4.1817E-01   4.4094E-01   4.6362E-01   4.8620E-01   5.0867E-01   5.3102E-01
    5.5322E-01   5.7526E-01   5.9711E-01   6.1874E-01   6.4013E-01   6.6124E-01   6.8202E-01   7.0243E-01
    7.2240E-01   7.4189E-01   7.6081E-01   7.7911E-01   7.9671E-01   8.1355E-01   8.2957E-01   8.4473E-01
    8.5902E-01   8.7245E-01   8.8504E-01   8.9683E-01   9.0787E-01   9.1822E-01   9.2790E-01   9.3691E-01
    9.4524E-01   9.5283E-01   9.5963E-01   9.6562E-01   9.7085E-01   9.7542E-01   9.7945E-01   9.8309E-01
    9.8647E-01   9.8973E-01   9.9298E-01   9.9637E-01   1.0000E+00
 
 THETA - MESH
   -1.3066E-01   1.2862E-01   3.7960E-01   6.1486E-01   8.2856E-01   1.0173E+00   1.1814E+00   1.3231E+00
    1.4451E+00   1.5502E+00   1.6409E+00   1.7194E+00   1.7876E+00   1.8476E+00   1.9019E+00   1.9530E+00
    2.0033E+00   2.0543E+00   2.1075E+00   2.1638E+00   2.2243E+00   2.2896E+00   2.3606E+00   2.4382E+00
    2.5229E+00   2.6151E+00   2.7151E+00   2.8223E+00   2.9356E+00   3.0533E+00   3.1728E+00   3.2917E+00
    3.4072E+00   3.5172E+00   3.6204E+00   3.7159E+00   3.8035E+00   3.8835E+00   3.9566E+00   4.0232E+00
    4.0842E+00   4.1401E+00   4.1916E+00   4.2392E+00   4.2834E+00   4.3248E+00   4.3645E+00   4.4052E+00
    4.4505E+00   4.5035E+00   4.5661E+00   4.6396E+00   4.7257E+00   4.8262E+00   4.9437E+00   5.0814E+00
    5.2433E+00   5.4329E+00   5.6517E+00   5.8950E+00   6.1525E+00
 
 RHOS - MESH
    5.8557E-01   5.9016E-01   6.0504E-01   6.2960E-01   6.6638E-01   7.1334E-01   7.6695E-01   8.2645E-01
    8.9070E-01   9.5904E-01   1.0317E+00   1.1091E+00   1.1882E+00   1.2607E+00   1.3138E+00   1.3389E+00
    1.3374E+00   1.3166E+00   1.2831E+00   1.2419E+00   1.1963E+00   1.1485E+00   1.1000E+00   1.0523E+00
  WARNING:  'chease_input.xml' file missing,
             now will see if namelist given in file: 'chease_namelist'
  parameters not associated
 NITMOPT =            0
 EXP. PROFILES MAY BE NOT GIVEN IN TERMS OF RHO PSI
    1.0070E+00   9.6553E-01   9.2931E-01   9.0013E-01   8.7898E-01   8.6698E-01   8.6464E-01   8.7242E-01
    8.8970E-01   9.1572E-01   9.4938E-01   9.8956E-01   1.0346E+00   1.0834E+00   1.1344E+00   1.1870E+00
    1.2403E+00   1.2937E+00   1.3468E+00   1.3993E+00   1.4515E+00   1.4980E+00   1.5155E+00   1.4660E+00
    1.3582E+00   1.2468E+00   1.1488E+00   1.0617E+00   9.8237E-01   9.0929E-01   8.4056E-01   7.7584E-01
    7.1539E-01   6.6156E-01   6.1963E-01   5.9387E-01   5.8557E-01



 *****************************************

 POSITION OF THE CALCULATION MESH CENTER : R0 =   1.11310062E+00   Z0 =  -9.34291817E-03

 *****************************************
 

 CPU TIME USED SO FAR =  1.885025E+01 SECS

 BEFORE MAPPING: 

 CPU TIME USED SO FAR =  1.897521E+01 SECS


 WARNING: SOME INPUT VALUES OF QVALNEO WERE OUT OF Q PROFILE, NEONBQS CHANGED FROM  7 TO  6


 AFTER MAPPING: 

 CPU TIME USED SO FAR =  3.100175E+01 SECS



 ******************************

 FINAL OUTPUT : PSI SOLUTION   

 VALUES ON (SIGMA, THETA) NODES

 ******************************

 SCALE                    =   1.27101277E+00

 PSI - MIN                =  -2.54289210E-01

 R OF MAGAXE              =   1.11311167E+00

 Z OF MAGAXE              =  -9.37245861E-03

 CHECK OF SOLUTION        =   8.96562178E-15

 POLOIDAL MAGNETIC ENERGY =   1.84773390E-01

 AFTER ERATO STUFF: 

 CPU TIME USED SO FAR =  3.163478E+01 SECS

 *************************************

 SOME QUANTITIES AND THEIR MKSA VALUES

 *************************************


    2.54289210E-01 abs(PSI-AXIS) --> [T M**2]    -8.73624636E-02
    1.11311167E+00 R OF MAGAXE --> [M]       9.46144922E-01
   -9.37245861E-03 Z OF MAGAXE --> [M]      -7.96658982E-03
   -9.34291817E-03 Z0 --> [M]      -7.94148044E-03
    8.50000000E-01 R0 [M] USED FOR CONVERTING TO MKSA
    4.75509380E-01 B0 [T] USED FOR CONVERTING TO MKSA
   -1.00000000E+00 SIGN OF B0 IN EXPERIMENT (CHEASE ASSUMES 1.0) 
    2.94154944E+00 TOTAL CURRENT --> [A]     9.46115815E+05
    1.00000000E+00 SIGN OF IP IN EXPERIMENT (CHEASE ASSUMES 1.0) 
    1.84138006E+00 b/a
    1.00000000E+00 Q_ZERO, USING SIGNS OF IP AND B0, WOULD GIVE:    -1.00000000E+00
    1.17831208E+01 Q_EDGE, USING SIGNS OF IP AND B0, WOULD GIVE:    -1.17831208E+01
    4.07848302E-01 POLOIDAL BETA
    1.08712486E-01 BETA_EXP=<P>*2*MU0/B0**2
    5.50857952E-01 LI
    1.18871141E-01 PRESSURE ON AXIS --> [Pa]     2.13887174E+04  --> [10**19 M**-3 KEV]:     1.33512593E+01
    6.36018965E-02 BETA
    7.39227196E-02 BETA* (SQRT(<P**2>))
    2.08181719E-01 BETA-AXIS=2p0/(T0/Rmag)^2;      with Rmag->Rgeo(LCFS):    1.59492117E-01
   -2.54289210E-01 PSI-AXIS --> [T M**2]    -8.73624636E-02
   -1.59774623E+00 2*PI*PSI-AXIS -->        -5.48914547E-01
   -2.54289210E-01 IP_SIGN*PSI-AXIS --> [T M**2]    -8.73624636E-02
   -1.59774623E+00 IP_SIGN*2*PI*PSI-AXIS -->        -5.48914547E-01
    1.34300372E+00 ASPECT RATIO ; a/R=     7.44599575E-01
    1.50103040E+01 VOLUME ->     9.21820291E+00
    2.69239866E+00 AREA   ->     1.94525803E+00
    3.51378039E+01 SURFACE   ->     2.53870633E+01
    6.47792121E+00 LENGTH ->     5.50623303E+00
    2.48835179E-01 RMIN -> RMIN [m]     2.11509902E-01
    1.69973888E+00 RMAX -> RMAX [m]     1.44477805E+00
   -1.43485118E+00 ZMIN -> ZMIN [m]    -1.21962350E+00
    1.23660435E+00 ZMAX -> ZMAX [m]     1.05111370E+00
    9.74287031E-01 RGEOM -> RGEOM [m]     8.28143976E-01
    7.25451852E-01 MINOR RADIUS -> A [m]     6.16634074E-01
git hash 9dcbf8a86934ee91d9d31924d30c81df343eef5e_branch_master

 CPU TIME USED SO FAR =  3.164596E+01 SECS
