#psi, P, q
0.000000000000000000e+00 2.138871740000000136e+04 1.000000001000000083e+00
1.953125000000000000e-03 2.132176108999999997e+04 1.003152363000000102e+00
3.906250000000000000e-03 2.125572288000000117e+04 1.005164490999999938e+00
5.859375000000000000e-03 2.119028243999999904e+04 1.007070807000000068e+00
7.812500000000000000e-03 2.112533145000000150e+04 1.008941477000000031e+00
9.765625000000000000e-03 2.106149687999999878e+04 1.010785862000000090e+00
1.171875000000000000e-02 2.099933751000000120e+04 1.012638329999999920e+00
1.367187500000000000e-02 2.093871336000000156e+04 1.014479380999999902e+00
1.562500000000000000e-02 2.087951249000000098e+04 1.016302505999999939e+00
1.757812500000000000e-02 2.082172636000000057e+04 1.018109653000000003e+00
1.953125000000000000e-02 2.076535753000000113e+04 1.019895824000000006e+00
2.148437500000000000e-02 2.071033510000000024e+04 1.021661944000000100e+00
2.343750000000000000e-02 2.065659872000000178e+04 1.023412699000000092e+00
2.539062500000000000e-02 2.060410912000000098e+04 1.025146271000000109e+00
2.734375000000000000e-02 2.055283436000000074e+04 1.026861250999999919e+00
2.929687499999999653e-02 2.050273099000000002e+04 1.028560182999999961e+00
3.125000000000000000e-02 2.045376183999999921e+04 1.030244546999999899e+00
3.320312500000000000e-02 2.040588022999999885e+04 1.031913252000000059e+00
3.515625000000000000e-02 2.035904150999999911e+04 1.033565830999999990e+00
3.710937500000000000e-02 2.031321935999999914e+04 1.035203319999999927e+00
3.906250000000000000e-02 2.026838579000000027e+04 1.036827522999999918e+00
4.101562500000000000e-02 2.022449492000000100e+04 1.038438737999999972e+00
4.296875000000000000e-02 2.018150259999999980e+04 1.040036798000000040e+00
4.492187499999999306e-02 2.013938785999999891e+04 1.041621628999999993e+00
4.687500000000000000e-02 2.009813073000000077e+04 1.043194087000000048e+00
4.882812500000000000e-02 2.005768845000000147e+04 1.044755225000000065e+00
5.078125000000000000e-02 2.001801699999999983e+04 1.046305462999999936e+00
5.273437500000000694e-02 1.997910137000000032e+04 1.047844913000000044e+00
5.468750000000000000e-02 1.994092535000000134e+04 1.049373722999999980e+00
5.664062500000000000e-02 1.990344918999999936e+04 1.050892466999999941e+00
5.859374999999999306e-02 1.986663353999999890e+04 1.052401954999999889e+00
6.054687500000000000e-02 1.983046469000000070e+04 1.053902633999999949e+00
6.250000000000000000e-02 1.979493754999999874e+04 1.055394691999999912e+00
6.445312500000000000e-02 1.976000987000000168e+04 1.056878495000000084e+00
6.640625000000000000e-02 1.972563773999999830e+04 1.058354414999999937e+00
6.835937500000000000e-02 1.969181940000000031e+04 1.059822725000000077e+00
7.031250000000000000e-02 1.965854381999999896e+04 1.061283782000000064e+00
7.226562500000000000e-02 1.962577622999999949e+04 1.062738090000000080e+00
7.421875000000000000e-02 1.959348577999999907e+04 1.064186140999999974e+00
7.617187500000000000e-02 1.956166468000000168e+04 1.065628221000000098e+00
7.812500000000000000e-02 1.953030184000000008e+04 1.067064610000000080e+00
8.007812500000000000e-02 1.949936925999999949e+04 1.068495659999999958e+00
8.203125000000000000e-02 1.946884005999999863e+04 1.069921711000000109e+00
8.398437500000000000e-02 1.943870457000000170e+04 1.071343001000000017e+00
8.593750000000000000e-02 1.940895445000000109e+04 1.072759744000000071e+00
8.789062500000000000e-02 1.937956497999999920e+04 1.074172225000000092e+00
8.984374999999998612e-02 1.935051208000000042e+04 1.075580800000000004e+00
9.179687500000001388e-02 1.932178863999999885e+04 1.076985848999999940e+00
9.375000000000000000e-02 1.929338567999999941e+04 1.078387675000000101e+00
9.570312500000000000e-02 1.926528188999999838e+04 1.079786587000000075e+00
9.765625000000000000e-02 1.923745345000000088e+04 1.081182882000000012e+00
9.960937500000000000e-02 1.920989961000000039e+04 1.082576750999999948e+00
1.015625000000000000e-01 1.918261101000000053e+04 1.083968406999999967e+00
1.035156249999999861e-01 1.915556764000000112e+04 1.085358100000000103e+00
1.054687500000000139e-01 1.912874653000000035e+04 1.086746089000000026e+00
1.074218750000000000e-01 1.910214330999999947e+04 1.088132531000000069e+00
1.093750000000000000e-01 1.907575692999999956e+04 1.089517609000000053e+00
1.113281250000000000e-01 1.904956688999999824e+04 1.090901700000000085e+00
1.132812500000000000e-01 1.902355824999999822e+04 1.092285093000000096e+00
1.152343750000000000e-01 1.899772298999999839e+04 1.093667994999999893e+00
1.171874999999999861e-01 1.897205588999999964e+04 1.095050619000000003e+00
1.191406250000000139e-01 1.894654434000000037e+04 1.096433205000000077e+00
1.210937500000000000e-01 1.892117089000000124e+04 1.097816004000000012e+00
1.230468750000000000e-01 1.889593304999999964e+04 1.099199188999999910e+00
1.250000000000000000e-01 1.887082666999999856e+04 1.100582900999999891e+00
1.269531250000000000e-01 1.884583654999999999e+04 1.101967271999999998e+00
1.289062500000000000e-01 1.882095237999999881e+04 1.103352469999999919e+00
1.308593750000000000e-01 1.879616799000000174e+04 1.104738696999999936e+00
1.328125000000000000e-01 1.877147741999999926e+04 1.106126208000000055e+00
1.347656250000000000e-01 1.874687203999999838e+04 1.107515250999999923e+00
1.367187500000000000e-01 1.872233923000000141e+04 1.108906052000000031e+00
1.386718750000000000e-01 1.869787324000000081e+04 1.110298787999999925e+00
1.406250000000000000e-01 1.867347238999999900e+04 1.111693601999999892e+00
1.425781250000000000e-01 1.864912672999999995e+04 1.113090652999999985e+00
1.445312500000000000e-01 1.862482627000000139e+04 1.114490090999999961e+00
1.464843750000000000e-01 1.860056835000000137e+04 1.115892040000000085e+00
1.484375000000000000e-01 1.857634816000000137e+04 1.117296634999999982e+00
1.503906250000000000e-01 1.855215631999999823e+04 1.118704031000000043e+00
1.523437500000000000e-01 1.852798674000000028e+04 1.120114419000000083e+00
1.542968750000000000e-01 1.850383597000000009e+04 1.121528016999999933e+00
1.562500000000000000e-01 1.847969839000000138e+04 1.122945032000000065e+00
1.582031250000000000e-01 1.845556742999999915e+04 1.124365652999999909e+00
1.601562500000000000e-01 1.843143690000000061e+04 1.125790016999999921e+00
1.621093750000000000e-01 1.840730141000000003e+04 1.127218239000000066e+00
1.640625000000000000e-01 1.838315741999999955e+04 1.128650434000000091e+00
1.660156250000000000e-01 1.835900082000000111e+04 1.130086718999999906e+00
1.679687500000000000e-01 1.833482540000000154e+04 1.131527230999999967e+00
1.699218750000000000e-01 1.831062614000000031e+04 1.132972099000000066e+00
1.718750000000000000e-01 1.828640021999999954e+04 1.134421434000000062e+00
1.738281250000000000e-01 1.826214386000000013e+04 1.135875382000000045e+00
1.757812500000000000e-01 1.823785181000000011e+04 1.137334135999999996e+00
1.777343750000000000e-01 1.821351992999999857e+04 1.138797875999999931e+00
1.796874999999999722e-01 1.818914524000000165e+04 1.140266761999999989e+00
1.816406250000000000e-01 1.816472422000000006e+04 1.141740937000000011e+00
1.835937500000000278e-01 1.814025269000000117e+04 1.143220523000000100e+00
1.855468750000000000e-01 1.811572708000000057e+04 1.144705634999999999e+00
1.875000000000000000e-01 1.809114431999999942e+04 1.146196387000000039e+00
1.894531250000000000e-01 1.806650126000000091e+04 1.147692893999999963e+00
1.914062500000000000e-01 1.804179462000000058e+04 1.149195277000000015e+00
1.933593749999999722e-01 1.801702123999999822e+04 1.150703653999999965e+00
1.953125000000000000e-01 1.799217808000000150e+04 1.152218144000000111e+00
1.972656250000000278e-01 1.796726232000000164e+04 1.153738847999999928e+00
1.992187500000000000e-01 1.794227137999999832e+04 1.155265851000000010e+00
2.011718750000000000e-01 1.791720252999999866e+04 1.156799281000000068e+00
2.031250000000000000e-01 1.789205288999999902e+04 1.158339312000000065e+00
2.050781250000000000e-01 1.786681984000000011e+04 1.159886109999999970e+00
2.070312499999999722e-01 1.784150118999999904e+04 1.161439816999999985e+00
2.089843750000000000e-01 1.781609471000000121e+04 1.163000564000000070e+00
2.109375000000000278e-01 1.779059807000000001e+04 1.164568467999999912e+00
2.128906250000000000e-01 1.776500886000000173e+04 1.166143643000000063e+00
2.148437500000000000e-01 1.773932449999999881e+04 1.167726207999999932e+00
2.167968750000000000e-01 1.771354257000000143e+04 1.169316272999999962e+00
2.187500000000000000e-01 1.768766159999999945e+04 1.170913931000000074e+00
2.207031249999999722e-01 1.766168025000000125e+04 1.172519268999999920e+00
2.226562500000000000e-01 1.763559608999999909e+04 1.174132379000000004e+00
2.246093750000000278e-01 1.760940629999999874e+04 1.175753357000000054e+00
2.265625000000000000e-01 1.758310928000000058e+04 1.177382316000000095e+00
2.285156250000000000e-01 1.755670443000000159e+04 1.179019384999999920e+00
2.304687500000000000e-01 1.753019025999999940e+04 1.180664702999999927e+00
2.324218750000000000e-01 1.750356412999999884e+04 1.182318422999999896e+00
2.343749999999999722e-01 1.747682388999999966e+04 1.183980690000000058e+00
2.363281250000000000e-01 1.744996889000000010e+04 1.185651628000000013e+00
2.382812500000000278e-01 1.742299846999999863e+04 1.187331353000000034e+00
2.402343750000000000e-01 1.739591071000000011e+04 1.189019977000000061e+00
2.421875000000000000e-01 1.736870334000000003e+04 1.190717604999999901e+00
2.441406250000000000e-01 1.734137508000000162e+04 1.192424337000000056e+00
2.460937500000000000e-01 1.731392537000000084e+04 1.194140266000000006e+00
2.480468749999999722e-01 1.728635331999999835e+04 1.195865485999999978e+00
2.500000000000000000e-01 1.725865748000000167e+04 1.197600094000000004e+00
2.519531250000000000e-01 1.723083636000000115e+04 1.199344191000000004e+00
2.539062500000000000e-01 1.720288827999999921e+04 1.201097901000000023e+00
2.558593750000000000e-01 1.717481163999999990e+04 1.202861353000000078e+00
2.578125000000000000e-01 1.714660573999999906e+04 1.204634683000000095e+00
2.597656250000000000e-01 1.711827044999999998e+04 1.206418025999999921e+00
2.617187500000000000e-01 1.708980504999999903e+04 1.208211512999999959e+00
2.636718750000000000e-01 1.706120775000000140e+04 1.210015260999999898e+00
2.656250000000000000e-01 1.703247695999999996e+04 1.211829386000000008e+00
2.675781250000000000e-01 1.700361219999999958e+04 1.213653998999999928e+00
2.695312500000000000e-01 1.697461333999999988e+04 1.215489210999999958e+00
2.714843750000000000e-01 1.694547970999999961e+04 1.217335132999999958e+00
2.734375000000000000e-01 1.691621013999999923e+04 1.219191872999999982e+00
2.753906250000000000e-01 1.688680348999999842e+04 1.221059542999999969e+00
2.773437500000000000e-01 1.685725869999999850e+04 1.222938255000000085e+00
2.792968750000000000e-01 1.682757476999999926e+04 1.224828124000000074e+00
2.812500000000000000e-01 1.679775125000000116e+04 1.226729265999999985e+00
2.832031250000000000e-01 1.676778802999999971e+04 1.228641800999999978e+00
2.851562500000000000e-01 1.673768470000000161e+04 1.230565855000000042e+00
2.871093750000000000e-01 1.670744017000000167e+04 1.232501566999999909e+00
2.890625000000000000e-01 1.667705331999999908e+04 1.234449074999999896e+00
2.910156250000000000e-01 1.664652355000000171e+04 1.236408506999999934e+00
2.929687500000000000e-01 1.661585060000000158e+04 1.238379981000000019e+00
2.949218750000000000e-01 1.658503413000000000e+04 1.240363617000000085e+00
2.968750000000000000e-01 1.655407365999999820e+04 1.242359538000000097e+00
2.988281250000000000e-01 1.652296865999999864e+04 1.244367867000000016e+00
3.007812500000000000e-01 1.649171840000000157e+04 1.246388731999999999e+00
3.027343750000000000e-01 1.646032201999999961e+04 1.248422265999999947e+00
3.046875000000000000e-01 1.642877888000000166e+04 1.250468595000000072e+00
3.066406250000000000e-01 1.639708886999999959e+04 1.252527839000000087e+00
3.085937500000000000e-01 1.636525199000000066e+04 1.254600111000000018e+00
3.105468750000000000e-01 1.633326792000000023e+04 1.256685540999999962e+00
3.125000000000000000e-01 1.630113608999999997e+04 1.258784265999999930e+00
3.144531250000000000e-01 1.626885591999999997e+04 1.260896425000000098e+00
3.164062500000000000e-01 1.623642684000000008e+04 1.263022161999999948e+00
3.183593750000000000e-01 1.620384824999999910e+04 1.265161623000000013e+00
3.203125000000000000e-01 1.617111982999999964e+04 1.267314945999999942e+00
3.222656250000000000e-01 1.613824158999999963e+04 1.269482261999999917e+00
3.242187500000000000e-01 1.610521354000000065e+04 1.271663698000000009e+00
3.261718750000000000e-01 1.607203538999999910e+04 1.273859391000000008e+00
3.281250000000000000e-01 1.603870666999999958e+04 1.276069480000000089e+00
3.300781250000000000e-01 1.600522693000000072e+04 1.278294103999999987e+00
3.320312500000000000e-01 1.597159577999999965e+04 1.280533404999999902e+00
3.339843750000000000e-01 1.593781285000000025e+04 1.282787525000000040e+00
3.359375000000000000e-01 1.590387793000000056e+04 1.285056602000000048e+00
3.378906250000000000e-01 1.586979102000000057e+04 1.287340767999999969e+00
3.398437500000000000e-01 1.583555213000000003e+04 1.289640158000000092e+00
3.417968750000000000e-01 1.580116107000000011e+04 1.291954921999999950e+00
3.437500000000000000e-01 1.576661753999999928e+04 1.294285224000000012e+00
3.457031250000000000e-01 1.573192123999999967e+04 1.296631223000000110e+00
3.476562500000000000e-01 1.569707190000000082e+04 1.298993086000000075e+00
3.496093750000000000e-01 1.566206929999999920e+04 1.301370976999999929e+00
3.515625000000000000e-01 1.562691325999999935e+04 1.303765059999999920e+00
3.535156250000000000e-01 1.559160377999999946e+04 1.306175499999999934e+00
3.554687500000000000e-01 1.555614085999999952e+04 1.308602459000000051e+00
3.574218750000000000e-01 1.552052442999999948e+04 1.311046099999999992e+00
3.593749999999999445e-01 1.548475434999999925e+04 1.313506588999999947e+00
3.613281250000000000e-01 1.544883048000000053e+04 1.315984087999999996e+00
3.632812500000000000e-01 1.541275267999999960e+04 1.318478763999999970e+00
3.652343750000000000e-01 1.537652082999999948e+04 1.320990789999999970e+00
3.671875000000000555e-01 1.534013483000000087e+04 1.323520334999999992e+00
3.691406249999999445e-01 1.530359463999999934e+04 1.326067566000000086e+00
3.710937500000000000e-01 1.526690026000000034e+04 1.328632652000000025e+00
3.730468750000000000e-01 1.523005169999999998e+04 1.331215760000000081e+00
3.750000000000000000e-01 1.519304893000000084e+04 1.333817070999999910e+00
3.769531250000000555e-01 1.515589193999999952e+04 1.336436766000000054e+00
3.789062500000000000e-01 1.511858070000000043e+04 1.339075022999999920e+00
3.808593750000000000e-01 1.508111520999999993e+04 1.341732021999999969e+00
3.828125000000000000e-01 1.504349544000000060e+04 1.344407941000000051e+00
3.847656250000000000e-01 1.500572141000000011e+04 1.347102951999999965e+00
3.867187499999999445e-01 1.496779317000000083e+04 1.349817221999999983e+00
3.886718750000000000e-01 1.492971076999999968e+04 1.352550914000000049e+00
3.906250000000000000e-01 1.489147428000000036e+04 1.355304196000000072e+00
3.925781250000000000e-01 1.485308374000000003e+04 1.358077242000000018e+00
3.945312500000000555e-01 1.481453921000000082e+04 1.360870224999999989e+00
3.964843749999999445e-01 1.477584075999999914e+04 1.363683334999999941e+00
3.984375000000000000e-01 1.473698848999999973e+04 1.366516776000000100e+00
4.003906250000000000e-01 1.469798245999999926e+04 1.369370752000000024e+00
4.023437500000000000e-01 1.465882281999999941e+04 1.372245468000000024e+00
4.042968750000000555e-01 1.461950969000000077e+04 1.375141127000000019e+00
4.062500000000000000e-01 1.458004322999999931e+04 1.378057936999999900e+00
4.082031250000000000e-01 1.454042360000000008e+04 1.380996129999999988e+00
4.101562500000000000e-01 1.450065094999999928e+04 1.383955956999999959e+00
4.121093750000000000e-01 1.446072545999999966e+04 1.386937668000000068e+00
4.140624999999999445e-01 1.442064727999999923e+04 1.389941536999999894e+00
4.160156250000000000e-01 1.438041653000000042e+04 1.392967851000000090e+00
4.179687500000000000e-01 1.434003339000000051e+04 1.396016892000000009e+00
4.199218750000000000e-01 1.429949802000000091e+04 1.399088950000000109e+00
4.218750000000000555e-01 1.425881062000000020e+04 1.402184316000000042e+00
4.238281249999999445e-01 1.421797141000000011e+04 1.405303278000000100e+00
4.257812500000000000e-01 1.417698072999999931e+04 1.408446109000000002e+00
4.277343750000000000e-01 1.413583895999999913e+04 1.411613074999999995e+00
4.296875000000000000e-01 1.409454651000000013e+04 1.414804439999999941e+00
4.316406250000000555e-01 1.405310354999999981e+04 1.418020497000000102e+00
4.335937500000000000e-01 1.401151013000000057e+04 1.421261561999999978e+00
4.355468750000000000e-01 1.396976633000000038e+04 1.424527937999999994e+00
4.375000000000000000e-01 1.392787275000000045e+04 1.427819885999999983e+00
4.394531250000000000e-01 1.388583043999999973e+04 1.431137622999999914e+00
4.414062499999999445e-01 1.384364036999999917e+04 1.434481364000000037e+00
4.433593750000000000e-01 1.380130208999999923e+04 1.437851290000000004e+00
4.453125000000000000e-01 1.375881378000000041e+04 1.441247546999999907e+00
4.472656250000000000e-01 1.371617372000000069e+04 1.444670281999999917e+00
4.492187500000000555e-01 1.367338379999999961e+04 1.448119624000000050e+00
4.511718749999999445e-01 1.363045044000000053e+04 1.451595688000000051e+00
4.531250000000000000e-01 1.358738020999999935e+04 1.455098589000000109e+00
4.550781250000000000e-01 1.354417194999999992e+04 1.458628462999999931e+00
4.570312500000000000e-01 1.350081119000000035e+04 1.462185489999999977e+00
4.589843750000000555e-01 1.345728234999999950e+04 1.465769853000000067e+00
4.609375000000000000e-01 1.341358358000000044e+04 1.469381524999999966e+00
4.628906250000000000e-01 1.336974814999999944e+04 1.473019942000000082e+00
4.648437500000000000e-01 1.332581447999999909e+04 1.476684459999999977e+00
4.667968750000000000e-01 1.328181163000000015e+04 1.480374510000000088e+00
4.687499999999999445e-01 1.323773090000000047e+04 1.484089798999999932e+00
4.707031250000000000e-01 1.319355391000000054e+04 1.487830108000000040e+00
4.726562500000000000e-01 1.314929111000000012e+04 1.491595079000000101e+00
4.746093750000000000e-01 1.310516402000000016e+04 1.495383300000000082e+00
4.765625000000000555e-01 1.306148591999999917e+04 1.499192901000000022e+00
4.785156249999999445e-01 1.301856238999999914e+04 1.503022059999999938e+00
4.804687500000000000e-01 1.297662925999999970e+04 1.506869352000000051e+00
4.824218750000000000e-01 1.293586804999999913e+04 1.510733668000000085e+00
4.843750000000000000e-01 1.289645198999999957e+04 1.514613951000000069e+00
4.863281250000000555e-01 1.285832926000000043e+04 1.518510897999999942e+00
4.882812500000000000e-01 1.282113421000000017e+04 1.522427645000000052e+00
4.902343750000000000e-01 1.278448180999999931e+04 1.526367476999999973e+00
4.921875000000000000e-01 1.274802066999999988e+04 1.530333632000000055e+00
4.941406250000000555e-01 1.271148474999999962e+04 1.534329290000000068e+00
4.960937499999999445e-01 1.267462526000000071e+04 1.538357592999999968e+00
4.980468750000000000e-01 1.263721861999999965e+04 1.542421489999999951e+00
5.000000000000000000e-01 1.259918369999999959e+04 1.546522944999999982e+00
5.019531250000000000e-01 1.256049433999999928e+04 1.550663533000000038e+00
5.039062500000000000e-01 1.252112668999999914e+04 1.554844773999999985e+00
5.058593750000000000e-01 1.248108961000000090e+04 1.559067654999999997e+00
5.078125000000000000e-01 1.244041941000000043e+04 1.563332704000000017e+00
5.097656250000000000e-01 1.239915280999999959e+04 1.567640431000000056e+00
5.117187500000000000e-01 1.235731385000000046e+04 1.571991480999999968e+00
5.136718750000000000e-01 1.231490264000000025e+04 1.576386760000000109e+00
5.156250000000000000e-01 1.227191659000000072e+04 1.580827194000000047e+00
5.175781250000000000e-01 1.222835529999999926e+04 1.585313677999999893e+00
5.195312500000000000e-01 1.218422950999999921e+04 1.589846972999999997e+00
5.214843750000000000e-01 1.213955334000000039e+04 1.594427795999999953e+00
5.234375000000000000e-01 1.209434073999999964e+04 1.599056846999999948e+00
5.253906250000000000e-01 1.204860467000000062e+04 1.603734693000000044e+00
5.273437500000000000e-01 1.200235726000000068e+04 1.608461788999999920e+00
5.292968750000000000e-01 1.195561051000000043e+04 1.613238581999999921e+00
5.312500000000000000e-01 1.190837628000000041e+04 1.618065472000000060e+00
5.332031250000000000e-01 1.186066627999999946e+04 1.622942756000000042e+00
5.351562500000000000e-01 1.181249209999999948e+04 1.627870716000000106e+00
5.371093750000000000e-01 1.176386514999999963e+04 1.632849639000000019e+00
5.390625000000000000e-01 1.171479613000000063e+04 1.637879869999999904e+00
5.410156250000000000e-01 1.166529541000000063e+04 1.642961777000000012e+00
5.429687500000000000e-01 1.161537322999999924e+04 1.648095727999999927e+00
5.449218750000000000e-01 1.156504009000000042e+04 1.653282131999999960e+00
5.468750000000000000e-01 1.151430681999999979e+04 1.658521456999999977e+00
5.488281250000000000e-01 1.146318420999999944e+04 1.663814173000000007e+00
5.507812500000000000e-01 1.141168257000000085e+04 1.669160761000000104e+00
5.527343750000000000e-01 1.135981045000000086e+04 1.674561777000000085e+00
5.546875000000000000e-01 1.130757583999999952e+04 1.680017797000000090e+00
5.566406250000000000e-01 1.125498666000000048e+04 1.685529389999999905e+00
5.585937500000000000e-01 1.120205178999999953e+04 1.691097131999999892e+00
5.605468750000000000e-01 1.114878105999999934e+04 1.696721608000000048e+00
5.625000000000000000e-01 1.109518427999999949e+04 1.702403399000000039e+00
5.644531250000000000e-01 1.104127150000000074e+04 1.708143073000000012e+00
5.664062500000000000e-01 1.098705406000000039e+04 1.713941173000000040e+00
5.683593750000000000e-01 1.093254358999999931e+04 1.719798233999999981e+00
5.703125000000000000e-01 1.087775166999999965e+04 1.725714782000000058e+00
5.722656250000000000e-01 1.082269206999999915e+04 1.731691298000000101e+00
5.742187500000000000e-01 1.076738073000000077e+04 1.737728219999999935e+00
5.761718750000000000e-01 1.071183354999999938e+04 1.743825979999999998e+00
5.781250000000000000e-01 1.065606370000000061e+04 1.749985040999999963e+00
5.800781250000000000e-01 1.060007331999999951e+04 1.756206017000000008e+00
5.820312500000000000e-01 1.054386158000000069e+04 1.762489560999999982e+00
5.839843750000000000e-01 1.048742800999999963e+04 1.768836306000000080e+00
5.859375000000000000e-01 1.043078326000000015e+04 1.775246606999999921e+00
5.878906250000000000e-01 1.037395103999999992e+04 1.781720489000000018e+00
5.898437500000000000e-01 1.031695563000000038e+04 1.788257954000000094e+00
5.917968750000000000e-01 1.025983116999999947e+04 1.794858918000000081e+00
5.937500000000000000e-01 1.020267165999999997e+04 1.801522773000000077e+00
5.957031250000000000e-01 1.014559245000000010e+04 1.808248719000000060e+00
5.976562500000000000e-01 1.008870788999999968e+04 1.815035965999999945e+00
5.996093750000000000e-01 1.003213967000000048e+04 1.821883718000000041e+00
6.015625000000000000e-01 9.976023381000000882e+03 1.828791161999999915e+00
6.035156250000000000e-01 9.920494865000000573e+03 1.835757493000000018e+00
6.054687500000000000e-01 9.865680001999999149e+03 1.842781999999999920e+00
6.074218750000000000e-01 9.811605922999999166e+03 1.849864987999999988e+00
6.093750000000000000e-01 9.758237895000000208e+03 1.857007397000000060e+00
6.113281250000000000e-01 9.705540538999999626e+03 1.864210166999999974e+00
6.132812500000000000e-01 9.653455298999999286e+03 1.871474537999999965e+00
6.152343750000000000e-01 9.601842253000000710e+03 1.878802811999999989e+00
6.171875000000000000e-01 9.550544974000000366e+03 1.886197502999999998e+00
6.191406250000000000e-01 9.499409725999999864e+03 1.893661097000000071e+00
6.210937500000000000e-01 9.448332479999999123e+03 1.901195860999999931e+00
6.230468750000000000e-01 9.397273434999999154e+03 1.908803784999999920e+00
6.250000000000000000e-01 9.346197448000000804e+03 1.916486825000000005e+00
6.269531250000000000e-01 9.295073146999999153e+03 1.924246901000000065e+00
6.289062500000000000e-01 9.243901916999999230e+03 1.932085781999999918e+00
6.308593750000000000e-01 9.192702992000000449e+03 1.940005144999999986e+00
6.328125000000000000e-01 9.141495616000000155e+03 1.948006651000000033e+00
6.347656250000000000e-01 9.090294576000000234e+03 1.956091956999999937e+00
6.367187500000000000e-01 9.039099073999999746e+03 1.964262750999999918e+00
6.386718750000000000e-01 8.987904825999999957e+03 1.972520717999999951e+00
6.406250000000000000e-01 8.936707634000000326e+03 1.980867522999999908e+00
6.425781250000000000e-01 8.885506272000000536e+03 1.989304750000000066e+00
6.445312500000000000e-01 8.834304232000000411e+03 1.997833863000000099e+00
6.464843750000000000e-01 8.783105396999999357e+03 2.006456301000000053e+00
6.484375000000000000e-01 8.731913538999999219e+03 2.015173491000000094e+00
6.503906250000000000e-01 8.680731207000000722e+03 2.023986852999999808e+00
6.523437500000000000e-01 8.629559975000000122e+03 2.032897804000000086e+00
6.542968750000000000e-01 8.578401377000000139e+03 2.041907742999999886e+00
6.562500000000000000e-01 8.527257023000000117e+03 2.051018060000000087e+00
6.582031250000000000e-01 8.476129113999999390e+03 2.060230128999999799e+00
6.601562500000000000e-01 8.425020075000000361e+03 2.069545316000000135e+00
6.621093750000000000e-01 8.373932312999999340e+03 2.078964972000000078e+00
6.640625000000000000e-01 8.322868228999999701e+03 2.088490499000000167e+00
6.660156250000000000e-01 8.271830260999999155e+03 2.098123514000000078e+00
6.679687500000000000e-01 8.220820836000000781e+03 2.107865660999999946e+00
6.699218750000000000e-01 8.169842362000000321e+03 2.117718571999999799e+00
6.718750000000000000e-01 8.118897340999999869e+03 2.127683928000000169e+00
6.738281250000000000e-01 8.067988479999999981e+03 2.137763512999999893e+00
6.757812500000000000e-01 8.017118486000000303e+03 2.147959107999999784e+00
6.777343750000000000e-01 7.966290047000000413e+03 2.158272483000000186e+00
6.796875000000000000e-01 7.915505984000000353e+03 2.168705536000000045e+00
6.816406250000000000e-01 7.864769277000000329e+03 2.179260315000000059e+00
6.835937500000000000e-01 7.814082889999999679e+03 2.189938859999999821e+00
6.855468750000000000e-01 7.763449776999999813e+03 2.200743201999999954e+00
6.875000000000000000e-01 7.712873093000000154e+03 2.211675499000000045e+00
6.894531250000000000e-01 7.662356142999999975e+03 2.222737996999999854e+00
6.914062500000000000e-01 7.611902208000000428e+03 2.233932929999999928e+00
6.933593750000000000e-01 7.561514573000000382e+03 2.245262524000000148e+00
6.953125000000000000e-01 7.511196786999999858e+03 2.256729151000000044e+00
6.972656250000000000e-01 7.460952521000000161e+03 2.268335242000000029e+00
6.992187500000000000e-01 7.410785420000000158e+03 2.280083209999999916e+00
7.011718750000000000e-01 7.360699153999999908e+03 2.291975465000000156e+00
7.031250000000000000e-01 7.310697715999999673e+03 2.304014512000000181e+00
7.050781250000000000e-01 7.260785203000000365e+03 2.316202881999999796e+00
7.070312500000000000e-01 7.210965677999999571e+03 2.328543079000000127e+00
7.089843750000000000e-01 7.161243260000000191e+03 2.341037637999999976e+00
7.109375000000000000e-01 7.111622449999999844e+03 2.353689301999999817e+00
7.128906250000000000e-01 7.062107828999999583e+03 2.366500852999999793e+00
7.148437500000000000e-01 7.012703945000000203e+03 2.379475053000000173e+00
7.167968750000001110e-01 6.963415433999999550e+03 2.392614709000000062e+00
7.187499999999998890e-01 6.914247368999999708e+03 2.405922866000000049e+00
7.207031249999998890e-01 6.865204893000000084e+03 2.419402605000000150e+00
7.226562500000000000e-01 6.816293104999999741e+03 2.433056978999999842e+00
7.246093750000000000e-01 6.767517232999999578e+03 2.446889081000000132e+00
7.265625000000000000e-01 6.718883002999999917e+03 2.460902177999999996e+00
7.285156250000000000e-01 6.670396193999999923e+03 2.475099549999999926e+00
7.304687500000000000e-01 6.622062544000000344e+03 2.489484449999999960e+00
7.324218750000000000e-01 6.573887953999999809e+03 2.504060207000000204e+00
7.343750000000001110e-01 6.525878883000000314e+03 2.518830420000000014e+00
7.363281250000001110e-01 6.478041849000000184e+03 2.533798709000000038e+00
7.382812499999998890e-01 6.430383315000000039e+03 2.548968668000000104e+00
7.402343750000000000e-01 6.382909942000000228e+03 2.564343983000000105e+00
7.421875000000000000e-01 6.335629028000000289e+03 2.579928653000000072e+00
7.441406250000000000e-01 6.288547929000000295e+03 2.595726701999999886e+00
7.460937500000000000e-01 6.241673941000000013e+03 2.611742122999999971e+00
7.480468750000000000e-01 6.195014583000000130e+03 2.627978966000000138e+00
7.500000000000000000e-01 6.148578099000000293e+03 2.644441500000000111e+00
7.519531250000001110e-01 6.102372806999999739e+03 2.661134005000000080e+00
7.539062500000001110e-01 6.056406958999999915e+03 2.678060728999999807e+00
7.558593749999998890e-01 6.010689033999999992e+03 2.695226014999999808e+00
7.578125000000000000e-01 5.965228347000000213e+03 2.712634589999999957e+00
7.597656250000000000e-01 5.920034317999999985e+03 2.730291219000000158e+00
7.617187500000000000e-01 5.875116291000000274e+03 2.748200633000000170e+00
7.636718750000000000e-01 5.830483825000000252e+03 2.766367631000000049e+00
7.656250000000000000e-01 5.786147444000000178e+03 2.784797371999999882e+00
7.675781250000000000e-01 5.742117825000000266e+03 2.803495064999999897e+00
7.695312500000000000e-01 5.698405563000000257e+03 2.822465874000000152e+00
7.714843750000001110e-01 5.655021432999999888e+03 2.841715005999999821e+00
7.734374999999998890e-01 5.611977315000000090e+03 2.861247979999999913e+00
7.753906249999998890e-01 5.569285326999999597e+03 2.881070373000000018e+00
7.773437500000000000e-01 5.526957497000000330e+03 2.901187719000000165e+00
7.792968750000000000e-01 5.485005978999999570e+03 2.921605609999999853e+00
7.812500000000000000e-01 5.443444153999999799e+03 2.942330206999999920e+00
7.832031250000000000e-01 5.402285786999999800e+03 2.963367847999999860e+00
7.851562500000000000e-01 5.361544536999999764e+03 2.984724823000000082e+00
7.871093750000000000e-01 5.321234126999999717e+03 3.006407406000000115e+00
7.890625000000001110e-01 5.281369604999999865e+03 3.028422088000000123e+00
7.910156249999998890e-01 5.241966631000000234e+03 3.050775448000000001e+00
7.929687499999998890e-01 5.203040756000000329e+03 3.073474013999999865e+00
7.949218750000000000e-01 5.164607514999999694e+03 3.096524303999999894e+00
7.968750000000000000e-01 5.126683758000000125e+03 3.119933322000000064e+00
7.988281250000000000e-01 5.089287263999999595e+03 3.143708412000000063e+00
8.007812500000000000e-01 5.052435701999999765e+03 3.167856872000000212e+00
8.027343750000000000e-01 5.016146660999999767e+03 3.192385960000000189e+00
8.046875000000000000e-01 4.980438995000000432e+03 3.217303267000000133e+00
8.066406250000001110e-01 4.945332969000000048e+03 3.242616764000000096e+00
8.085937500000001110e-01 4.910848783000000367e+03 3.268334385999999814e+00
8.105468749999998890e-01 4.877006494999999632e+03 3.294464005000000029e+00
8.125000000000000000e-01 4.843827105000000302e+03 3.321013527999999937e+00
8.144531250000000000e-01 4.811333391000000120e+03 3.347990951999999965e+00
8.164062500000000000e-01 4.779548170000000027e+03 3.375404236000000058e+00
8.183593750000000000e-01 4.748494087000000036e+03 3.403261278000000001e+00
8.203125000000000000e-01 4.718193642000000182e+03 3.431570279999999862e+00
8.222656250000000000e-01 4.688669216999999662e+03 3.460340527000000055e+00
8.242187500000000000e-01 4.659943044999999984e+03 3.489581460000000135e+00
8.261718750000001110e-01 4.632037194000000454e+03 3.519302447999999917e+00
8.281249999999998890e-01 4.604972757999999885e+03 3.549512818000000181e+00
8.300781250000000000e-01 4.578765693999999712e+03 3.580221973000000002e+00
8.320312500000000000e-01 4.553429960000000392e+03 3.611439301999999962e+00
8.339843750000000000e-01 4.528979406999999810e+03 3.643174124999999819e+00
8.359375000000000000e-01 4.505427321000000120e+03 3.675435798000000087e+00
8.378906250000000000e-01 4.482780394999999771e+03 3.708235006999999861e+00
8.398437500000000000e-01 4.461040503999999601e+03 3.741583390999999814e+00
8.417968750000000000e-01 4.440209396999999626e+03 3.775492530000000180e+00
8.437500000000001110e-01 4.420288690999999744e+03 3.809973933000000201e+00
8.457031249999998890e-01 4.401273940000000039e+03 3.845039669000000160e+00
8.476562499999998890e-01 4.383151877999999670e+03 3.880702664999999829e+00
8.496093750000000000e-01 4.365908626999999797e+03 3.916975826999999910e+00
8.515625000000000000e-01 4.349530394999999771e+03 3.953871974000000122e+00
8.535156250000000000e-01 4.334000079999999798e+03 3.991404449000000021e+00
8.554687500000000000e-01 4.319289649999999710e+03 4.029588505999999626e+00
8.574218750000000000e-01 4.305369036000000051e+03 4.068439695000000356e+00
8.593750000000000000e-01 4.292208367999999609e+03 4.107973459000000105e+00
8.613281250000001110e-01 4.279776891999999862e+03 4.148205428999999889e+00
8.632812500000001110e-01 4.268035087999999632e+03 4.189153604000000364e+00
8.652343749999998890e-01 4.256939269000000422e+03 4.230837080999999777e+00
8.671875000000000000e-01 4.246446009000000231e+03 4.273274831000000162e+00
8.691406250000000000e-01 4.236511937000000216e+03 4.316485761000000032e+00
8.710937500000000000e-01 4.227086546000000453e+03 4.360490648999999941e+00
8.730468750000000000e-01 4.218110950000000230e+03 4.405312485999999694e+00
8.750000000000000000e-01 4.209526160000000345e+03 4.450974239999999860e+00
8.769531250000000000e-01 4.201273575999999593e+03 4.497498721999999560e+00
8.789062500000000000e-01 4.193290947999999844e+03 4.544910184999999991e+00
8.808593750000001110e-01 4.185504100000000108e+03 4.593237586999999955e+00
8.828124999999998890e-01 4.177837003999999979e+03 4.642510617000000117e+00
8.847656250000000000e-01 4.170214135000000169e+03 4.692758762999999611e+00
8.867187500000000000e-01 4.162559197999999924e+03 4.744011973000000104e+00
8.886718750000000000e-01 4.154784259000000020e+03 4.796306268999999567e+00
8.906250000000000000e-01 4.146795210999999654e+03 4.849680926999999642e+00
8.925781250000000000e-01 4.138498493000000053e+03 4.904174997000000147e+00
8.945312500000000000e-01 4.129801016000000345e+03 4.959827338000000196e+00
8.964843750000000000e-01 4.120601499000000331e+03 5.016680739999999972e+00
8.984375000000001110e-01 4.110785630000000310e+03 5.074784228999999591e+00
9.003906249999998890e-01 4.100238658999999643e+03 5.134187072999999657e+00
9.023437499999998890e-01 4.088846583999999893e+03 5.194938214000000443e+00
9.042968750000000000e-01 4.076493179999999938e+03 5.257089393000000221e+00
9.062500000000000000e-01 4.063047899000000143e+03 5.320707866000000230e+00
9.082031250000000000e-01 4.048376263999999992e+03 5.385865474000000042e+00
9.101562500000000000e-01 4.032344668000000183e+03 5.452633591999999751e+00
9.121093750000000000e-01 4.014819491000000198e+03 5.521083696999999901e+00
9.140625000000000000e-01 3.995646635000000060e+03 5.591300576000000078e+00
9.160156250000001110e-01 3.974650990999999976e+03 5.663382673000000089e+00
9.179687500000001110e-01 3.951657561999999871e+03 5.737428452999999706e+00
9.199218749999998890e-01 3.926492472999999791e+03 5.813535739999999841e+00
9.218750000000000000e-01 3.898975792000000183e+03 5.891748054999999873e+00
9.238281250000000000e-01 3.868902876000000106e+03 5.971915060999999803e+00
9.257812500000000000e-01 3.836064558000000034e+03 6.053843742999999833e+00
9.277343750000000000e-01 3.800253001999999924e+03 6.137342301000000333e+00
9.296875000000000000e-01 3.761253283000000010e+03 6.222209052000000185e+00
9.316406250000000000e-01 3.718703441000000112e+03 6.308048022000000365e+00
9.335937500000000000e-01 3.672116908999999850e+03 6.394298494000000055e+00
9.355468750000001110e-01 3.621006088999999974e+03 6.480397872000000170e+00
9.374999999999998890e-01 3.564886442999999872e+03 6.565787094000000046e+00
9.394531250000000000e-01 3.503242476999999781e+03 6.649981582999999752e+00
9.414062500000000000e-01 3.435449622000000090e+03 6.732734333999999876e+00
9.433593750000000000e-01 3.360864044999999805e+03 6.813848257000000075e+00
9.453125000000000000e-01 3.278845932000000175e+03 6.893127489000000274e+00
9.472656250000000000e-01 3.188777905999999803e+03 6.970407781999999663e+00
9.492187500000000000e-01 3.090390340999999808e+03 7.046092359000000194e+00
9.511718750000000000e-01 2.983719473999999991e+03 7.121082962000000016e+00
9.531250000000001110e-01 2.868811846999999943e+03 7.196293089000000087e+00
9.550781249999998890e-01 2.745713741000000027e+03 7.272630624999999682e+00
9.570312499999998890e-01 2.614712531000000126e+03 7.350905347000000312e+00
9.589843750000000000e-01 2.477034173000000010e+03 7.431561525000000223e+00
9.609375000000000000e-01 2.334126134999999977e+03 7.514952918999999731e+00
9.628906250000000000e-01 2.187427083000000039e+03 7.601431123000000234e+00
9.648437500000000000e-01 2.038370971000000054e+03 7.691363317999999616e+00
9.667968750000000000e-01 1.888502011999999922e+03 7.785638977999999710e+00
9.687500000000000000e-01 1.739490788000000066e+03 7.885740618999999896e+00
9.707031250000001110e-01 1.593005184999999983e+03 7.993174437000000410e+00
9.726562500000001110e-01 1.450703027000000020e+03 8.109437523000000425e+00
9.746093749999998890e-01 1.314131566999999905e+03 8.235869903999999408e+00
9.765625000000000000e-01 1.184230277999999998e+03 8.372922725000000455e+00
9.785156250000000000e-01 1.061712528999999904e+03 8.520719952000000319e+00
9.804687500000000000e-01 9.472870559000000412e+02 8.679384264999999488e+00
9.824218750000000000e-01 8.416541932000000088e+02 8.849059969000000692e+00
9.843750000000000000e-01 7.450836819999999534e+02 9.032194805999999687e+00
9.863281250000000000e-01 6.570538605000000416e+02 9.235490013999999803e+00
9.882812500000001110e-01 5.769604991999999584e+02 9.466069806000000142e+00
9.902343750000001110e-01 5.042029244999999946e+02 9.731016118999999520e+00
9.921874999999998890e-01 4.382004059000000211e+02 1.003728021999999953e+01
9.941406250000000000e-01 3.785827461000000085e+02 1.039065289999999919e+01
9.960937500000000000e-01 3.251236569999999801e+02 1.079612466999999931e+01
9.980468750000000000e-01 2.776009240999999861e+02 1.125864164000000045e+01
1.000000000000000000e+00 2.357936192999999889e+02 1.178312075000000014e+01
