    0.74459865E+00
   -0.93429182E-02
    0.13104599E-02
  300
    0.16993579E+01   -0.93429182E-02
    0.16996274E+01    0.29841678E-02
    0.16997389E+01    0.15326839E-01
    0.16996880E+01    0.27685789E-01
    0.16994661E+01    0.40061023E-01
    0.16990631E+01    0.52451722E-01
    0.16984691E+01    0.64856274E-01
    0.16976750E+01    0.77272425E-01
    0.16966743E+01    0.89697592E-01
    0.16954638E+01    0.10212934E+00
    0.16940432E+01    0.11456561E+00
    0.16924135E+01    0.12700469E+00
    0.16905759E+01    0.13944504E+00
    0.16885314E+01    0.15188522E+00
    0.16862813E+01    0.16432403E+00
    0.16838275E+01    0.17676070E+00
    0.16811731E+01    0.18919499E+00
    0.16783210E+01    0.20162715E+00
    0.16752739E+01    0.21405755E+00
    0.16720331E+01    0.22648647E+00
    0.16685992E+01    0.23891404E+00
    0.16649720E+01    0.25134025E+00
    0.16611504E+01    0.26376483E+00
    0.16571322E+01    0.27618689E+00
    0.16529141E+01    0.28860493E+00
    0.16484926E+01    0.30101712E+00
    0.16438652E+01    0.31342219E+00
    0.16390332E+01    0.32582098E+00
    0.16340016E+01    0.33821740E+00
    0.16287780E+01    0.35061794E+00
    0.16233701E+01    0.36303039E+00
    0.16177837E+01    0.37546249E+00
    0.16120221E+01    0.38792145E+00
    0.16060868E+01    0.40041383E+00
    0.15999771E+01    0.41294526E+00
    0.15936899E+01    0.42551979E+00
    0.15872197E+01    0.43813978E+00
    0.15805593E+01    0.45080584E+00
    0.15736995E+01    0.46351642E+00
    0.15666295E+01    0.47626794E+00
    0.15593381E+01    0.48905519E+00
    0.15518136E+01    0.50187178E+00
    0.15440451E+01    0.51471097E+00
    0.15360236E+01    0.52756726E+00
    0.15277424E+01    0.54043781E+00
    0.15191984E+01    0.55332387E+00
    0.15103909E+01    0.56623138E+00
    0.15013199E+01    0.57916831E+00
    0.14919829E+01    0.59214067E+00
    0.14823745E+01    0.60515072E+00
    0.14724869E+01    0.61819794E+00
    0.14623118E+01    0.63128027E+00
    0.14518407E+01    0.64439572E+00
    0.14410665E+01    0.65754506E+00
    0.14299837E+01    0.67073323E+00
    0.14185872E+01    0.68396733E+00
    0.14068703E+01    0.69725359E+00
    0.13948258E+01    0.71059862E+00
    0.13824464E+01    0.72401166E+00
    0.13697244E+01    0.73750404E+00
    0.13566504E+01    0.75108603E+00
    0.13432126E+01    0.76476339E+00
    0.13293963E+01    0.77853564E+00
    0.13151865E+01    0.79240110E+00
    0.13005687E+01    0.80636254E+00
    0.12855283E+01    0.82042448E+00
    0.12700489E+01    0.83458694E+00
    0.12541133E+01    0.84884869E+00
    0.12377056E+01    0.86321929E+00
    0.12208103E+01    0.87772627E+00
    0.12034099E+01    0.89240329E+00
    0.11854819E+01    0.90727072E+00
    0.11670009E+01    0.92233534E+00
    0.11479398E+01    0.93760457E+00
    0.11282704E+01    0.95309721E+00
    0.11079616E+01    0.96885468E+00
    0.10869773E+01    0.98494037E+00
    0.10652747E+01    0.10014188E+01
    0.10428047E+01    0.10183469E+01
    0.10195140E+01    0.10357609E+01
    0.99534708E+00    0.10536711E+01
    0.97024731E+00    0.10720771E+01
    0.94415727E+00    0.10909694E+01
    0.91702400E+00    0.11103048E+01
    0.88880961E+00    0.11299700E+01
    0.85950909E+00    0.11497340E+01
    0.82917517E+00    0.11691996E+01
    0.79794594E+00    0.11877694E+01
    0.76606909E+00    0.12046433E+01
    0.73390953E+00    0.12188734E+01
    0.70193585E+00    0.12294640E+01
    0.67066524E+00    0.12355509E+01
    0.64057515E+00    0.12366044E+01
    0.61203351E+00    0.12325110E+01
    0.58526813E+00    0.12235339E+01
    0.56037124E+00    0.12102017E+01
    0.53733102E+00    0.11931734E+01
    0.51606858E+00    0.11731284E+01
    0.49646321E+00    0.11507101E+01
    0.47837765E+00    0.11264847E+01
    0.46167573E+00    0.11009245E+01
    0.44623043E+00    0.10744123E+01
    0.43192640E+00    0.10472533E+01
    0.41866048E+00    0.10196886E+01
    0.40634172E+00    0.99190634E+00
    0.39489059E+00    0.96405193E+00
    0.38423728E+00    0.93623736E+00
    0.37432007E+00    0.90854885E+00
    0.36508431E+00    0.88105217E+00
    0.35648211E+00    0.85379621E+00
    0.34847069E+00    0.82681745E+00
    0.34100941E+00    0.80014497E+00
    0.33405870E+00    0.77380249E+00
    0.32758081E+00    0.74780822E+00
    0.32154158E+00    0.72217397E+00
    0.31591153E+00    0.69690499E+00
    0.31066372E+00    0.67200293E+00
    0.30577013E+00    0.64746916E+00
    0.30120327E+00    0.62330344E+00
    0.29694050E+00    0.59950077E+00
    0.29296371E+00    0.57605242E+00
    0.28925624E+00    0.55294868E+00
    0.28580103E+00    0.53018025E+00
    0.28258131E+00    0.50773763E+00
    0.27958275E+00    0.48560984E+00
    0.27679369E+00    0.46378456E+00
    0.27420288E+00    0.44224960E+00
    0.27179569E+00    0.42099487E+00
    0.26955194E+00    0.40001286E+00
    0.26744991E+00    0.37929603E+00
    0.26547495E+00    0.35883287E+00
    0.26362572E+00    0.33860618E+00
    0.26190913E+00    0.31859660E+00
    0.26032888E+00    0.29878762E+00
    0.25888021E+00    0.27916688E+00
    0.25755333E+00    0.25972395E+00
    0.25633813E+00    0.24044840E+00
    0.25522624E+00    0.22132909E+00
    0.25421136E+00    0.20235427E+00
    0.25328882E+00    0.18351188E+00
    0.25245510E+00    0.16478974E+00
    0.25170798E+00    0.14617561E+00
    0.25104690E+00    0.12765726E+00
    0.25047309E+00    0.10922251E+00
    0.24998920E+00    0.90859467E-01
    0.24959733E+00    0.72556801E-01
    0.24929532E+00    0.54303898E-01
    0.24907618E+00    0.36090406E-01
    0.24893114E+00    0.17905590E-01
    0.24885236E+00   -0.26192847E-03
    0.24883518E+00   -0.18424088E-01
    0.24887971E+00   -0.36593048E-01
    0.24898913E+00   -0.54780820E-01
    0.24916771E+00   -0.72999136E-01
    0.24942059E+00   -0.91259400E-01
    0.24975403E+00   -0.10957261E+00
    0.25017401E+00   -0.12794945E+00
    0.25068257E+00   -0.14640099E+00
    0.25127671E+00   -0.16493931E+00
    0.25195187E+00   -0.18357739E+00
    0.25270487E+00   -0.20232869E+00
    0.25353634E+00   -0.22120649E+00
    0.25445224E+00   -0.24022304E+00
    0.25546241E+00   -0.25938956E+00
    0.25657804E+00   -0.27871652E+00
    0.25780882E+00   -0.29821457E+00
    0.25916031E+00   -0.31789570E+00
    0.26063569E+00   -0.33777306E+00
    0.26223819E+00   -0.35786035E+00
    0.26396827E+00   -0.37817315E+00
    0.26581838E+00   -0.39873168E+00
    0.26777906E+00   -0.41955904E+00
    0.26985439E+00   -0.44067371E+00
    0.27206842E+00   -0.46208446E+00
    0.27445316E+00   -0.48379451E+00
    0.27703314E+00   -0.50580967E+00
    0.27981689E+00   -0.52814460E+00
    0.28280489E+00   -0.55082002E+00
    0.28599972E+00   -0.57385716E+00
    0.28941158E+00   -0.59727368E+00
    0.29305780E+00   -0.62108304E+00
    0.29695787E+00   -0.64529738E+00
    0.30113161E+00   -0.66992871E+00
    0.30560072E+00   -0.69498774E+00
    0.31038983E+00   -0.72048263E+00
    0.31552296E+00   -0.74642188E+00
    0.32101787E+00   -0.77281999E+00
    0.32688935E+00   -0.79969544E+00
    0.33315899E+00   -0.82706147E+00
    0.33985712E+00   -0.85492265E+00
    0.34701398E+00   -0.88328314E+00
    0.35465519E+00   -0.91215223E+00
    0.36280641E+00   -0.94153975E+00
    0.37149612E+00   -0.97145276E+00
    0.38075537E+00   -0.10018953E+01
    0.39061787E+00   -0.10328678E+01
    0.40111999E+00   -0.10643662E+01
    0.41229850E+00   -0.10963847E+01
    0.42418966E+00   -0.11289174E+01
    0.43683078E+00   -0.11619553E+01
    0.45025557E+00   -0.11954946E+01
    0.46448092E+00   -0.12295628E+01
    0.47950667E+00   -0.12642281E+01
    0.49535850E+00   -0.12995205E+01
    0.51219512E+00   -0.13351836E+01
    0.53048561E+00   -0.13701771E+01
    0.55121056E+00   -0.14019416E+01
    0.57593851E+00   -0.14257230E+01
    0.60647487E+00   -0.14348512E+01
    0.64361330E+00   -0.14238710E+01
    0.68557889E+00   -0.13941043E+01
    0.72869526E+00   -0.13540703E+01
    0.77002951E+00   -0.13124955E+01
    0.80846522E+00   -0.12738501E+01
    0.84405717E+00   -0.12390451E+01
    0.87718989E+00   -0.12076796E+01
    0.90823501E+00   -0.11791781E+01
    0.93749986E+00   -0.11530143E+01
    0.96523262E+00   -0.11287248E+01
    0.99162698E+00   -0.11059399E+01
    0.10168301E+01   -0.10844182E+01
    0.10409627E+01   -0.10639627E+01
    0.10641260E+01   -0.10443795E+01
    0.10864022E+01   -0.10255161E+01
    0.11078580E+01   -0.10072678E+01
    0.11285509E+01   -0.98957937E+00
    0.11485331E+01   -0.97241590E+00
    0.11678509E+01   -0.95571262E+00
    0.11865411E+01   -0.93936962E+00
    0.12046331E+01   -0.92330295E+00
    0.12221524E+01   -0.90746503E+00
    0.12391234E+01   -0.89183349E+00
    0.12555713E+01   -0.87640785E+00
    0.12715219E+01   -0.86119336E+00
    0.12869962E+01   -0.84617422E+00
    0.13020082E+01   -0.83131181E+00
    0.13165670E+01   -0.81656408E+00
    0.13306857E+01   -0.80191812E+00
    0.13443824E+01   -0.78738462E+00
    0.13576736E+01   -0.77296663E+00
    0.13705712E+01   -0.75865440E+00
    0.13830841E+01   -0.74443374E+00
    0.13952208E+01   -0.73029395E+00
    0.14069922E+01   -0.71623246E+00
    0.14184089E+01   -0.70224853E+00
    0.14294782E+01   -0.68833403E+00
    0.14402048E+01   -0.67447873E+00
    0.14505959E+01   -0.66067930E+00
    0.14606616E+01   -0.64693875E+00
    0.14704132E+01   -0.63326277E+00
    0.14798636E+01   -0.61965828E+00
    0.14890255E+01   -0.60613152E+00
    0.14979103E+01   -0.59268544E+00
    0.15065264E+01   -0.57931858E+00
    0.15148795E+01   -0.56602567E+00
    0.15229724E+01   -0.55279901E+00
    0.15308081E+01   -0.53963189E+00
    0.15383919E+01   -0.52652219E+00
    0.15457329E+01   -0.51347206E+00
    0.15528422E+01   -0.50048586E+00
    0.15597325E+01   -0.48756887E+00
    0.15664169E+01   -0.47472583E+00
    0.15729074E+01   -0.46195943E+00
    0.15792143E+01   -0.44926994E+00
    0.15853459E+01   -0.43665556E+00
    0.15913083E+01   -0.42411226E+00
    0.15971044E+01   -0.41163375E+00
    0.16027351E+01   -0.39921255E+00
    0.16081996E+01   -0.38684079E+00
    0.16134955E+01   -0.37451015E+00
    0.16186189E+01   -0.36221233E+00
    0.16235658E+01   -0.34994016E+00
    0.16283352E+01   -0.33768929E+00
    0.16329315E+01   -0.32545907E+00
    0.16373628E+01   -0.31325116E+00
    0.16416388E+01   -0.30106741E+00
    0.16457686E+01   -0.28890865E+00
    0.16497595E+01   -0.27677426E+00
    0.16536170E+01   -0.26466242E+00
    0.16573454E+01   -0.25257045E+00
    0.16609456E+01   -0.24049420E+00
    0.16644116E+01   -0.22842687E+00
    0.16677294E+01   -0.21635964E+00
    0.16708824E+01   -0.20428430E+00
    0.16738611E+01   -0.19219665E+00
    0.16766692E+01   -0.18009753E+00
    0.16793212E+01   -0.16799050E+00
    0.16818353E+01   -0.15587884E+00
    0.16842251E+01   -0.14376330E+00
    0.16864932E+01   -0.13164111E+00
    0.16886277E+01   -0.11950666E+00
    0.16906077E+01   -0.10735384E+00
    0.16924095E+01   -0.95178074E-01
    0.16940120E+01   -0.82977144E-01
    0.16954022E+01   -0.70751487E-01
    0.16965791E+01   -0.58503618E-01
    0.16975509E+01   -0.46236719E-01
    0.16983297E+01   -0.33953416E-01
    0.16989282E+01   -0.21655309E-01
    0.16993579E+01   -0.93429182E-02
  221    4
    2    0
    0.00000000E+00
    0.45454545E-02
    0.90909091E-02
    0.13636364E-01
    0.18181818E-01
    0.22727273E-01
    0.27272727E-01
    0.31818182E-01
    0.36363636E-01
    0.40909091E-01
    0.45454545E-01
    0.50000000E-01
    0.54545455E-01
    0.59090909E-01
    0.63636364E-01
    0.68181818E-01
    0.72727273E-01
    0.77272727E-01
    0.81818182E-01
    0.86363636E-01
    0.90909091E-01
    0.95454545E-01
    0.10000000E+00
    0.10454545E+00
    0.10909091E+00
    0.11363636E+00
    0.11818182E+00
    0.12272727E+00
    0.12727273E+00
    0.13181818E+00
    0.13636364E+00
    0.14090909E+00
    0.14545455E+00
    0.15000000E+00
    0.15454545E+00
    0.15909091E+00
    0.16363636E+00
    0.16818182E+00
    0.17272727E+00
    0.17727273E+00
    0.18181818E+00
    0.18636364E+00
    0.19090909E+00
    0.19545455E+00
    0.20000000E+00
    0.20454545E+00
    0.20909091E+00
    0.21363636E+00
    0.21818182E+00
    0.22272727E+00
    0.22727273E+00
    0.23181818E+00
    0.23636364E+00
    0.24090909E+00
    0.24545455E+00
    0.25000000E+00
    0.25454545E+00
    0.25909091E+00
    0.26363636E+00
    0.26818182E+00
    0.27272727E+00
    0.27727273E+00
    0.28181818E+00
    0.28636364E+00
    0.29090909E+00
    0.29545455E+00
    0.30000000E+00
    0.30454545E+00
    0.30909091E+00
    0.31363636E+00
    0.31818182E+00
    0.32272727E+00
    0.32727273E+00
    0.33181818E+00
    0.33636364E+00
    0.34090909E+00
    0.34545455E+00
    0.35000000E+00
    0.35454545E+00
    0.35909091E+00
    0.36363636E+00
    0.36818182E+00
    0.37272727E+00
    0.37727273E+00
    0.38181818E+00
    0.38636364E+00
    0.39090909E+00
    0.39545455E+00
    0.40000000E+00
    0.40454545E+00
    0.40909091E+00
    0.41363636E+00
    0.41818182E+00
    0.42272727E+00
    0.42727273E+00
    0.43181818E+00
    0.43636364E+00
    0.44090909E+00
    0.44545455E+00
    0.45000000E+00
    0.45454545E+00
    0.45909091E+00
    0.46363636E+00
    0.46818182E+00
    0.47272727E+00
    0.47727273E+00
    0.48181818E+00
    0.48636364E+00
    0.49090909E+00
    0.49545455E+00
    0.50000000E+00
    0.50454545E+00
    0.50909091E+00
    0.51363636E+00
    0.51818182E+00
    0.52272727E+00
    0.52727273E+00
    0.53181818E+00
    0.53636364E+00
    0.54090909E+00
    0.54545455E+00
    0.55000000E+00
    0.55454545E+00
    0.55909091E+00
    0.56363636E+00
    0.56818182E+00
    0.57272727E+00
    0.57727273E+00
    0.58181818E+00
    0.58636364E+00
    0.59090909E+00
    0.59545455E+00
    0.60000000E+00
    0.60454545E+00
    0.60909091E+00
    0.61363636E+00
    0.61818182E+00
    0.62272727E+00
    0.62727273E+00
    0.63181818E+00
    0.63636364E+00
    0.64090909E+00
    0.64545455E+00
    0.65000000E+00
    0.65454545E+00
    0.65909091E+00
    0.66363636E+00
    0.66818182E+00
    0.67272727E+00
    0.67727273E+00
    0.68181818E+00
    0.68636364E+00
    0.69090909E+00
    0.69545455E+00
    0.70000000E+00
    0.70454545E+00
    0.70909091E+00
    0.71363636E+00
    0.71818182E+00
    0.72272727E+00
    0.72727273E+00
    0.73181818E+00
    0.73636364E+00
    0.74090909E+00
    0.74545455E+00
    0.75000000E+00
    0.75454545E+00
    0.75909091E+00
    0.76363636E+00
    0.76818182E+00
    0.77272727E+00
    0.77727273E+00
    0.78181818E+00
    0.78636364E+00
    0.79090909E+00
    0.79545455E+00
    0.80000000E+00
    0.80454545E+00
    0.80909091E+00
    0.81363636E+00
    0.81818182E+00
    0.82272727E+00
    0.82727273E+00
    0.83181818E+00
    0.83636364E+00
    0.84090909E+00
    0.84545455E+00
    0.85000000E+00
    0.85454545E+00
    0.85909091E+00
    0.86363636E+00
    0.86818182E+00
    0.87272727E+00
    0.87727273E+00
    0.88181818E+00
    0.88636364E+00
    0.89090909E+00
    0.89545455E+00
    0.90000000E+00
    0.90454545E+00
    0.90909091E+00
    0.91363636E+00
    0.91818182E+00
    0.92272727E+00
    0.92727273E+00
    0.93181818E+00
    0.93636364E+00
    0.94090909E+00
    0.94545455E+00
    0.95000000E+00
    0.95454545E+00
    0.95909091E+00
    0.96363636E+00
    0.96818182E+00
    0.97272727E+00
    0.97727273E+00
    0.98181818E+00
    0.98636364E+00
    0.99090909E+00
    0.99545455E+00
    0.10000000E+01
   -0.76161251E+00
   -0.75970422E+00
   -0.75779585E+00
   -0.75588731E+00
   -0.75397852E+00
   -0.75206940E+00
   -0.75015988E+00
   -0.74824986E+00
   -0.74633929E+00
   -0.74442810E+00
   -0.74251623E+00
   -0.74060363E+00
   -0.73869026E+00
   -0.73677608E+00
   -0.73486105E+00
   -0.73294519E+00
   -0.73102819E+00
   -0.72911108E+00
   -0.72718969E+00
   -0.72527986E+00
   -0.71966980E+00
   -0.71105561E+00
   -0.70242643E+00
   -0.69379406E+00
   -0.68515477E+00
   -0.67650944E+00
   -0.66785675E+00
   -0.65919962E+00
   -0.64998737E+00
   -0.64021174E+00
   -0.63042480E+00
   -0.62062986E+00
   -0.61082561E+00
   -0.60101242E+00
   -0.59111502E+00
   -0.58104522E+00
   -0.57096408E+00
   -0.56087284E+00
   -0.55077119E+00
   -0.54068139E+00
   -0.53078082E+00
   -0.52087109E+00
   -0.51095022E+00
   -0.50101620E+00
   -0.49132412E+00
   -0.48186116E+00
   -0.47238921E+00
   -0.46290381E+00
   -0.45364295E+00
   -0.44478591E+00
   -0.43592308E+00
   -0.42704387E+00
   -0.41855966E+00
   -0.41040193E+00
   -0.40223912E+00
   -0.39405445E+00
   -0.38664709E+00
   -0.37924233E+00
   -0.37181814E+00
   -0.36491184E+00
   -0.35827427E+00
   -0.35162502E+00
   -0.34536307E+00
   -0.33949061E+00
   -0.33360971E+00
   -0.32810445E+00
   -0.32298112E+00
   -0.31784839E+00
   -0.31317650E+00
   -0.30877703E+00
   -0.30436312E+00
   -0.30056945E+00
   -0.29685980E+00
   -0.29329501E+00
   -0.29023677E+00
   -0.28717533E+00
   -0.28453513E+00
   -0.28209543E+00
   -0.27977217E+00
   -0.27790848E+00
   -0.27604193E+00
   -0.27461996E+00
   -0.27329787E+00
   -0.27222163E+00
   -0.27140279E+00
   -0.27069121E+00
   -0.27033958E+00
   -0.27000201E+00
   -0.27008281E+00
   -0.27016599E+00
   -0.27060440E+00
   -0.27109073E+00
   -0.27186925E+00
   -0.27272801E+00
   -0.27384042E+00
   -0.27504397E+00
   -0.27648062E+00
   -0.27800344E+00
   -0.27975209E+00
   -0.28157040E+00
   -0.28361698E+00
   -0.28570901E+00
   -0.28803774E+00
   -0.29040705E+00
   -0.29297979E+00
   -0.29561909E+00
   -0.29840950E+00
   -0.30130164E+00
   -0.30429489E+00
   -0.30742378E+00
   -0.31060664E+00
   -0.31395390E+00
   -0.31735529E+00
   -0.32086626E+00
   -0.32447098E+00
   -0.32813656E+00
   -0.33192750E+00
   -0.33577294E+00
   -0.33970362E+00
   -0.34372048E+00
   -0.34779072E+00
   -0.35195248E+00
   -0.35617765E+00
   -0.36045509E+00
   -0.36481872E+00
   -0.36923382E+00
   -0.37370055E+00
   -0.37824038E+00
   -0.38282755E+00
   -0.38746204E+00
   -0.39215822E+00
   -0.39689840E+00
   -0.40168123E+00
   -0.40651299E+00
   -0.41138614E+00
   -0.41629644E+00
   -0.42124529E+00
   -0.42622864E+00
   -0.43124301E+00
   -0.43628759E+00
   -0.44135702E+00
   -0.44644770E+00
   -0.45155888E+00
   -0.45668893E+00
   -0.46182551E+00
   -0.46696628E+00
   -0.47211223E+00
   -0.47725718E+00
   -0.48239986E+00
   -0.48748587E+00
   -0.49266022E+00
   -0.49372170E+00
   -0.48373743E+00
   -0.43748352E+00
   -0.40880288E+00
   -0.41607618E+00
   -0.44045491E+00
   -0.46319297E+00
   -0.48483707E+00
   -0.50554593E+00
   -0.52481172E+00
   -0.54266890E+00
   -0.55920112E+00
   -0.57447798E+00
   -0.58853082E+00
   -0.60157194E+00
   -0.61309425E+00
   -0.62300166E+00
   -0.63147727E+00
   -0.63883945E+00
   -0.63605481E+00
   -0.61522781E+00
   -0.58592301E+00
   -0.57191943E+00
   -0.57228846E+00
   -0.57283618E+00
   -0.57296709E+00
   -0.57283336E+00
   -0.57237113E+00
   -0.57156164E+00
   -0.57036684E+00
   -0.56874601E+00
   -0.56665021E+00
   -0.56402254E+00
   -0.56079671E+00
   -0.55689582E+00
   -0.55223078E+00
   -0.54669858E+00
   -0.54018028E+00
   -0.53253861E+00
   -0.52361523E+00
   -0.51322762E+00
   -0.50116534E+00
   -0.48718585E+00
   -0.47100951E+00
   -0.45231386E+00
   -0.43072706E+00
   -0.40581991E+00
   -0.37709754E+00
   -0.34400815E+00
   -0.30628681E+00
   -0.26473588E+00
   -0.22144627E+00
   -0.17913890E+00
   -0.14121983E+00
   -0.11077117E+00
   -0.90988069E-01
   -0.85463065E-01
   -0.98153107E-01
   -0.13346403E+00
   -0.19637911E+00
   -0.29324745E+00
   -0.43527810E+00
   -0.65242820E+00
   -0.10020087E+01
   -0.14208184E+01
   -0.16754964E+01
   -0.15521323E+01
   -0.11624342E+01
   -0.73359456E+00
   -0.49415931E+00
    0.20283845E+01
    0.20281025E+01
    0.20277540E+01
    0.20273305E+01
    0.20268238E+01
    0.20262375E+01
    0.20255702E+01
    0.20248228E+01
    0.20239959E+01
    0.20230894E+01
    0.20221041E+01
    0.20210407E+01
    0.20199004E+01
    0.20186838E+01
    0.20173923E+01
    0.20160268E+01
    0.20145887E+01
    0.20130797E+01
    0.20115010E+01
    0.20098546E+01
    0.20080150E+01
    0.20060135E+01
    0.20039557E+01
    0.20018434E+01
    0.19996781E+01
    0.19974612E+01
    0.19951938E+01
    0.19928783E+01
    0.19904745E+01
    0.19879845E+01
    0.19854517E+01
    0.19828786E+01
    0.19802672E+01
    0.19776195E+01
    0.19749227E+01
    0.19721613E+01
    0.19693691E+01
    0.19665483E+01
    0.19637005E+01
    0.19608242E+01
    0.19578953E+01
    0.19549441E+01
    0.19519724E+01
    0.19489817E+01
    0.19459602E+01
    0.19429098E+01
    0.19398441E+01
    0.19367646E+01
    0.19336638E+01
    0.19305358E+01
    0.19273968E+01
    0.19242480E+01
    0.19210767E+01
    0.19178859E+01
    0.19146871E+01
    0.19114810E+01
    0.19082426E+01
    0.19049971E+01
    0.19017455E+01
    0.18984698E+01
    0.18951788E+01
    0.18918818E+01
    0.18885643E+01
    0.18852261E+01
    0.18818817E+01
    0.18785154E+01
    0.18751268E+01
    0.18717313E+01
    0.18683076E+01
    0.18648639E+01
    0.18614118E+01
    0.18579205E+01
    0.18544149E+01
    0.18508910E+01
    0.18473288E+01
    0.18437548E+01
    0.18401435E+01
    0.18365069E+01
    0.18328482E+01
    0.18291448E+01
    0.18254253E+01
    0.18216573E+01
    0.18178640E+01
    0.18140330E+01
    0.18101625E+01
    0.18062618E+01
    0.18023089E+01
    0.17983319E+01
    0.17942916E+01
    0.17902260E+01
    0.17860984E+01
    0.17819388E+01
    0.17777189E+01
    0.17734607E+01
    0.17691419E+01
    0.17647806E+01
    0.17603564E+01
    0.17558872E+01
    0.17513510E+01
    0.17467690E+01
    0.17421148E+01
    0.17374155E+01
    0.17326363E+01
    0.17278095E+01
    0.17229033E+01
    0.17179413E+01
    0.17129056E+01
    0.17078032E+01
    0.17026331E+01
    0.16973844E+01
    0.16920751E+01
    0.16866707E+01
    0.16812011E+01
    0.16756498E+01
    0.16700179E+01
    0.16643142E+01
    0.16585101E+01
    0.16526306E+01
    0.16466633E+01
    0.16406033E+01
    0.16344619E+01
    0.16282170E+01
    0.16218817E+01
    0.16154598E+01
    0.16089218E+01
    0.16022914E+01
    0.15955673E+01
    0.15887211E+01
    0.15817756E+01
    0.15747299E+01
    0.15675548E+01
    0.15602716E+01
    0.15528791E+01
    0.15453561E+01
    0.15377113E+01
    0.15299466E+01
    0.15220537E+01
    0.15140189E+01
    0.15058542E+01
    0.14975568E+01
    0.14891091E+01
    0.14805129E+01
    0.14717716E+01
    0.14628815E+01
    0.14538240E+01
    0.14446017E+01
    0.14352161E+01
    0.14256626E+01
    0.14159298E+01
    0.14060055E+01
    0.13958926E+01
    0.13857346E+01
    0.13757729E+01
    0.13668955E+01
    0.13571798E+01
    0.13459638E+01
    0.13339077E+01
    0.13216742E+01
    0.13092360E+01
    0.12965613E+01
    0.12836737E+01
    0.12705655E+01
    0.12572241E+01
    0.12436367E+01
    0.12297937E+01
    0.12156864E+01
    0.12013204E+01
    0.11867155E+01
    0.11718660E+01
    0.11567591E+01
    0.11417124E+01
    0.11269939E+01
    0.11122522E+01
    0.10966546E+01
    0.10802435E+01
    0.10635084E+01
    0.10464602E+01
    0.10290948E+01
    0.10114098E+01
    0.99340067E+00
    0.97506448E+00
    0.95639898E+00
    0.93740358E+00
    0.91807937E+00
    0.89842973E+00
    0.87846143E+00
    0.85818529E+00
    0.83761697E+00
    0.81677871E+00
    0.79570122E+00
    0.77442467E+00
    0.75300181E+00
    0.73150136E+00
    0.71001020E+00
    0.68863877E+00
    0.66752666E+00
    0.64684723E+00
    0.62681765E+00
    0.60770597E+00
    0.58984444E+00
    0.57364260E+00
    0.55962006E+00
    0.54829582E+00
    0.54007228E+00
    0.53535108E+00
    0.53416440E+00
    0.53639049E+00
    0.54172905E+00
    0.54964566E+00
    0.55916393E+00
    0.56941713E+00
    0.57990548E+00
    0.62865610E+00
    0.81202840E+00
    0.10723431E+01
    0.12393578E+01
    0.11852122E+01
    0.10055142E+01
    0.57412106E+00
    0.33535845E+00
    0.15076927E+00

    2.54289210E-01 abs(PSI-AXIS) --> [T M**2]    -8.73624636E-02
    1.11311167E+00 R OF MAGAXE --> [M]       9.46144922E-01
   -9.37245861E-03 Z OF MAGAXE --> [M]      -7.96658982E-03
   -9.34291817E-03 Z0 --> [M]      -7.94148044E-03
    8.50000000E-01 R0 [M] USED FOR CONVERTING TO MKSA
    4.75509380E-01 B0 [T] USED FOR CONVERTING TO MKSA
   -1.00000000E+00 SIGN OF B0 IN EXPERIMENT (CHEASE ASSUMES 1.0) 
    2.94154944E+00 TOTAL CURRENT --> [A]     9.46115815E+05
    1.00000000E+00 SIGN OF IP IN EXPERIMENT (CHEASE ASSUMES 1.0) 
    1.84138006E+00 b/a
    1.00000000E+00 Q_ZERO, USING SIGNS OF IP AND B0, WOULD GIVE:    -1.00000000E+00
    1.17831208E+01 Q_EDGE, USING SIGNS OF IP AND B0, WOULD GIVE:    -1.17831208E+01
    4.07848302E-01 POLOIDAL BETA
    1.08712486E-01 BETA_EXP=<P>*2*MU0/B0**2
    5.50857952E-01 LI
    1.18871141E-01 PRESSURE ON AXIS --> [Pa]     2.13887174E+04  --> [10**19 M**-3 KEV]:     1.33512593E+01
    6.36018965E-02 BETA
    7.39227196E-02 BETA* (SQRT(<P**2>))
    2.08181719E-01 BETA-AXIS=2p0/(T0/Rmag)^2;      with Rmag->Rgeo(LCFS):    1.59492117E-01
   -2.54289210E-01 PSI-AXIS --> [T M**2]    -8.73624636E-02
   -1.59774623E+00 2*PI*PSI-AXIS -->        -5.48914547E-01
   -2.54289210E-01 IP_SIGN*PSI-AXIS --> [T M**2]    -8.73624636E-02
   -1.59774623E+00 IP_SIGN*2*PI*PSI-AXIS -->        -5.48914547E-01
    1.34300372E+00 ASPECT RATIO ; a/R=     7.44599575E-01
    1.50103040E+01 VOLUME ->     9.21820291E+00
    2.69239866E+00 AREA   ->     1.94525803E+00
    3.51378039E+01 SURFACE   ->     2.53870633E+01
    6.47792121E+00 LENGTH ->     5.50623303E+00
    2.48835179E-01 RMIN -> RMIN [m]     2.11509902E-01
    1.69973888E+00 RMAX -> RMAX [m]     1.44477805E+00
   -1.43485118E+00 ZMIN -> ZMIN [m]    -1.21962350E+00
    1.23660435E+00 ZMAX -> ZMAX [m]     1.05111370E+00
    9.74287031E-01 RGEOM -> RGEOM [m]     8.28143976E-01
    7.25451852E-01 MINOR RADIUS -> A [m]     6.16634074E-01
