  221   rhopsi, Te, ne, Zeff, Ti, ni profiles
    0.00000000E+00
    4.54545455E-03
    9.09090909E-03
    1.36363636E-02
    1.81818182E-02
    2.27272727E-02
    2.72727273E-02
    3.18181818E-02
    3.63636364E-02
    4.09090909E-02
    4.54545455E-02
    5.00000000E-02
    5.45454545E-02
    5.90909091E-02
    6.36363636E-02
    6.81818182E-02
    7.27272727E-02
    7.72727273E-02
    8.18181818E-02
    8.63636364E-02
    9.09090909E-02
    9.54545455E-02
    1.00000000E-01
    1.04545455E-01
    1.09090909E-01
    1.13636364E-01
    1.18181818E-01
    1.22727273E-01
    1.27272727E-01
    1.31818182E-01
    1.36363636E-01
    1.40909091E-01
    1.45454545E-01
    1.50000000E-01
    1.54545455E-01
    1.59090909E-01
    1.63636364E-01
    1.68181818E-01
    1.72727273E-01
    1.77272727E-01
    1.81818182E-01
    1.86363636E-01
    1.90909091E-01
    1.95454545E-01
    2.00000000E-01
    2.04545455E-01
    2.09090909E-01
    2.13636364E-01
    2.18181818E-01
    2.22727273E-01
    2.27272727E-01
    2.31818182E-01
    2.36363636E-01
    2.40909091E-01
    2.45454545E-01
    2.50000000E-01
    2.54545455E-01
    2.59090909E-01
    2.63636364E-01
    2.68181818E-01
    2.72727273E-01
    2.77272727E-01
    2.81818182E-01
    2.86363636E-01
    2.90909091E-01
    2.95454545E-01
    3.00000000E-01
    3.04545455E-01
    3.09090909E-01
    3.13636364E-01
    3.18181818E-01
    3.22727273E-01
    3.27272727E-01
    3.31818182E-01
    3.36363636E-01
    3.40909091E-01
    3.45454545E-01
    3.50000000E-01
    3.54545455E-01
    3.59090909E-01
    3.63636364E-01
    3.68181818E-01
    3.72727273E-01
    3.77272727E-01
    3.81818182E-01
    3.86363636E-01
    3.90909091E-01
    3.95454545E-01
    4.00000000E-01
    4.04545455E-01
    4.09090909E-01
    4.13636364E-01
    4.18181818E-01
    4.22727273E-01
    4.27272727E-01
    4.31818182E-01
    4.36363636E-01
    4.40909091E-01
    4.45454545E-01
    4.50000000E-01
    4.54545455E-01
    4.59090909E-01
    4.63636364E-01
    4.68181818E-01
    4.72727273E-01
    4.77272727E-01
    4.81818182E-01
    4.86363636E-01
    4.90909091E-01
    4.95454545E-01
    5.00000000E-01
    5.04545455E-01
    5.09090909E-01
    5.13636364E-01
    5.18181818E-01
    5.22727273E-01
    5.27272727E-01
    5.31818182E-01
    5.36363636E-01
    5.40909091E-01
    5.45454545E-01
    5.50000000E-01
    5.54545455E-01
    5.59090909E-01
    5.63636364E-01
    5.68181818E-01
    5.72727273E-01
    5.77272727E-01
    5.81818182E-01
    5.86363636E-01
    5.90909091E-01
    5.95454545E-01
    6.00000000E-01
    6.04545455E-01
    6.09090909E-01
    6.13636364E-01
    6.18181818E-01
    6.22727273E-01
    6.27272727E-01
    6.31818182E-01
    6.36363636E-01
    6.40909091E-01
    6.45454545E-01
    6.50000000E-01
    6.54545455E-01
    6.59090909E-01
    6.63636364E-01
    6.68181818E-01
    6.72727273E-01
    6.77272727E-01
    6.81818182E-01
    6.86363636E-01
    6.90909091E-01
    6.95454545E-01
    7.00000000E-01
    7.04545455E-01
    7.09090909E-01
    7.13636364E-01
    7.18181818E-01
    7.22727273E-01
    7.27272727E-01
    7.31818182E-01
    7.36363636E-01
    7.40909091E-01
    7.45454545E-01
    7.50000000E-01
    7.54545455E-01
    7.59090909E-01
    7.63636364E-01
    7.68181818E-01
    7.72727273E-01
    7.77272727E-01
    7.81818182E-01
    7.86363636E-01
    7.90909091E-01
    7.95454545E-01
    8.00000000E-01
    8.04545455E-01
    8.09090909E-01
    8.13636364E-01
    8.18181818E-01
    8.22727273E-01
    8.27272727E-01
    8.31818182E-01
    8.36363636E-01
    8.40909091E-01
    8.45454545E-01
    8.50000000E-01
    8.54545455E-01
    8.59090909E-01
    8.63636364E-01
    8.68181818E-01
    8.72727273E-01
    8.77272727E-01
    8.81818182E-01
    8.86363636E-01
    8.90909091E-01
    8.95454545E-01
    9.00000000E-01
    9.04545455E-01
    9.09090909E-01
    9.13636364E-01
    9.18181818E-01
    9.22727273E-01
    9.27272727E-01
    9.31818182E-01
    9.36363636E-01
    9.40909091E-01
    9.45454545E-01
    9.50000000E-01
    9.54545455E-01
    9.59090909E-01
    9.63636364E-01
    9.68181818E-01
    9.72727273E-01
    9.77272727E-01
    9.81818182E-01
    9.86363636E-01
    9.90909091E-01
    9.95454545E-01
    1.00000000E+00
    2.58372399E+03
    2.58370242E+03
    2.58363793E+03
    2.58353070E+03
    2.58338092E+03
    2.58318881E+03
    2.58295453E+03
    2.58267828E+03
    2.58236022E+03
    2.58200054E+03
    2.58159940E+03
    2.58115694E+03
    2.58067334E+03
    2.58014873E+03
    2.57958326E+03
    2.57897707E+03
    2.57833029E+03
    2.57764303E+03
    2.57691548E+03
    2.57614751E+03
    2.57534126E+03
    2.57450148E+03
    2.57363066E+03
    2.57272946E+03
    2.57179887E+03
    2.57083976E+03
    2.56985307E+03
    2.56883965E+03
    2.56780083E+03
    2.56673860E+03
    2.56565444E+03
    2.56454936E+03
    2.56342445E+03
    2.56228078E+03
    2.56111949E+03
    2.55994195E+03
    2.55874945E+03
    2.55754312E+03
    2.55632409E+03
    2.55509354E+03
    2.55385232E+03
    2.55260133E+03
    2.55134175E+03
    2.55007476E+03
    2.54880124E+03
    2.54752161E+03
    2.54623668E+03
    2.54494765E+03
    2.54365539E+03
    2.54235997E+03
    2.54106182E+03
    2.53976220E+03
    2.53846156E+03
    2.53715966E+03
    2.53585697E+03
    2.53455477E+03
    2.53325264E+03
    2.53194996E+03
    2.53064801E+03
    2.52934673E+03
    2.52804536E+03
    2.52674445E+03
    2.52544416E+03
    2.52414360E+03
    2.52284286E+03
    2.52154209E+03
    2.52024021E+03
    2.51893725E+03
    2.51763300E+03
    2.51632623E+03
    2.51501723E+03
    2.51370514E+03
    2.51238868E+03
    2.51106814E+03
    2.50974222E+03
    2.50841018E+03
    2.50707155E+03
    2.50572490E+03
    2.50437003E+03
    2.50300560E+03
    2.50163075E+03
    2.50024461E+03
    2.49884578E+03
    2.49743368E+03
    2.49600688E+03
    2.49456462E+03
    2.49310553E+03
    2.49162866E+03
    2.49013271E+03
    2.48861640E+03
    2.48707865E+03
    2.48551808E+03
    2.48393357E+03
    2.48232376E+03
    2.48068742E+03
    2.47902321E+03
    2.47732984E+03
    2.47560594E+03
    2.47385016E+03
    2.47206116E+03
    2.47023750E+03
    2.46837783E+03
    2.46648071E+03
    2.46454463E+03
    2.46256824E+03
    2.46054993E+03
    2.45848837E+03
    2.45638192E+03
    2.45422921E+03
    2.45202857E+03
    2.44977857E+03
    2.44747756E+03
    2.44512383E+03
    2.44271594E+03
    2.44025208E+03
    2.43773075E+03
    2.43515016E+03
    2.43250851E+03
    2.42980420E+03
    2.42703533E+03
    2.42420016E+03
    2.42129684E+03
    2.41832340E+03
    2.41527804E+03
    2.41215876E+03
    2.40896350E+03
    2.40569032E+03
    2.40233710E+03
    2.39890165E+03
    2.39538189E+03
    2.39177555E+03
    2.38808031E+03
    2.38429389E+03
    2.38041389E+03
    2.37643782E+03
    2.37236318E+03
    2.36818741E+03
    2.36390785E+03
    2.35952178E+03
    2.35502641E+03
    2.35041890E+03
    2.34569631E+03
    2.34085565E+03
    2.33589379E+03
    2.33080758E+03
    2.32559384E+03
    2.32024921E+03
    2.31477035E+03
    2.30915340E+03
    2.30339617E+03
    2.29749067E+03
    2.29145985E+03
    2.28536704E+03
    2.27955520E+03
    2.27419532E+03
    2.26889231E+03
    2.26328177E+03
    2.25726846E+03
    2.25086981E+03
    2.24408183E+03
    2.23690792E+03
    2.22935416E+03
    2.22142565E+03
    2.21312646E+03
    2.20446042E+03
    2.19542887E+03
    2.18603578E+03
    2.17629059E+03
    2.16620472E+03
    2.15577655E+03
    2.14507542E+03
    2.13434727E+03
    2.12386178E+03
    2.11356608E+03
    2.10316012E+03
    2.09251279E+03
    2.08163274E+03
    2.07051342E+03
    2.05915163E+03
    2.04754390E+03
    2.03568744E+03
    2.02358022E+03
    2.01122121E+03
    1.99861070E+03
    1.98575066E+03
    1.97264521E+03
    1.95930116E+03
    1.94572871E+03
    1.93194223E+03
    1.91796128E+03
    1.90381185E+03
    1.88952774E+03
    1.87515239E+03
    1.86074090E+03
    1.84636254E+03
    1.83210364E+03
    1.81807091E+03
    1.80439527E+03
    1.79123598E+03
    1.77878518E+03
    1.76726693E+03
    1.75691275E+03
    1.74791016E+03
    1.74035776E+03
    1.73422774E+03
    1.72934939E+03
    1.72541092E+03
    1.72194467E+03
    1.71830895E+03
    1.71366444E+03
    1.70693277E+03
    1.69671721E+03
    1.68107364E+03
    1.65686229E+03
    1.61750049E+03
    1.55267580E+03
    1.45355177E+03
    1.32105659E+03
    1.16697651E+03
    1.00716345E+03
    8.44331015E+02
    2.58372399E+19
    2.58365863E+19
    2.58346320E+19
    2.58313830E+19
    2.58268454E+19
    2.58210257E+19
    2.58139300E+19
    2.58055647E+19
    2.57959358E+19
    2.57850496E+19
    2.57729120E+19
    2.57595290E+19
    2.57449067E+19
    2.57290508E+19
    2.57119673E+19
    2.56936619E+19
    2.56741405E+19
    2.56534084E+19
    2.56314729E+19
    2.56083325E+19
    2.55840534E+19
    2.55587815E+19
    2.55325927E+19
    2.55055095E+19
    2.54775631E+19
    2.54487818E+19
    2.54191955E+19
    2.53888317E+19
    2.53577323E+19
    2.53259582E+19
    2.52935558E+19
    2.52605567E+19
    2.52269952E+19
    2.51929046E+19
    2.51583204E+19
    2.51232847E+19
    2.50878374E+19
    2.50520128E+19
    2.50158461E+19
    2.49793728E+19
    2.49426196E+19
    2.49056138E+19
    2.48683910E+19
    2.48309871E+19
    2.47934281E+19
    2.47557272E+19
    2.47179090E+19
    2.46800092E+19
    2.46420533E+19
    2.46040439E+19
    2.45659939E+19
    2.45279403E+19
    2.44898963E+19
    2.44518552E+19
    2.44138306E+19
    2.43758600E+19
    2.43379309E+19
    2.43000253E+19
    2.42621806E+19
    2.42243948E+19
    2.41866460E+19
    2.41489496E+19
    2.41113110E+19
    2.40737035E+19
    2.40361304E+19
    2.39985957E+19
    2.39610681E+19
    2.39235490E+19
    2.38860322E+19
    2.38484822E+19
    2.38109080E+19
    2.37732850E+19
    2.37355765E+19
    2.36977917E+19
    2.36598933E+19
    2.36218611E+19
    2.35836817E+19
    2.35453155E+19
    2.35067574E+19
    2.34679699E+19
    2.34289295E+19
    2.33896128E+19
    2.33499809E+19
    2.33100187E+19
    2.32696872E+19
    2.32289661E+19
    2.31878184E+19
    2.31462188E+19
    2.31041332E+19
    2.30615270E+19
    2.30183722E+19
    2.29746322E+19
    2.29302785E+19
    2.28852750E+19
    2.28395909E+19
    2.27931913E+19
    2.27460433E+19
    2.26981128E+19
    2.26493655E+19
    2.25997677E+19
    2.25492843E+19
    2.24978819E+19
    2.24455252E+19
    2.23921776E+19
    2.23378069E+19
    2.22823743E+19
    2.22258492E+19
    2.21681925E+19
    2.21093732E+19
    2.20493524E+19
    2.19880984E+19
    2.19255739E+19
    2.18617402E+19
    2.17965663E+19
    2.17300126E+19
    2.16620475E+19
    2.15926327E+19
    2.15217302E+19
    2.14493074E+19
    2.13753250E+19
    2.12997484E+19
    2.12225411E+19
    2.11436635E+19
    2.10630821E+19
    2.09807584E+19
    2.08966529E+19
    2.08107313E+19
    2.07229542E+19
    2.06332822E+19
    2.05416796E+19
    2.04481067E+19
    2.03525238E+19
    2.02548934E+19
    2.01551760E+19
    2.00533315E+19
    1.99493207E+19
    1.98431038E+19
    1.97346406E+19
    1.96238911E+19
    1.95108148E+19
    1.93953712E+19
    1.92775203E+19
    1.91572218E+19
    1.90344346E+19
    1.89091185E+19
    1.87812351E+19
    1.86507441E+19
    1.85176079E+19
    1.83817787E+19
    1.82432516E+19
    1.81018854E+19
    1.79582787E+19
    1.78139730E+19
    1.76770479E+19
    1.75513975E+19
    1.74276708E+19
    1.72974064E+19
    1.71585167E+19
    1.70115494E+19
    1.68565644E+19
    1.66937989E+19
    1.65235569E+19
    1.63461245E+19
    1.61617686E+19
    1.59707560E+19
    1.57733029E+19
    1.55696877E+19
    1.53603092E+19
    1.51456062E+19
    1.49257407E+19
    1.47023540E+19
    1.44806626E+19
    1.42661611E+19
    1.40576237E+19
    1.38489384E+19
    1.36375714E+19
    1.34238285E+19
    1.32077163E+19
    1.29893120E+19
    1.27686926E+19
    1.25459523E+19
    1.23212030E+19
    1.20945784E+19
    1.18662381E+19
    1.16363727E+19
    1.14052098E+19
    1.11730205E+19
    1.09401276E+19
    1.07069149E+19
    1.04738384E+19
    1.02414392E+19
    1.00103582E+19
    9.78135448E+18
    9.55532518E+18
    9.33332985E+18
    9.11661796E+18
    8.90666065E+18
    8.70518735E+18
    8.51422588E+18
    8.33614898E+18
    8.17364767E+18
    8.02939297E+18
    7.90536349E+18
    7.80230885E+18
    7.71932779E+18
    7.65371451E+18
    7.60101596E+18
    7.55483756E+18
    7.50660385E+18
    7.44528751E+18
    7.35701373E+18
    7.22439887E+18
    7.02443882E+18
    6.72232872E+18
    6.24996145E+18
    5.52138635E+18
    4.52094376E+18
    3.38410641E+18
    2.32398857E+18
    1.48733661E+18
    8.71619221E+17
    1.50000000E+00
    1.50000000E+00
    1.50000000E+00
    1.50000000E+00
    1.50000000E+00
    1.50000000E+00
    1.50000000E+00
    1.50000000E+00
    1.50000000E+00
    1.50000000E+00
    1.50000000E+00
    1.50000000E+00
    1.50000000E+00
    1.50000000E+00
    1.50000000E+00
    1.50000000E+00
    1.50000000E+00
    1.50000000E+00
    1.50000000E+00
    1.50000000E+00
    1.50000000E+00
    1.50000000E+00
    1.50000000E+00
    1.50000000E+00
    1.50000000E+00
    1.50000000E+00
    1.50000000E+00
    1.50000000E+00
    1.50000000E+00
    1.50000000E+00
    1.50000000E+00
    1.50000000E+00
    1.50000000E+00
    1.50000000E+00
    1.50000000E+00
    1.50000000E+00
    1.50000000E+00
    1.50000000E+00
    1.50000000E+00
    1.50000000E+00
    1.50000000E+00
    1.50000000E+00
    1.50000000E+00
    1.50000000E+00
    1.50000000E+00
    1.50000000E+00
    1.50000000E+00
    1.50000000E+00
    1.50000000E+00
    1.50000000E+00
    1.50000000E+00
    1.50000000E+00
    1.50000000E+00
    1.50000000E+00
    1.50000000E+00
    1.50000000E+00
    1.50000000E+00
    1.50000000E+00
    1.50000000E+00
    1.50000000E+00
    1.50000000E+00
    1.50000000E+00
    1.50000000E+00
    1.50000000E+00
    1.50000000E+00
    1.50000000E+00
    1.50000000E+00
    1.50000000E+00
    1.50000000E+00
    1.50000000E+00
    1.50000000E+00
    1.50000000E+00
    1.50000000E+00
    1.50000000E+00
    1.50000000E+00
    1.50000000E+00
    1.50000000E+00
    1.50000000E+00
    1.50000000E+00
    1.50000000E+00
    1.50000000E+00
    1.50000000E+00
    1.50000000E+00
    1.50000000E+00
    1.50000000E+00
    1.50000000E+00
    1.50000000E+00
    1.50000000E+00
    1.50000000E+00
    1.50000000E+00
    1.50000000E+00
    1.50000000E+00
    1.50000000E+00
    1.50000000E+00
    1.50000000E+00
    1.50000000E+00
    1.50000000E+00
    1.50000000E+00
    1.50000000E+00
    1.50000000E+00
    1.50000000E+00
    1.50000000E+00
    1.50000000E+00
    1.50000000E+00
    1.50000000E+00
    1.50000000E+00
    1.50000000E+00
    1.50000000E+00
    1.50000000E+00
    1.50000000E+00
    1.50000000E+00
    1.50000000E+00
    1.50000000E+00
    1.50000000E+00
    1.50000000E+00
    1.50000000E+00
    1.50000000E+00
    1.50000000E+00
    1.50000000E+00
    1.50000000E+00
    1.50000000E+00
    1.50000000E+00
    1.50000000E+00
    1.50000000E+00
    1.50000000E+00
    1.50000000E+00
    1.50000000E+00
    1.50000000E+00
    1.50000000E+00
    1.50000000E+00
    1.50000000E+00
    1.50000000E+00
    1.50000000E+00
    1.50000000E+00
    1.50000000E+00
    1.50000000E+00
    1.50000000E+00
    1.50000000E+00
    1.50000000E+00
    1.50000000E+00
    1.50000000E+00
    1.50000000E+00
    1.50000000E+00
    1.50000000E+00
    1.50000000E+00
    1.50000000E+00
    1.50000000E+00
    1.50000000E+00
    1.50000000E+00
    1.50000000E+00
    1.50000000E+00
    1.50000000E+00
    1.50000000E+00
    1.50000000E+00
    1.50000000E+00
    1.50000000E+00
    1.50000000E+00
    1.50000000E+00
    1.50000000E+00
    1.50000000E+00
    1.50000000E+00
    1.50000000E+00
    1.50000000E+00
    1.50000000E+00
    1.50000000E+00
    1.50000000E+00
    1.50000000E+00
    1.50000000E+00
    1.50000000E+00
    1.50000000E+00
    1.50000000E+00
    1.50000000E+00
    1.50000000E+00
    1.50000000E+00
    1.50000000E+00
    1.50000000E+00
    1.50000000E+00
    1.50000000E+00
    1.50000000E+00
    1.50000000E+00
    1.50000000E+00
    1.50000000E+00
    1.50000000E+00
    1.50000000E+00
    1.50000000E+00
    1.50000000E+00
    1.50000000E+00
    1.50000000E+00
    1.50000000E+00
    1.50000000E+00
    1.50000000E+00
    1.50000000E+00
    1.50000000E+00
    1.50000000E+00
    1.50000000E+00
    1.50000000E+00
    1.50000000E+00
    1.50000000E+00
    1.50000000E+00
    1.50000000E+00
    1.50000000E+00
    1.50000000E+00
    1.50000000E+00
    1.50000000E+00
    1.50000000E+00
    1.50000000E+00
    1.50000000E+00
    1.50000000E+00
    1.50000000E+00
    1.50000000E+00
    1.50000000E+00
    1.50000000E+00
    1.50000000E+00
    1.50000000E+00
    1.50000000E+00
    1.50000000E+00
    1.50000000E+00
    1.50000000E+00
    1.50000000E+00
    1.50000000E+00
    1.50000000E+00
    2.58372399E+03
    2.58370242E+03
    2.58363793E+03
    2.58353070E+03
    2.58338092E+03
    2.58318881E+03
    2.58295453E+03
    2.58267828E+03
    2.58236022E+03
    2.58200054E+03
    2.58159940E+03
    2.58115694E+03
    2.58067334E+03
    2.58014873E+03
    2.57958326E+03
    2.57897707E+03
    2.57833029E+03
    2.57764303E+03
    2.57691548E+03
    2.57614751E+03
    2.57534126E+03
    2.57450148E+03
    2.57363066E+03
    2.57272946E+03
    2.57179887E+03
    2.57083976E+03
    2.56985307E+03
    2.56883965E+03
    2.56780083E+03
    2.56673860E+03
    2.56565444E+03
    2.56454936E+03
    2.56342445E+03
    2.56228078E+03
    2.56111949E+03
    2.55994195E+03
    2.55874945E+03
    2.55754312E+03
    2.55632409E+03
    2.55509354E+03
    2.55385232E+03
    2.55260133E+03
    2.55134175E+03
    2.55007476E+03
    2.54880124E+03
    2.54752161E+03
    2.54623668E+03
    2.54494765E+03
    2.54365539E+03
    2.54235997E+03
    2.54106182E+03
    2.53976220E+03
    2.53846156E+03
    2.53715966E+03
    2.53585697E+03
    2.53455477E+03
    2.53325264E+03
    2.53194996E+03
    2.53064801E+03
    2.52934673E+03
    2.52804536E+03
    2.52674445E+03
    2.52544416E+03
    2.52414360E+03
    2.52284286E+03
    2.52154209E+03
    2.52024021E+03
    2.51893725E+03
    2.51763300E+03
    2.51632623E+03
    2.51501723E+03
    2.51370514E+03
    2.51238868E+03
    2.51106814E+03
    2.50974222E+03
    2.50841018E+03
    2.50707155E+03
    2.50572490E+03
    2.50437003E+03
    2.50300560E+03
    2.50163075E+03
    2.50024461E+03
    2.49884578E+03
    2.49743368E+03
    2.49600688E+03
    2.49456462E+03
    2.49310553E+03
    2.49162866E+03
    2.49013271E+03
    2.48861640E+03
    2.48707865E+03
    2.48551808E+03
    2.48393357E+03
    2.48232376E+03
    2.48068742E+03
    2.47902321E+03
    2.47732984E+03
    2.47560594E+03
    2.47385016E+03
    2.47206116E+03
    2.47023750E+03
    2.46837783E+03
    2.46648071E+03
    2.46454463E+03
    2.46256824E+03
    2.46054993E+03
    2.45848837E+03
    2.45638192E+03
    2.45422921E+03
    2.45202857E+03
    2.44977857E+03
    2.44747756E+03
    2.44512383E+03
    2.44271594E+03
    2.44025208E+03
    2.43773075E+03
    2.43515016E+03
    2.43250851E+03
    2.42980420E+03
    2.42703533E+03
    2.42420016E+03
    2.42129684E+03
    2.41832340E+03
    2.41527804E+03
    2.41215876E+03
    2.40896350E+03
    2.40569032E+03
    2.40233710E+03
    2.39890165E+03
    2.39538189E+03
    2.39177555E+03
    2.38808031E+03
    2.38429389E+03
    2.38041389E+03
    2.37643782E+03
    2.37236318E+03
    2.36818741E+03
    2.36390785E+03
    2.35952178E+03
    2.35502641E+03
    2.35041890E+03
    2.34569631E+03
    2.34085565E+03
    2.33589379E+03
    2.33080758E+03
    2.32559384E+03
    2.32024921E+03
    2.31477035E+03
    2.30915340E+03
    2.30339617E+03
    2.29749067E+03
    2.29145985E+03
    2.28536704E+03
    2.27955520E+03
    2.27419532E+03
    2.26889231E+03
    2.26328177E+03
    2.25726846E+03
    2.25086981E+03
    2.24408183E+03
    2.23690792E+03
    2.22935416E+03
    2.22142565E+03
    2.21312646E+03
    2.20446042E+03
    2.19542887E+03
    2.18603578E+03
    2.17629059E+03
    2.16620472E+03
    2.15577655E+03
    2.14507542E+03
    2.13434727E+03
    2.12386178E+03
    2.11356608E+03
    2.10316012E+03
    2.09251279E+03
    2.08163274E+03
    2.07051342E+03
    2.05915163E+03
    2.04754390E+03
    2.03568744E+03
    2.02358022E+03
    2.01122121E+03
    1.99861070E+03
    1.98575066E+03
    1.97264521E+03
    1.95930116E+03
    1.94572871E+03
    1.93194223E+03
    1.91796128E+03
    1.90381185E+03
    1.88952774E+03
    1.87515239E+03
    1.86074090E+03
    1.84636254E+03
    1.83210364E+03
    1.81807091E+03
    1.80439527E+03
    1.79123598E+03
    1.77878518E+03
    1.76726693E+03
    1.75691275E+03
    1.74791016E+03
    1.74035776E+03
    1.73422774E+03
    1.72934939E+03
    1.72541092E+03
    1.72194467E+03
    1.71830895E+03
    1.71366444E+03
    1.70693277E+03
    1.69671721E+03
    1.68107364E+03
    1.65686229E+03
    1.61750049E+03
    1.55267580E+03
    1.45355177E+03
    1.32105659E+03
    1.16697651E+03
    1.00716345E+03
    8.44331015E+02
    2.32535159E+19
    2.32529277E+19
    2.32511688E+19
    2.32482447E+19
    2.32441609E+19
    2.32389231E+19
    2.32325370E+19
    2.32250082E+19
    2.32163422E+19
    2.32065446E+19
    2.31956208E+19
    2.31835761E+19
    2.31704160E+19
    2.31561458E+19
    2.31407706E+19
    2.31242958E+19
    2.31067265E+19
    2.30880676E+19
    2.30683256E+19
    2.30474993E+19
    2.30256481E+19
    2.30029034E+19
    2.29793334E+19
    2.29549586E+19
    2.29298068E+19
    2.29039036E+19
    2.28772759E+19
    2.28499486E+19
    2.28219591E+19
    2.27933624E+19
    2.27642002E+19
    2.27345011E+19
    2.27042957E+19
    2.26736141E+19
    2.26424884E+19
    2.26109562E+19
    2.25790536E+19
    2.25468115E+19
    2.25142615E+19
    2.24814355E+19
    2.24483577E+19
    2.24150524E+19
    2.23815519E+19
    2.23478884E+19
    2.23140853E+19
    2.22801545E+19
    2.22461181E+19
    2.22120083E+19
    2.21778479E+19
    2.21436395E+19
    2.21093946E+19
    2.20751463E+19
    2.20409066E+19
    2.20066697E+19
    2.19724475E+19
    2.19382740E+19
    2.19041378E+19
    2.18700228E+19
    2.18359626E+19
    2.18019553E+19
    2.17679814E+19
    2.17340546E+19
    2.17001799E+19
    2.16663331E+19
    2.16325174E+19
    2.15987362E+19
    2.15649613E+19
    2.15311941E+19
    2.14974290E+19
    2.14636340E+19
    2.14298172E+19
    2.13959565E+19
    2.13620189E+19
    2.13280125E+19
    2.12939040E+19
    2.12596750E+19
    2.12253135E+19
    2.11907839E+19
    2.11560817E+19
    2.11211729E+19
    2.10860366E+19
    2.10506515E+19
    2.10149828E+19
    2.09790168E+19
    2.09427185E+19
    2.09060695E+19
    2.08690366E+19
    2.08315970E+19
    2.07937199E+19
    2.07553743E+19
    2.07165350E+19
    2.06771690E+19
    2.06372506E+19
    2.05967475E+19
    2.05556318E+19
    2.05138722E+19
    2.04714390E+19
    2.04283015E+19
    2.03844289E+19
    2.03397909E+19
    2.02943559E+19
    2.02480937E+19
    2.02009727E+19
    2.01529598E+19
    2.01040262E+19
    2.00541369E+19
    2.00032643E+19
    1.99513733E+19
    1.98984359E+19
    1.98444172E+19
    1.97892886E+19
    1.97330165E+19
    1.96755662E+19
    1.96169097E+19
    1.95570114E+19
    1.94958427E+19
    1.94333694E+19
    1.93695572E+19
    1.93043767E+19
    1.92377925E+19
    1.91697736E+19
    1.91002870E+19
    1.90292971E+19
    1.89567739E+19
    1.88826826E+19
    1.88069876E+19
    1.87296581E+19
    1.86506587E+19
    1.85699540E+19
    1.84875117E+19
    1.84032961E+19
    1.83172715E+19
    1.82294041E+19
    1.81396584E+19
    1.80479983E+19
    1.79543886E+19
    1.78587934E+19
    1.77611766E+19
    1.76615020E+19
    1.75597333E+19
    1.74558341E+19
    1.73497683E+19
    1.72414997E+19
    1.71309911E+19
    1.70182066E+19
    1.69031116E+19
    1.67856697E+19
    1.66658472E+19
    1.65436009E+19
    1.64189265E+19
    1.62916969E+19
    1.61624508E+19
    1.60325757E+19
    1.59093431E+19
    1.57962578E+19
    1.56849038E+19
    1.55676658E+19
    1.54426650E+19
    1.53103945E+19
    1.51709080E+19
    1.50244190E+19
    1.48712012E+19
    1.47115120E+19
    1.45455917E+19
    1.43736804E+19
    1.41959726E+19
    1.40127189E+19
    1.38242783E+19
    1.36310456E+19
    1.34331666E+19
    1.32321186E+19
    1.30325963E+19
    1.28395450E+19
    1.26518613E+19
    1.24640446E+19
    1.22738143E+19
    1.20814457E+19
    1.18869447E+19
    1.16903808E+19
    1.14918234E+19
    1.12913571E+19
    1.10890827E+19
    1.08851205E+19
    1.06796142E+19
    1.04727355E+19
    1.02646889E+19
    1.00557185E+19
    9.84611484E+18
    9.63622342E+18
    9.42645460E+18
    9.21729526E+18
    9.00932240E+18
    8.80321903E+18
    8.59979266E+18
    8.39999687E+18
    8.20495616E+18
    8.01599458E+18
    7.83466862E+18
    7.66280330E+18
    7.50253408E+18
    7.35628291E+18
    7.22645367E+18
    7.11482714E+18
    7.02207797E+18
    6.94739501E+18
    6.88834306E+18
    6.84091437E+18
    6.79935380E+18
    6.75594346E+18
    6.70075876E+18
    6.62131236E+18
    6.50195898E+18
    6.32199493E+18
    6.05009585E+18
    5.62496530E+18
    4.96924772E+18
    4.06884938E+18
    3.04569577E+18
    2.09158971E+18
    1.33860295E+18
    7.84457299E+17
