  WARNING:  'chease_input.xml' file missing,
             now will see if namelist given in file: 'chease_namelist'
 
 
 
 
 
 
 
 
 
 

 &EQDATA                                                                         
 

  RELAX= 0.,  NDIAGOP= 1,  NBSEXPQ=0000,                                         
 

  NPROPT=2,                                                                      
 

  NIDEAL=9,                                                                      
  namelist read from file chease_namelist
 nitmshot=           -1          -1
 NITMOPT=            0
 NITMSHOT=           -1          -1
 equilibrium not taken from ITM structure, thus eqchease_in not allocated
  parameters not associated
 NITMOPT =            0

 CPU TIME USED SO FAR =  7.200000E-05 SECS



 ******************

 NAMELIST VARIABLES

 ******************


&EQDATA
 AFBS= 15*0.0000000000000000       ,
 AFBS2= 15*0.0000000000000000       ,
 AP= 0.10000000000000001     , 0.50000000000000000     , 13*0.0000000000000000       ,
 APLACE= 10*0.0000000000000000       ,
 AP2= 0.10000000000000001     , 0.50000000000000000     , 13*0.0000000000000000       ,
 ASPCT= 0.74459865004865045     ,
 AT= 0.10000000000000001     , 0.50000000000000000     , 13*0.0000000000000000       ,
 AT2= 0.10000000000000001     , 0.50000000000000000     , 13*0.0000000000000000       ,
 AT3= 0.10000000000000001     , 0.50000000000000000     , 13*0.0000000000000000       ,
 AT4= 0.10000000000000001     , 0.50000000000000000     , 13*0.0000000000000000       ,
 AWIDTH= 10*0.0000000000000000       ,
 BEANS=  0.0000000000000000     ,
 BENTAXIS=  1.0149999999999999     ,
 BENTQPROFILE=  0.0000000000000000     ,
 BENTRADIUS= 0.50000000000000000     ,
 BPLACE= 10*0.0000000000000000       ,
 BSFRAC= 0.50000000000000000     ,
 BWIDTH= 10*0.0000000000000000       ,
 B0EXP= 0.47550937999999998     ,
 CETA=  0.0000000000000000     ,
 CFBAL=  1.0000000000000000     ,
 CFNRESS=  1.0000000000000000     ,
 CFNRESSO=  1.0000000000000000     ,
 COCOS_IN=2          ,
 COCOS_OUT=2          ,
 CPLACE= 0.94999999999999996     , 0.98999999999999999     ,  1.0000000000000000     , 7*0.0000000000000000       ,
 CPRESS=  1.0000000000000000     ,
 CPRESSO=  1.0000000000000000     ,
 CQ0= 0.75000000000000000     ,
 CSSPEC=  0.0000000000000000     ,
 CURRT=  2.3439609694231778     ,
 CWIDTH= 0.10000000000000001     ,  2.0000000000000000E-002,  5.0000000000000003E-002, 7*0.0000000000000000       ,
 DELTA=  0.0000000000000000     ,
 DPLACE= 10*0.0000000000000000       ,
 DWIDTH= 10*0.0000000000000000       ,
 ELONG=  1.0000000000000000     ,
 EPLACE= 10*0.0000000000000000       ,
 ETAEI= 0.33000000000000002     ,
 EWIDTH= 10*0.0000000000000000       ,
 EPSLON=  1.0000000000000000E-010,
 GAMMA=  1.6666666667000001     ,
 PANGLE=  0.0000000000000000     ,
 PPRIME_BAL_MAX=  6.0000000000000000     ,
 PREDGE=  1.3104599258641780E-003,
 PSIBNDEXP= -9.0000000000000006E+040,
 PSISCL=  1.0000000000000000     ,
 QSPEC=  1.2000000000000000     ,
 QPLACE= 10*0.0000000000000000       ,
 QWIDTH= 10*0.0000000000000000       ,
 QVALNEO=  0.0000000000000000     ,  1.0000000000000000     ,  1.5000000000000000     ,  2.0000000000000000     ,  3.0000000000000000     ,
   4.0000000000000000     , 4*0.0000000000000000       ,
 RBOXLEN=  2.1400000000000001     ,
 RBOXLFT=  1.0000000000000000E-002,
 RC=  1.0000000000000000     ,
 RELAX=  0.0000000000000000     ,
 REXT=  1.0000000000000000     ,
 RNU=  0.0000000000000000     ,
 RODABYROD0=  1.0000000000000000     ,
 RPEOP= 0.50000000000000000     ,
 RZION=  1.5000000000000000     ,
 RZ0= -9.9415922958620673E-002,
 RZ0C=  0.0000000000000000     ,
 RZ0W=  0.0000000000000000     ,
 R0=  1.1126960082352941     ,
 R0EXP= 0.84999999999999998     ,
 R0W=  1.0000000000000000     ,
 SCALNE=  0.0000000000000000     ,
 SCEXP=  1.0000000000000000     ,
 SIGNB0XP= -1.0000000000000000     ,
 SIGNIPXP=  1.0000000000000000     ,
 SGMA=  0.0000000000000000     ,
 SLIMIT=  100000.00000000000     ,
 SNUMBER=  10000000.000000000     ,
 SOLPDA=  0.0000000000000000     ,
 SOLPDB=  0.0000000000000000     ,
 SOLPDC= 0.69999999999999996     ,
 SOLPDD=  0.0000000000000000     ,
 SOLPDE=  0.0000000000000000     ,
 SOLPDPOL= 0.25000000000000000     ,
 SHIFT_P=0          ,
 TENSPROF=  0.0000000000000000     ,
 TENSBND=-0.29999999999999999     ,
 THETA0=  0.0000000000000000     ,
 TIME_REF= 20*-999.00000000000000      ,
 TREEITM= 2*"euitm                                                                                                                   ",
 TREE_USER= 2*"joeschm                         ",
 TREE_TOKAMAK= 2*"test                            ",
 TREE_MAJORVERSION= 2*"3",
 TRIANG=  0.0000000000000000     ,
 TRIPLT=  0.0000000000000000     ,
 XI=  0.0000000000000000     ,
 ZBOXLEN=  4.4000000000000004     ,
 ZBOXMID=  0.0000000000000000     ,
 MDT=1          ,
 MSMAX=1          ,
 N0JEDGE=0          ,
 NANAL=0          ,
 NBAL=1          ,
 NBLC0=16         ,
 NBLOPT=0          ,
 NBPSOUT=300        ,
 NBSEXPQ=0          ,
 NBSFUN=1          ,
 NBSOPT=0          ,
 NBSTRP=1          ,
 NCHI=220        ,
 NCSCAL=1          ,
 NDIAGOP=1          ,
 NDIFPS=0          ,
 NDIFT=1          ,
 NEGP=0          ,
 NEONBQS=7          ,
 NEQDSK=1          ,
 NER=2          ,
 NIDSBOUND=0          ,
 NITMOCC= 2*0          ,
 NITMOPT=0          ,
 NITMRUN= 2*-1         ,
 NITMSHOT= 2*-1         ,
 NFFTOPT=1          ,
 NFIXAXIS=0          ,
 NFIXWALL=1          ,
 NFUNC=4          ,
 NFUNRHO=0          ,
 NIDEAL=9          ,
 NINBLOPT=20         ,
 NINMAP=40         ,
 NINSCA=40         ,
 NIPR=1          ,
 NISO=220        ,
 NMESHA=0          ,
 NMESHB=0          ,
 NMESHC=1          ,
 NMESHD=0          ,
 NMESHE=0          ,
 NMESHPOL=0          ,
 NMESHPOLEXP=6          ,
 NMGAUS=4          ,
 NOPT=0          ,
 NOUTXTOR=0          ,
 NPLOT=0          ,
 NPOIDA=0          ,
 NPOIDB=0          ,
 NPOIDC=2          ,
 NPOIDD=0          ,
 NPOIDE=0          ,
 NPOIDQ=0          ,
 NPP=1          ,
 NPPFUN=4          ,
 NPPR=24         ,
 NPROF2D=0          ,
 NPROFZ=0          ,
 NPROPT=2          ,
 NPRPSI=0          ,
 NPSI=220        ,
 NRBOX=513        ,
 NRBOX_XTOR= 10*401        ,
 NRFP=0          ,
 NRHOMESH=0          ,
 NRSCAL=0          ,
 NS=60         ,
 NSGAUS=4          ,
 NSMOOTH=1          ,
 NSOUR=2          ,
 NSTTP=1          ,
 NSURF=6          ,
 NSYM=0          ,
 NT=60         ,
 NTCASE=0          ,
 NTGAUS=4          ,
 NTEST=0          ,
 NTMF0=0          ,
 NTNOVA=12         ,
 NTURN=20         ,
 NV=60         ,
 NVEXP=0          ,
 NZBOX=513        ,
 NZBOX_XTOR= 10*401        ,
 NEQDXTPO=1          ,
 NVERBOSE=1          ,
 COMMENTS="&EQDATA                                                                                                                 "," RELAX= 0.,  NDIAGOP= 1,  NBSEXPQ=0000,                                                                                 "," NPROPT=2,                                                                                                              "," NIDEAL=9,                                                                                                              ",
 /


  NS =   40     NT =   40     NPSI =  220     NCHI =  220     NINSCA =   40
 
 SIGMA - MESH
    0.0000E+00   3.5198E-02   7.0357E-02   1.0547E-01   1.4053E-01   1.7554E-01   2.1048E-01   2.4535E-01
    2.8014E-01   3.1483E-01   3.4941E-01   3.8387E-01   4.1817E-01   4.5229E-01   4.8620E-01   5.1986E-01
    5.5322E-01   5.8621E-01   6.1874E-01   6.5072E-01   6.8202E-01   7.1247E-01   7.4189E-01   7.7005E-01
    7.9671E-01   8.2166E-01   8.4473E-01   8.6584E-01   8.8504E-01   9.0244E-01   9.1822E-01   9.3250E-01
    9.4524E-01   9.5632E-01   9.6562E-01   9.7321E-01   9.7945E-01   9.8481E-01   9.8973E-01   9.9465E-01
    1.0000E+00
 
 THETA - MESH
   -2.0772E-01   1.8763E-01   5.3467E-01   8.2648E-01   1.0669E+00   1.2634E+00   1.4246E+00   1.5578E+00
    1.6686E+00   1.7610E+00   1.8397E+00   1.9098E+00   1.9770E+00   2.0458E+00   2.1195E+00   2.2010E+00
    2.2926E+00   2.3971E+00   2.5167E+00   2.6535E+00   2.8077E+00   2.9765E+00   3.1543E+00   3.3326E+00
    3.5030E+00   3.6594E+00   3.7988E+00   3.9213E+00   4.0284E+00   4.1222E+00   4.2049E+00   4.2784E+00
    4.3465E+00   4.4194E+00   4.5124E+00   4.6370E+00   4.8026E+00   5.0216E+00   5.3088E+00   5.6695E+00
    6.0755E+00
 
 RHOS - MESH
    5.6722E-01   5.9751E-01   6.4861E-01   7.1129E-01   7.8792E-01   8.7089E-01   9.5993E-01   1.0541E+00
    1.1552E+00   1.2622E+00   1.3597E+00   1.4168E+00   1.4194E+00   1.3821E+00   1.3224E+00   1.2512E+00
    1.1750E+00   1.0980E+00   1.0248E+00   9.6006E-01   9.0889E-01   8.7543E-01   8.6300E-01   8.7279E-01
    9.0335E-01   9.5195E-01   1.0138E+00   1.0844E+00   1.1600E+00   1.2379E+00   1.3160E+00   1.3928E+00
    1.4318E+00   1.3013E+00   1.1182E+00   9.6837E-01   8.4165E-01   7.3213E-01   6.4113E-01   5.8002E-01
    5.6722E-01



 *****************************************

 POSITION OF THE CALCULATION MESH CENTER : R0 =   1.11269601E+00   Z0 =  -9.94159230E-02

 *****************************************
 

 CPU TIME USED SO FAR =  5.681180E-01 SECS


  NS =   60     NT =   60     NPSI =  220     NCHI =  220     NINSCA =   40
 
 SIGMA - MESH
    0.0000E+00   2.3470E-02   4.6922E-02   7.0357E-02   9.3771E-02   1.1716E-01   1.4053E-01   1.6388E-01
    1.8720E-01   2.1048E-01   2.3374E-01   2.5696E-01   2.8014E-01   3.0328E-01   3.2637E-01   3.4941E-01
    3.7240E-01   3.9532E-01   4.1817E-01   4.4094E-01   4.6362E-01   4.8620E-01   5.0867E-01   5.3102E-01
    5.5322E-01   5.7526E-01   5.9711E-01   6.1874E-01   6.4013E-01   6.6124E-01   6.8202E-01   7.0243E-01
    7.2240E-01   7.4189E-01   7.6081E-01   7.7911E-01   7.9671E-01   8.1355E-01   8.2957E-01   8.4473E-01
    8.5902E-01   8.7245E-01   8.8504E-01   8.9683E-01   9.0787E-01   9.1822E-01   9.2790E-01   9.3691E-01
    9.4524E-01   9.5283E-01   9.5963E-01   9.6562E-01   9.7085E-01   9.7542E-01   9.7945E-01   9.8309E-01
    9.8647E-01   9.8973E-01   9.9298E-01   9.9637E-01   1.0000E+00
 
 THETA - MESH
   -1.3040E-01   1.2837E-01   3.7889E-01   6.1378E-01   8.2725E-01   1.0159E+00   1.1800E+00   1.3217E+00
    1.4437E+00   1.5489E+00   1.6397E+00   1.7183E+00   1.7865E+00   1.8466E+00   1.9010E+00   1.9522E+00
    2.0024E+00   2.0534E+00   2.1066E+00   2.1629E+00   2.2234E+00   2.2887E+00   2.3598E+00   2.4373E+00
    2.5220E+00   2.6143E+00   2.7144E+00   2.8217E+00   2.9351E+00   3.0529E+00   3.1726E+00   3.2916E+00
    3.4073E+00   3.5174E+00   3.6207E+00   3.7163E+00   3.8040E+00   3.8841E+00   3.9572E+00   4.0238E+00
    4.0848E+00   4.1408E+00   4.1923E+00   4.2399E+00   4.2841E+00   4.3255E+00   4.3652E+00   4.4059E+00
    4.4512E+00   4.5043E+00   4.5670E+00   4.6407E+00   4.7268E+00   4.8274E+00   4.9450E+00   5.0828E+00
    5.2446E+00   5.4342E+00   5.6527E+00   5.8957E+00   6.1528E+00
 
 RHOS - MESH
    5.8615E-01   5.9074E-01   6.0557E-01   6.3003E-01   6.6666E-01   7.1347E-01   7.6694E-01   8.2630E-01
    8.9041E-01   9.5863E-01   1.0312E+00   1.1084E+00   1.1874E+00   1.2600E+00   1.3134E+00   1.3387E+00
    1.3374E+00   1.3166E+00   1.2831E+00   1.2420E+00   1.1963E+00   1.1485E+00   1.0999E+00   1.0522E+00
    1.0068E+00   9.6524E-01   9.2894E-01   8.9968E-01   8.7847E-01   8.6642E-01   8.6405E-01   8.7182E-01
    8.8912E-01   9.1517E-01   9.4888E-01   9.8912E-01   1.0343E+00   1.0830E+00   1.1342E+00   1.1868E+00
    1.2402E+00   1.2937E+00   1.3468E+00   1.3993E+00   1.4512E+00   1.4975E+00   1.5169E+00   1.4649E+00
    1.3565E+00   1.2459E+00   1.1481E+00   1.0611E+00   9.8189E-01   9.0894E-01   8.4033E-01   7.7573E-01
    7.1544E-01   6.6176E-01   6.2000E-01   5.9437E-01   5.8615E-01



 *****************************************

 POSITION OF THE CALCULATION MESH CENTER : R0 =   1.11251725E+00   Z0 =  -9.40914209E-03

 *****************************************
 

 CPU TIME USED SO FAR =  1.927864E+00 SECS

 BEFORE MAPPING: 

 CPU TIME USED SO FAR =  2.074230E+00 SECS


 WARNING: SOME INPUT VALUES OF QVALNEO WERE OUT OF Q PROFILE, NEONBQS CHANGED FROM  7 TO  6

 I, WALLPOSR(I), WALLPOSZ(I), ZRMIN*R0EXP, ZRMAX*R0EXP, ZZMIN*R0EXP, ZZMAX*R0EXP=           11   1.3191999999999999        1.0397000000000001       0.21152143167001619        1.4447762966540203       -1.2210387656353980        1.0510289095960685     
 I, WALLPOSR(I), WALLPOSZ(I), ZRMIN*R0EXP, ZRMAX*R0EXP, ZZMIN*R0EXP, ZZMAX*R0EXP=           12   1.3358000000000001       0.99760000000000004       0.21152143167001619        1.4447762966540203       -1.2210387656353980        1.0510289095960685     
 I, WALLPOSR(I), WALLPOSZ(I), ZRMIN*R0EXP, ZRMAX*R0EXP, ZZMIN*R0EXP, ZZMAX*R0EXP=           26   1.3358000000000001      -0.99760000000000004       0.21152143167001619        1.4447762966540203       -1.2210387656353980        1.0510289095960685     
 I, WALLPOSR(I), WALLPOSZ(I), ZRMIN*R0EXP, ZRMAX*R0EXP, ZZMIN*R0EXP, ZZMAX*R0EXP=           27   1.3191999999999999       -1.0397000000000001       0.21152143167001619        1.4447762966540203       -1.2210387656353980        1.0510289095960685     
 I, WALLPOSR(I), WALLPOSZ(I), ZRMIN*R0EXP, ZRMAX*R0EXP, ZZMIN*R0EXP, ZZMAX*R0EXP=           35  0.27939999999999998       -1.1714000000000000       0.21152143167001619        1.4447762966540203       -1.2210387656353980        1.0510289095960685     

 AFTER MAPPING: 

 CPU TIME USED SO FAR =  1.613815E+01 SECS



 ******************************

 FINAL OUTPUT : PSI SOLUTION   

 VALUES ON (SIGMA, THETA) NODES

 ******************************

 SCALE                    =   9.88260859E-01

 PSI - MIN                =  -2.00029097E-01

 R OF MAGAXE              =   1.11253946E+00

 Z OF MAGAXE              =  -9.40212622E-03

 CHECK OF SOLUTION        =   9.47580182E-16

 POLOIDAL MAGNETIC ENERGY =   1.14372863E-01

 AFTER ERATO STUFF: 

 CPU TIME USED SO FAR =  1.660932E+01 SECS

 *************************************

 SOME QUANTITIES AND THEIR MKSA VALUES

 *************************************


    2.00029097E-01 abs(PSI-AXIS) --> [T M**2]    -6.87211019E-02
    1.11253946E+00 R OF MAGAXE --> [M]       9.45658542E-01
   -9.40212622E-03 Z OF MAGAXE --> [M]      -7.99180728E-03
   -9.40914209E-03 Z0 --> [M]      -7.99777077E-03
    8.50000000E-01 R0 [M] USED FOR CONVERTING TO MKSA
    4.75509380E-01 B0 [T] USED FOR CONVERTING TO MKSA
   -1.00000000E+00 SIGN OF B0 IN EXPERIMENT (CHEASE ASSUMES 1.0) 
    2.31545965E+00 TOTAL CURRENT --> [A]     7.44741179E+05
    1.00000000E+00 SIGN OF IP IN EXPERIMENT (CHEASE ASSUMES 1.0) 
    1.84278907E+00 b/a
    1.20000000E+00 Q_ZERO, USING SIGNS OF IP AND B0, WOULD GIVE:    -1.20000000E+00
    1.50186123E+01 Q_EDGE, USING SIGNS OF IP AND B0, WOULD GIVE:    -1.50186123E+01
    4.10421652E-01 POLOIDAL BETA
    6.77834160E-02 BETA_EXP=<P>*2*MU0/B0**2
    5.50302629E-01 LI
    7.34436009E-02 PRESSURE ON AXIS --> [Pa]     1.32148511E+04  --> [10**19 M**-3 KEV]:     8.24897073E+00
    4.19043957E-02 BETA
    4.84674580E-02 BETA* (SQRT(<P**2>))
    1.44540871E-01 BETA-AXIS=2p0/(T0/Rmag)^2;      with Rmag->Rgeo(LCFS):    1.10849355E-01
   -2.00029097E-01 PSI-AXIS --> [T M**2]    -6.87211019E-02
   -1.25681988E+00 2*PI*PSI-AXIS -->        -4.31787418E-01
   -2.00029097E-01 IP_SIGN*PSI-AXIS --> [T M**2]    -6.87211019E-02
   -1.25681988E+00 IP_SIGN*2*PI*PSI-AXIS -->        -4.31787418E-01
    1.34300522E+00 ASPECT RATIO ; a/R=     7.44598745E-01
    1.50106187E+01 VOLUME ->     9.21839621E+00
    2.69248133E+00 AREA   ->     1.94531776E+00
    3.51444514E+01 SURFACE   ->     2.53918661E+01
    6.47965869E+00 LENGTH ->     5.50770989E+00
    2.48835561E-01 RMIN -> RMIN [m]     2.11510227E-01
    1.69973627E+00 RMAX -> RMAX [m]     1.44477583E+00
   -1.43678521E+00 ZMIN -> ZMIN [m]    -1.22126743E+00
    1.23668158E+00 ZMAX -> ZMAX [m]     1.05117934E+00
    9.74285917E-01 RGEOM -> RGEOM [m]     8.28143030E-01
    7.25450356E-01 MINOR RADIUS -> A [m]     6.16632803E-01
git hash 9dcbf8a86934ee91d9d31924d30c81df343eef5e_branch_master
          30

 CPU TIME USED SO FAR =  1.730483E+01 SECS
